#
# There is insufficient memory for the Java Runtime Environment to continue.
# Native memory allocation (malloc) failed to allocate 131088 bytes for Chunk::new
# Possible reasons:
#   The system is out of physical RAM or swap space
#   The process is running with CompressedOops enabled, and the Java Heap may be blocking the growth of the native heap
# Possible solutions:
#   Reduce memory load on the system
#   Increase physical memory or swap space
#   Check if swap backing store is full
#   Decrease Java heap size (-Xmx/-Xms)
#   Decrease number of Java threads
#   Decrease Java thread stack sizes (-Xss)
#   Set larger code cache with -XX:ReservedCodeCacheSize=
#   JVM is running with Unscaled Compressed Oops mode in which the Java heap is
#     placed in the first 4GB address space. The Java Heap base address is the
#     maximum limit for the native heap growth. Please use -XX:HeapBaseMinAddress
#     to set the Java Heap base and to place the Java Heap above 4GB virtual address.
# This output file may be truncated or incomplete.
#
#  Out of Memory Error (allocation.cpp:390), pid=6320, tid=0x000000000000150c
#
# JRE version: Java(TM) SE Runtime Environment (8.0_201-b09) (build 1.8.0_201-b09)
# Java VM: Java HotSpot(TM) 64-Bit Server VM (25.201-b09 mixed mode windows-amd64 compressed oops)
# Failed to write core dump. Minidumps are not enabled by default on client versions of Windows
#

---------------  T H R E A D  ---------------

Current thread (0x000000001544b000):  JavaThread "C2 CompilerThread0" daemon [_thread_in_native, id=5388, stack(0x0000000016aa0000,0x0000000016ba0000)]

Stack: [0x0000000016aa0000,0x0000000016ba0000]
[error occurred during error reporting (printing stack bounds), id 0xc0000005]

Native frames: (J=compiled Java code, j=interpreted, Vv=VM code, C=native code)


Current CompileTask:
C2:  39869 3264   !   4       com.google.inject.spi.InjectionPoint::getInjectionPoints (489 bytes)


---------------  P R O C E S S  ---------------

Java Threads: ( => current thread )
  0x0000000016cc2800 JavaThread "Service Thread" daemon [_thread_blocked, id=8088, stack(0x00000000171a0000,0x00000000172a0000)]
  0x0000000016ca8800 JavaThread "C1 CompilerThread2" daemon [_thread_blocked, id=2956, stack(0x00000000170a0000,0x00000000171a0000)]
  0x000000001544e000 JavaThread "C2 CompilerThread1" daemon [_thread_in_native, id=2864, stack(0x0000000016ba0000,0x0000000016ca0000)]
=>0x000000001544b000 JavaThread "C2 CompilerThread0" daemon [_thread_in_native, id=5388, stack(0x0000000016aa0000,0x0000000016ba0000)]
  0x0000000015449000 JavaThread "Attach Listener" daemon [_thread_blocked, id=3200, stack(0x00000000169a0000,0x0000000016aa0000)]
  0x0000000015448000 JavaThread "Signal Dispatcher" daemon [_thread_blocked, id=5616, stack(0x00000000168a0000,0x00000000169a0000)]
  0x0000000002e6c800 JavaThread "Finalizer" daemon [_thread_blocked, id=4576, stack(0x00000000166a0000,0x00000000167a0000)]
  0x000000001542a000 JavaThread "Reference Handler" daemon [_thread_blocked, id=8032, stack(0x00000000165a0000,0x00000000166a0000)]
  0x0000000002d72800 JavaThread "main" [_thread_in_native, id=9376, stack(0x0000000002c70000,0x0000000002d70000)]

Other Threads:
  0x0000000015408000 VMThread [stack: 0x00000000164a0000,0x00000000165a0000] [id=5600]
  0x0000000016cb9800 WatcherThread [stack: 0x00000000172a0000,0x00000000173a0000] [id=5896]

VM state:not at safepoint (normal execution)

VM Mutex/Monitor currently owned by a thread: None

heap address: 0x00000000c1c00000, size: 996 MB, Compressed Oops mode: 32-bit
Narrow klass base: 0x0000000000000000, Narrow klass shift: 3
Compressed class space size: 1073741824 Address: 0x0000000100000000

Heap:
 PSYoungGen      total 21504K, used 14316K [0x00000000eb400000, 0x00000000ecf00000, 0x0000000100000000)
  eden space 15360K, 83% used [0x00000000eb400000,0x00000000ec078460,0x00000000ec300000)
  from space 6144K, 25% used [0x00000000ec300000,0x00000000ec482d40,0x00000000ec900000)
  to   space 6144K, 0% used [0x00000000ec900000,0x00000000ec900000,0x00000000ecf00000)
 ParOldGen       total 44032K, used 14229K [0x00000000c1c00000, 0x00000000c4700000, 0x00000000eb400000)
  object space 44032K, 32% used [0x00000000c1c00000,0x00000000c29e54a8,0x00000000c4700000)
 Metaspace       used 17998K, capacity 18460K, committed 18688K, reserved 1064960K
  class space    used 2134K, capacity 2299K, committed 2304K, reserved 1048576K

Card table byte_map: [0x0000000012230000,0x0000000012430000] byte_map_base: 0x0000000011c22000

Marking Bits: (ParMarkBitMap*) 0x0000000076e74ce0
 Begin Bits: [0x0000000012980000, 0x0000000013910000)
 End Bits:   [0x0000000013910000, 0x00000000148a0000)

Polling page: 0x00000000014b0000

CodeCache: size=245760Kb used=10352Kb max_used=10352Kb free=235408Kb
 bounds [0x0000000002e70000, 0x00000000038a0000, 0x0000000011e70000]
 total_blobs=3384 nmethods=3017 adapters=278
 compilation: enabled

Compilation events (10 events):
Event: 39.664 Thread 0x0000000016ca8800 3290       3       org.eclipse.aether.util.graph.selector.OptionalDependencySelector::hashCode (20 bytes)
Event: 39.664 Thread 0x0000000016ca8800 nmethod 3290 0x0000000003891850 code [0x00000000038919c0, 0x0000000003891c88]
Event: 39.664 Thread 0x0000000016ca8800 3291       3       org.eclipse.aether.util.graph.selector.ExclusionDependencySelector::hashCode (38 bytes)
Event: 39.664 Thread 0x0000000016ca8800 nmethod 3291 0x0000000003895d90 code [0x0000000003895f00, 0x0000000003896258]
Event: 39.664 Thread 0x0000000016ca8800 3292       1       org.eclipse.aether.util.graph.manager.ClassicDependencyManager$Key::hashCode (5 bytes)
Event: 39.664 Thread 0x0000000016ca8800 nmethod 3292 0x0000000003895ad0 code [0x0000000003895c20, 0x0000000003895d30]
Event: 39.757 Thread 0x0000000016ca8800 3293       3       org.apache.maven.model.Scm::<init> (11 bytes)
Event: 39.757 Thread 0x0000000016ca8800 nmethod 3293 0x00000000038956d0 code [0x0000000003895840, 0x0000000003895a10]
Event: 39.757 Thread 0x0000000016ca8800 3294       3       org.apache.maven.model.Dependency::getLocation (366 bytes)
Event: 39.759 Thread 0x0000000016ca8800 nmethod 3294 0x0000000003897650 code [0x0000000003897900, 0x0000000003898ea8]

GC Heap History (10 events):
Event: 17.524 GC heap before
{Heap before GC invocations=7 (full 0):
 PSYoungGen      total 21504K, used 20733K [0x00000000eb400000, 0x00000000ed000000, 0x0000000100000000)
  eden space 15872K, 100% used [0x00000000eb400000,0x00000000ec380000,0x00000000ec380000)
  from space 5632K, 86% used [0x00000000ec980000,0x00000000ece3f4d8,0x00000000ecf00000)
  to   space 6144K, 0% used [0x00000000ec380000,0x00000000ec380000,0x00000000ec980000)
 ParOldGen       total 44032K, used 7430K [0x00000000c1c00000, 0x00000000c4700000, 0x00000000eb400000)
  object space 44032K, 16% used [0x00000000c1c00000,0x00000000c2341bd8,0x00000000c4700000)
 Metaspace       used 15442K, capacity 15678K, committed 15872K, reserved 1062912K
  class space    used 1853K, capacity 1946K, committed 2048K, reserved 1048576K
Event: 17.536 GC heap after
Heap after GC invocations=7 (full 0):
 PSYoungGen      total 19968K, used 3956K [0x00000000eb400000, 0x00000000ece80000, 0x0000000100000000)
  eden space 15872K, 0% used [0x00000000eb400000,0x00000000eb400000,0x00000000ec380000)
  from space 4096K, 96% used [0x00000000ec380000,0x00000000ec75d2c8,0x00000000ec780000)
  to   space 5632K, 0% used [0x00000000ec900000,0x00000000ec900000,0x00000000ece80000)
 ParOldGen       total 44032K, used 8699K [0x00000000c1c00000, 0x00000000c4700000, 0x00000000eb400000)
  object space 44032K, 19% used [0x00000000c1c00000,0x00000000c247ec78,0x00000000c4700000)
 Metaspace       used 15442K, capacity 15678K, committed 15872K, reserved 1062912K
  class space    used 1853K, capacity 1946K, committed 2048K, reserved 1048576K
}
Event: 23.874 GC heap before
{Heap before GC invocations=8 (full 0):
 PSYoungGen      total 19968K, used 19828K [0x00000000eb400000, 0x00000000ece80000, 0x0000000100000000)
  eden space 15872K, 100% used [0x00000000eb400000,0x00000000ec380000,0x00000000ec380000)
  from space 4096K, 96% used [0x00000000ec380000,0x00000000ec75d2c8,0x00000000ec780000)
  to   space 5632K, 0% used [0x00000000ec900000,0x00000000ec900000,0x00000000ece80000)
 ParOldGen       total 44032K, used 8699K [0x00000000c1c00000, 0x00000000c4700000, 0x00000000eb400000)
  object space 44032K, 19% used [0x00000000c1c00000,0x00000000c247ec78,0x00000000c4700000)
 Metaspace       used 15711K, capacity 15966K, committed 16128K, reserved 1062912K
  class space    used 1869K, capacity 1978K, committed 2048K, reserved 1048576K
Event: 23.882 GC heap after
Heap after GC invocations=8 (full 0):
 PSYoungGen      total 21504K, used 4064K [0x00000000eb400000, 0x00000000ece80000, 0x0000000100000000)
  eden space 15872K, 0% used [0x00000000eb400000,0x00000000eb400000,0x00000000ec380000)
  from space 5632K, 72% used [0x00000000ec900000,0x00000000eccf8000,0x00000000ece80000)
  to   space 5632K, 0% used [0x00000000ec380000,0x00000000ec380000,0x00000000ec900000)
 ParOldGen       total 44032K, used 9269K [0x00000000c1c00000, 0x00000000c4700000, 0x00000000eb400000)
  object space 44032K, 21% used [0x00000000c1c00000,0x00000000c250d4a8,0x00000000c4700000)
 Metaspace       used 15711K, capacity 15966K, committed 16128K, reserved 1062912K
  class space    used 1869K, capacity 1978K, committed 2048K, reserved 1048576K
}
Event: 30.507 GC heap before
{Heap before GC invocations=9 (full 0):
 PSYoungGen      total 21504K, used 19936K [0x00000000eb400000, 0x00000000ece80000, 0x0000000100000000)
  eden space 15872K, 100% used [0x00000000eb400000,0x00000000ec380000,0x00000000ec380000)
  from space 5632K, 72% used [0x00000000ec900000,0x00000000eccf8000,0x00000000ece80000)
  to   space 5632K, 0% used [0x00000000ec380000,0x00000000ec380000,0x00000000ec900000)
 ParOldGen       total 44032K, used 9269K [0x00000000c1c00000, 0x00000000c4700000, 0x00000000eb400000)
  object space 44032K, 21% used [0x00000000c1c00000,0x00000000c250d4a8,0x00000000c4700000)
 Metaspace       used 15934K, capacity 16158K, committed 16384K, reserved 1062912K
  class space    used 1871K, capacity 1978K, committed 2048K, reserved 1048576K
Event: 30.516 GC heap after
Heap after GC invocations=9 (full 0):
 PSYoungGen      total 21504K, used 2720K [0x00000000eb400000, 0x00000000ece80000, 0x0000000100000000)
  eden space 15872K, 0% used [0x00000000eb400000,0x00000000eb400000,0x00000000ec380000)
  from space 5632K, 48% used [0x00000000ec380000,0x00000000ec628020,0x00000000ec900000)
  to   space 5632K, 0% used [0x00000000ec900000,0x00000000ec900000,0x00000000ece80000)
 ParOldGen       total 44032K, used 11213K [0x00000000c1c00000, 0x00000000c4700000, 0x00000000eb400000)
  object space 44032K, 25% used [0x00000000c1c00000,0x00000000c26f34a8,0x00000000c4700000)
 Metaspace       used 15934K, capacity 16158K, committed 16384K, reserved 1062912K
  class space    used 1871K, capacity 1978K, committed 2048K, reserved 1048576K
}
Event: 34.456 GC heap before
{Heap before GC invocations=10 (full 0):
 PSYoungGen      total 21504K, used 18592K [0x00000000eb400000, 0x00000000ece80000, 0x0000000100000000)
  eden space 15872K, 100% used [0x00000000eb400000,0x00000000ec380000,0x00000000ec380000)
  from space 5632K, 48% used [0x00000000ec380000,0x00000000ec628020,0x00000000ec900000)
  to   space 5632K, 0% used [0x00000000ec900000,0x00000000ec900000,0x00000000ece80000)
 ParOldGen       total 44032K, used 11213K [0x00000000c1c00000, 0x00000000c4700000, 0x00000000eb400000)
  object space 44032K, 25% used [0x00000000c1c00000,0x00000000c26f34a8,0x00000000c4700000)
 Metaspace       used 16651K, capacity 16990K, committed 17280K, reserved 1064960K
  class space    used 1975K, capacity 2086K, committed 2176K, reserved 1048576K
Event: 34.473 GC heap after
Heap after GC invocations=10 (full 0):
 PSYoungGen      total 20992K, used 2235K [0x00000000eb400000, 0x00000000ecf80000, 0x0000000100000000)
  eden space 15360K, 0% used [0x00000000eb400000,0x00000000eb400000,0x00000000ec300000)
  from space 5632K, 39% used [0x00000000ec900000,0x00000000ecb2ec50,0x00000000ece80000)
  to   space 6144K, 0% used [0x00000000ec300000,0x00000000ec300000,0x00000000ec900000)
 ParOldGen       total 44032K, used 13077K [0x00000000c1c00000, 0x00000000c4700000, 0x00000000eb400000)
  object space 44032K, 29% used [0x00000000c1c00000,0x00000000c28c54a8,0x00000000c4700000)
 Metaspace       used 16651K, capacity 16990K, committed 17280K, reserved 1064960K
  class space    used 1975K, capacity 2086K, committed 2176K, reserved 1048576K
}
Event: 37.674 GC heap before
{Heap before GC invocations=11 (full 0):
 PSYoungGen      total 20992K, used 17595K [0x00000000eb400000, 0x00000000ecf80000, 0x0000000100000000)
  eden space 15360K, 100% used [0x00000000eb400000,0x00000000ec300000,0x00000000ec300000)
  from space 5632K, 39% used [0x00000000ec900000,0x00000000ecb2ec50,0x00000000ece80000)
  to   space 6144K, 0% used [0x00000000ec300000,0x00000000ec300000,0x00000000ec900000)
 ParOldGen       total 44032K, used 13077K [0x00000000c1c00000, 0x00000000c4700000, 0x00000000eb400000)
  object space 44032K, 29% used [0x00000000c1c00000,0x00000000c28c54a8,0x00000000c4700000)
 Metaspace       used 17504K, capacity 17894K, committed 18176K, reserved 1064960K
  class space    used 2087K, capacity 2218K, committed 2304K, reserved 1048576K
Event: 37.693 GC heap after
Heap after GC invocations=11 (full 0):
 PSYoungGen      total 21504K, used 1547K [0x00000000eb400000, 0x00000000ecf00000, 0x0000000100000000)
  eden space 15360K, 0% used [0x00000000eb400000,0x00000000eb400000,0x00000000ec300000)
  from space 6144K, 25% used [0x00000000ec300000,0x00000000ec482d40,0x00000000ec900000)
  to   space 6144K, 0% used [0x00000000ec900000,0x00000000ec900000,0x00000000ecf00000)
 ParOldGen       total 44032K, used 14229K [0x00000000c1c00000, 0x00000000c4700000, 0x00000000eb400000)
  object space 44032K, 32% used [0x00000000c1c00000,0x00000000c29e54a8,0x00000000c4700000)
 Metaspace       used 17504K, capacity 17894K, committed 18176K, reserved 1064960K
  class space    used 2087K, capacity 2218K, committed 2304K, reserved 1048576K
}

Deoptimization events (10 events):
Event: 34.055 Thread 0x0000000002d72800 Uncommon trap: reason=array_check action=maybe_recompile pc=0x0000000003075c54 method=java.util.TimSort.binarySort([Ljava/lang/Object;IIILjava/util/Comparator;)V @ 183
Event: 34.055 Thread 0x0000000002d72800 Uncommon trap: reason=array_check action=maybe_recompile pc=0x0000000003075b8c method=java.util.TimSort.binarySort([Ljava/lang/Object;IIILjava/util/Comparator;)V @ 193
Event: 34.056 Thread 0x0000000002d72800 Uncommon trap: reason=array_check action=maybe_recompile pc=0x0000000003075c54 method=java.util.TimSort.binarySort([Ljava/lang/Object;IIILjava/util/Comparator;)V @ 183
Event: 34.057 Thread 0x0000000002d72800 Uncommon trap: reason=array_check action=maybe_recompile pc=0x0000000003075b8c method=java.util.TimSort.binarySort([Ljava/lang/Object;IIILjava/util/Comparator;)V @ 193
Event: 34.228 Thread 0x0000000002d72800 Uncommon trap: reason=array_check action=maybe_recompile pc=0x00000000033cf524 method=java.util.TimSort.binarySort([Ljava/lang/Object;IIILjava/util/Comparator;)V @ 215
Event: 34.229 Thread 0x0000000002d72800 Uncommon trap: reason=array_check action=maybe_recompile pc=0x00000000033cf524 method=java.util.TimSort.binarySort([Ljava/lang/Object;IIILjava/util/Comparator;)V @ 215
Event: 35.013 Thread 0x0000000002d72800 Uncommon trap: reason=class_check action=maybe_recompile pc=0x0000000003363288 method=com.google.inject.internal.LinkedBindingImpl.acceptTargetVisitor(Lcom/google/inject/spi/BindingTargetVisitor;)Ljava/lang/Object; @ 2
Event: 35.014 Thread 0x0000000002d72800 Uncommon trap: reason=class_check action=maybe_recompile pc=0x0000000003363288 method=com.google.inject.internal.LinkedBindingImpl.acceptTargetVisitor(Lcom/google/inject/spi/BindingTargetVisitor;)Ljava/lang/Object; @ 2
Event: 35.024 Thread 0x0000000002d72800 Uncommon trap: reason=null_check action=make_not_entrant pc=0x000000000328e734 method=com.google.inject.internal.InjectorImpl.enterContext()Lcom/google/inject/internal/InternalContext; @ 7
Event: 39.521 Thread 0x0000000002d72800 Uncommon trap: reason=unstable_if action=reinterpret pc=0x00000000031e2874 method=java.util.concurrent.ConcurrentHashMap.putVal(Ljava/lang/Object;Ljava/lang/Object;Z)Ljava/lang/Object; @ 206

Classes redefined (0 events):
No events

Internal exceptions (10 events):
Event: 13.486 Thread 0x0000000002d72800 Exception <a 'java/lang/NullPointerException'> (0x00000000eb5c26f8) thrown at [C:\re\workspace\8-2-build-windows-amd64-cygwin\jdk8u201\12322\hotspot\src\share\vm\interpreter\linkResolver.cpp, line 1185]
Event: 13.486 Thread 0x0000000002d72800 Exception <a 'java/lang/NullPointerException'> (0x00000000eb5c2910) thrown at [C:\re\workspace\8-2-build-windows-amd64-cygwin\jdk8u201\12322\hotspot\src\share\vm\interpreter\linkResolver.cpp, line 1185]
Event: 13.486 Thread 0x0000000002d72800 Exception <a 'java/lang/NullPointerException'> (0x00000000eb5c2b28) thrown at [C:\re\workspace\8-2-build-windows-amd64-cygwin\jdk8u201\12322\hotspot\src\share\vm\interpreter\linkResolver.cpp, line 1185]
Event: 13.488 Thread 0x0000000002d72800 Exception <a 'java/lang/NullPointerException'> (0x00000000eb5cb128) thrown at [C:\re\workspace\8-2-build-windows-amd64-cygwin\jdk8u201\12322\hotspot\src\share\vm\interpreter\linkResolver.cpp, line 1185]
Event: 13.488 Thread 0x0000000002d72800 Exception <a 'java/lang/NullPointerException'> (0x00000000eb5cb340) thrown at [C:\re\workspace\8-2-build-windows-amd64-cygwin\jdk8u201\12322\hotspot\src\share\vm\interpreter\linkResolver.cpp, line 1185]
Event: 13.488 Thread 0x0000000002d72800 Exception <a 'java/lang/NullPointerException'> (0x00000000eb5cb558) thrown at [C:\re\workspace\8-2-build-windows-amd64-cygwin\jdk8u201\12322\hotspot\src\share\vm\interpreter\linkResolver.cpp, line 1185]
Event: 14.972 Thread 0x0000000002d72800 Implicit null exception at 0x000000000348b1ca to 0x000000000348b471
Event: 17.823 Thread 0x0000000002d72800 Implicit null exception at 0x0000000003205055 to 0x0000000003205225
Event: 17.827 Thread 0x0000000002d72800 Implicit null exception at 0x000000000318e16f to 0x000000000318e1d9
Event: 35.024 Thread 0x0000000002d72800 Implicit null exception at 0x000000000328e2fd to 0x000000000328e725

Events (10 events):
Event: 39.315 loading class org/codehaus/plexus/util/SelectorUtils done
Event: 39.315 loading class org/codehaus/plexus/util/SelectorUtils
Event: 39.315 loading class org/codehaus/plexus/util/SelectorUtils done
Event: 39.521 Thread 0x0000000002d72800 Uncommon trap: trap_request=0xffffff65 fr.pc=0x00000000031e2874
Event: 39.521 Executing VM operation: RevokeBias
Event: 39.521 Executing VM operation: RevokeBias done
Event: 39.521 Thread 0x0000000002d72800 DEOPT PACKING pc=0x00000000031e2874 sp=0x0000000002d6e450
Event: 39.521 Thread 0x0000000002d72800 DEOPT UNPACKING pc=0x0000000002eb583b sp=0x0000000002d6e3f0 mode 2
Event: 39.758 loading class org/eclipse/aether/collection/DependencyManagement
Event: 39.758 loading class org/eclipse/aether/collection/DependencyManagement done


Dynamic libraries:
0x00007ff76e560000 - 0x00007ff76e597000 	C:\Program Files\Java\jdk1.8.0_201\bin\java.exe
0x00007ff990e40000 - 0x00007ff991030000 	C:\WINDOWS\SYSTEM32\ntdll.dll
0x00007ff98fe40000 - 0x00007ff98fef2000 	C:\WINDOWS\System32\KERNEL32.DLL
0x00007ff98dff0000 - 0x00007ff98e294000 	C:\WINDOWS\System32\KERNELBASE.dll
0x00007ff98f2d0000 - 0x00007ff98f373000 	C:\WINDOWS\System32\ADVAPI32.dll
0x00007ff98f8c0000 - 0x00007ff98f95e000 	C:\WINDOWS\System32\msvcrt.dll
0x00007ff98eef0000 - 0x00007ff98ef87000 	C:\WINDOWS\System32\sechost.dll
0x00007ff98fa60000 - 0x00007ff98fb80000 	C:\WINDOWS\System32\RPCRT4.dll
0x00007ff98ff00000 - 0x00007ff990095000 	C:\WINDOWS\System32\USER32.dll
0x00007ff98e3c0000 - 0x00007ff98e3e1000 	C:\WINDOWS\System32\win32u.dll
0x00007ff98fa30000 - 0x00007ff98fa56000 	C:\WINDOWS\System32\GDI32.dll
0x00007ff98de50000 - 0x00007ff98dfe6000 	C:\WINDOWS\System32\gdi32full.dll
0x00007ff98e3f0000 - 0x00007ff98e48e000 	C:\WINDOWS\System32\msvcp_win.dll
0x00007ff98e2c0000 - 0x00007ff98e3ba000 	C:\WINDOWS\System32\ucrtbase.dll
0x00007ff973150000 - 0x00007ff9733d4000 	C:\WINDOWS\WinSxS\amd64_microsoft.windows.common-controls_6595b64144ccf1df_6.0.18362.1016_none_9e7a36bbe461dae4\COMCTL32.dll
0x00007ff98ef90000 - 0x00007ff98f2c5000 	C:\WINDOWS\System32\combase.dll
0x00007ff98ec20000 - 0x00007ff98eca0000 	C:\WINDOWS\System32\bcryptPrimitives.dll
0x00007ff98fe10000 - 0x00007ff98fe3e000 	C:\WINDOWS\System32\IMM32.DLL
0x00000000770d0000 - 0x00000000771a1000 	C:\Program Files\Java\jdk1.8.0_201\jre\bin\msvcr100.dll
0x0000000076650000 - 0x0000000076ef4000 	C:\Program Files\Java\jdk1.8.0_201\jre\bin\server\jvm.dll
0x00007ff98f740000 - 0x00007ff98f748000 	C:\WINDOWS\System32\PSAPI.DLL
0x00007ff989bc0000 - 0x00007ff989bc9000 	C:\WINDOWS\SYSTEM32\WSOCK32.dll
0x00007ff98b520000 - 0x00007ff98b544000 	C:\WINDOWS\SYSTEM32\WINMM.dll
0x00007ff97c010000 - 0x00007ff97c01a000 	C:\WINDOWS\SYSTEM32\VERSION.dll
0x00007ff98fda0000 - 0x00007ff98fe0f000 	C:\WINDOWS\System32\WS2_32.dll
0x00007ff98b4f0000 - 0x00007ff98b51d000 	C:\WINDOWS\SYSTEM32\winmmbase.dll
0x00007ff98ed50000 - 0x00007ff98ed9a000 	C:\WINDOWS\System32\cfgmgr32.dll
0x00007ff988f70000 - 0x00007ff988f7f000 	C:\Program Files\Java\jdk1.8.0_201\jre\bin\verify.dll
0x00007ff9875e0000 - 0x00007ff987609000 	C:\Program Files\Java\jdk1.8.0_201\jre\bin\java.dll
0x00007ff987b30000 - 0x00007ff987b46000 	C:\Program Files\Java\jdk1.8.0_201\jre\bin\zip.dll
0x00007ff9900a0000 - 0x00007ff990787000 	C:\WINDOWS\System32\SHELL32.dll
0x00007ff98f3e0000 - 0x00007ff98f489000 	C:\WINDOWS\System32\shcore.dll
0x00007ff98e490000 - 0x00007ff98ec12000 	C:\WINDOWS\System32\windows.storage.dll
0x00007ff98dd00000 - 0x00007ff98dd23000 	C:\WINDOWS\System32\profapi.dll
0x00007ff98dd30000 - 0x00007ff98dd7a000 	C:\WINDOWS\System32\powrprof.dll
0x00007ff98dcf0000 - 0x00007ff98dd00000 	C:\WINDOWS\System32\UMPDC.dll
0x00007ff98f380000 - 0x00007ff98f3d2000 	C:\WINDOWS\System32\shlwapi.dll
0x00007ff98dd80000 - 0x00007ff98dd91000 	C:\WINDOWS\System32\kernel.appcore.dll
0x00007ff98e2a0000 - 0x00007ff98e2b7000 	C:\WINDOWS\System32\cryptsp.dll
0x00007ff987720000 - 0x00007ff98772a000 	C:\Program Files\NetBeans-12.0\netbeans\java\maven\lib\jansi-native\windows64\jansi.dll
0x00007ff986740000 - 0x00007ff98675a000 	C:\Program Files\Java\jdk1.8.0_201\jre\bin\net.dll
0x00007ff983e80000 - 0x00007ff984056000 	C:\WINDOWS\SYSTEM32\urlmon.dll
0x00007ff980ec0000 - 0x00007ff981166000 	C:\WINDOWS\SYSTEM32\iertutil.dll
0x00007ff98d6c0000 - 0x00007ff98d6cc000 	C:\WINDOWS\SYSTEM32\CRYPTBASE.DLL
0x00007ff98d4f0000 - 0x00007ff98d557000 	C:\WINDOWS\system32\mswsock.dll
0x00007ff985f20000 - 0x00007ff985f31000 	C:\Program Files\Java\jdk1.8.0_201\jre\bin\nio.dll

VM Arguments:
jvm_args: -Dclassworlds.conf=C:\Program Files\NetBeans-12.0\netbeans\java\maven\bin\..\bin\m2.conf -Dmaven.home=C:\Program Files\NetBeans-12.0\netbeans\java\maven\bin\.. -Dlibrary.jansi.path=C:\Program Files\NetBeans-12.0\netbeans\java\maven\bin\..\lib\jansi-native -Dmaven.multiModuleProjectDirectory=C:\Users\Admin\OneDrive\Documents\finalExamSpringFrameworkM7\finalExamSpringFrameworkM7 
java_command: org.codehaus.plexus.classworlds.launcher.Launcher -Dnetbeans.deploy=true -Dmaven.ext.class.path=C:\Program Files\NetBeans-12.0\netbeans\java\maven-nblib\netbeans-eventspy.jar -Dfile.encoding=UTF-8 package
java_class_path (initial): C:\Program Files\NetBeans-12.0\netbeans\java\maven\bin\..\boot\plexus-classworlds-2.6.0.jar
Launcher Type: SUN_STANDARD

Environment Variables:
JAVA_HOME=C:\Program Files\Java\jdk1.8.0_201
PATH=C:\Program Files (x86)\Common Files\Oracle\Java\javapath;C:\Program Files (x86)\Intel\iCLS Client\;C:\Program Files\Intel\iCLS Client\;C:\WINDOWS\system32;C:\WINDOWS;C:\WINDOWS\System32\Wbem;C:\WINDOWS\System32\WindowsPowerShell\v1.0\;C:\Program Files (x86)\Intel\Intel(R) Management Engine Components\DAL;C:\Program Files\Intel\Intel(R) Management Engine Components\DAL;C:\Program Files (x86)\Intel\Intel(R) Management Engine Components\IPT;C:\Program Files\Intel\Intel(R) Management Engine Components\IPT;C:\WINDOWS\System32\OpenSSH\;C:\ProgramData\chocolatey\bin;C:\Program Files\Git\cmd;C:\Program Files\nodejs\;C:\Users\Admin\AppData\Local\Microsoft\WindowsApps;C:\Modeltech_pe_edu_10.4a\win32pe_edu;C:\Program Files\Java\jdk1.8.0_201\bin;C:\Users\Admin\AppData\Roaming\npm
USERNAME=Admin
OS=Windows_NT
PROCESSOR_IDENTIFIER=Intel64 Family 6 Model 142 Stepping 9, GenuineIntel



---------------  S Y S T E M  ---------------

OS: Windows 10.0 , 64 bit Build 18362 (10.0.18362.959)

CPU:total 4 (initial active 4) (2 cores per cpu, 2 threads per core) family 6 model 142 stepping 9, cmov, cx8, fxsr, mmx, sse, sse2, sse3, ssse3, sse4.1, sse4.2, popcnt, avx, avx2, aes, clmul, erms, 3dnowpref, lzcnt, ht, tsc, tscinvbit, bmi1, bmi2, adx

Memory: 4k page, physical 4073152k(439772k free), swap 5404352k(26068k free)

vm_info: Java HotSpot(TM) 64-Bit Server VM (25.201-b09) for windows-amd64 JRE (1.8.0_201-b09), built on Dec 15 2018 18:36:39 by "java_re" with MS VC++ 10.0 (VS2010)

time: Fri Aug 21 00:48:22 2020
timezone: SE Asia Standard Time
elapsed time: 39 seconds (0d 0h 0m 39s)

