#
# There is insufficient memory for the Java Runtime Environment to continue.
# Native memory allocation (malloc) failed to allocate 1785616 bytes for Chunk::new
# Possible reasons:
#   The system is out of physical RAM or swap space
#   The process is running with CompressedOops enabled, and the Java Heap may be blocking the growth of the native heap
# Possible solutions:
#   Reduce memory load on the system
#   Increase physical memory or swap space
#   Check if swap backing store is full
#   Decrease Java heap size (-Xmx/-Xms)
#   Decrease number of Java threads
#   Decrease Java thread stack sizes (-Xss)
#   Set larger code cache with -XX:ReservedCodeCacheSize=
#   JVM is running with Unscaled Compressed Oops mode in which the Java heap is
#     placed in the first 4GB address space. The Java Heap base address is the
#     maximum limit for the native heap growth. Please use -XX:HeapBaseMinAddress
#     to set the Java Heap base and to place the Java Heap above 4GB virtual address.
# This output file may be truncated or incomplete.
#
#  Out of Memory Error (allocation.cpp:390), pid=9904, tid=0x00000000000025d0
#
# JRE version: Java(TM) SE Runtime Environment (8.0_201-b09) (build 1.8.0_201-b09)
# Java VM: Java HotSpot(TM) 64-Bit Server VM (25.201-b09 mixed mode windows-amd64 compressed oops)
# Failed to write core dump. Minidumps are not enabled by default on client versions of Windows
#

---------------  T H R E A D  ---------------

Current thread (0x00000000149fb000):  JavaThread "C2 CompilerThread0" daemon [_thread_in_native, id=9680, stack(0x0000000016040000,0x0000000016140000)]

Stack: [0x0000000016040000,0x0000000016140000]
[error occurred during error reporting (printing stack bounds), id 0xc0000005]

Native frames: (J=compiled Java code, j=interpreted, Vv=VM code, C=native code)


Current CompileTask:
C2:  20424 3996       4       java.io.WinNTFileSystem::normalize (143 bytes)


---------------  P R O C E S S  ---------------

Java Threads: ( => current thread )
  0x0000000016363000 JavaThread "Service Thread" daemon [_thread_blocked, id=3792, stack(0x0000000016740000,0x0000000016840000)]
  0x0000000014a22800 JavaThread "C1 CompilerThread2" daemon [_thread_blocked, id=9064, stack(0x0000000016240000,0x0000000016340000)]
  0x0000000014a03000 JavaThread "C2 CompilerThread1" daemon [_thread_blocked, id=7000, stack(0x0000000016140000,0x0000000016240000)]
=>0x00000000149fb000 JavaThread "C2 CompilerThread0" daemon [_thread_in_native, id=9680, stack(0x0000000016040000,0x0000000016140000)]
  0x00000000149f9000 JavaThread "Attach Listener" daemon [_thread_blocked, id=9612, stack(0x0000000015f40000,0x0000000016040000)]
  0x00000000149f6000 JavaThread "Signal Dispatcher" daemon [_thread_blocked, id=8896, stack(0x0000000015e40000,0x0000000015f40000)]
  0x000000000239c800 JavaThread "Finalizer" daemon [_thread_blocked, id=8720, stack(0x0000000015c40000,0x0000000015d40000)]
  0x00000000149da000 JavaThread "Reference Handler" daemon [_thread_blocked, id=4672, stack(0x0000000015b40000,0x0000000015c40000)]
  0x00000000022a2800 JavaThread "main" [_thread_in_native, id=3148, stack(0x0000000002120000,0x0000000002220000)]

Other Threads:
  0x00000000149b8000 VMThread [stack: 0x0000000015a40000,0x0000000015b40000] [id=6884]
  0x000000001636e800 WatcherThread [stack: 0x0000000016840000,0x0000000016940000] [id=3256]

VM state:not at safepoint (normal execution)

VM Mutex/Monitor currently owned by a thread: None

heap address: 0x00000000c1c00000, size: 996 MB, Compressed Oops mode: 32-bit
Narrow klass base: 0x0000000000000000, Narrow klass shift: 3
Compressed class space size: 1073741824 Address: 0x0000000100000000

Heap:
 PSYoungGen      total 115200K, used 31312K [0x00000000eb400000, 0x00000000f4600000, 0x0000000100000000)
  eden space 105984K, 20% used [0x00000000eb400000,0x00000000ec99ad60,0x00000000f1b80000)
  from space 9216K, 99% used [0x00000000f3d00000,0x00000000f45f9310,0x00000000f4600000)
  to   space 11264K, 0% used [0x00000000f3000000,0x00000000f3000000,0x00000000f3b00000)
 ParOldGen       total 39936K, used 13156K [0x00000000c1c00000, 0x00000000c4300000, 0x00000000eb400000)
  object space 39936K, 32% used [0x00000000c1c00000,0x00000000c28d93d8,0x00000000c4300000)
 Metaspace       used 24789K, capacity 25506K, committed 25856K, reserved 1071104K
  class space    used 3032K, capacity 3257K, committed 3328K, reserved 1048576K

Card table byte_map: [0x00000000117e0000,0x00000000119e0000] byte_map_base: 0x00000000111d2000

Marking Bits: (ParMarkBitMap*) 0x0000000076e74ce0
 Begin Bits: [0x0000000011f30000, 0x0000000012ec0000)
 End Bits:   [0x0000000012ec0000, 0x0000000013e50000)

Polling page: 0x0000000000510000

CodeCache: size=245760Kb used=12500Kb max_used=12500Kb free=233259Kb
 bounds [0x0000000002420000, 0x0000000003070000, 0x0000000011420000]
 total_blobs=4065 nmethods=3642 adapters=335
 compilation: enabled

Compilation events (10 events):
Event: 20.077 Thread 0x0000000014a22800 nmethod 4008 0x0000000003051c50 code [0x0000000003052620, 0x00000000030590c8]
Event: 20.077 Thread 0x0000000014a22800 4010       3       java.util.regex.Pattern::sequence (553 bytes)
Event: 20.078 Thread 0x0000000014a03000 nmethod 4005 0x00000000030500d0 code [0x0000000003050220, 0x0000000003050358]
Event: 20.085 Thread 0x0000000014a22800 nmethod 4010 0x000000000305cd50 code [0x000000000305d2c0, 0x0000000003060508]
Event: 20.085 Thread 0x0000000014a22800 4009       3       java.util.regex.Matcher::find (69 bytes)
Event: 20.086 Thread 0x0000000014a22800 nmethod 4009 0x0000000003047ad0 code [0x0000000003047c40, 0x0000000003047fe8]
Event: 20.153 Thread 0x0000000014a22800 4011       3       java.io.File::length (33 bytes)
Event: 20.154 Thread 0x0000000014a22800 nmethod 4011 0x0000000003049a50 code [0x0000000003049be0, 0x0000000003049fe8]
Event: 20.154 Thread 0x0000000014a22800 4012       3       java.util.regex.Pattern::RemoveQEQuoting (346 bytes)
Event: 20.157 Thread 0x0000000014a22800 nmethod 4012 0x00000000030624d0 code [0x0000000003062720, 0x0000000003063818]

GC Heap History (10 events):
Event: 7.173 GC heap before
{Heap before GC invocations=5 (full 0):
 PSYoungGen      total 35328K, used 35312K [0x00000000eb400000, 0x00000000ed900000, 0x0000000100000000)
  eden space 32768K, 100% used [0x00000000eb400000,0x00000000ed400000,0x00000000ed400000)
  from space 2560K, 99% used [0x00000000ed680000,0x00000000ed8fc010,0x00000000ed900000)
  to   space 2560K, 0% used [0x00000000ed400000,0x00000000ed400000,0x00000000ed680000)
 ParOldGen       total 44032K, used 5135K [0x00000000c1c00000, 0x00000000c4700000, 0x00000000eb400000)
  object space 44032K, 11% used [0x00000000c1c00000,0x00000000c2103f30,0x00000000c4700000)
 Metaspace       used 15090K, capacity 15346K, committed 15616K, reserved 1062912K
  class space    used 1838K, capacity 1944K, committed 2048K, reserved 1048576K
Event: 7.192 GC heap after
Heap after GC invocations=5 (full 0):
 PSYoungGen      total 35328K, used 2544K [0x00000000eb400000, 0x00000000f0200000, 0x0000000100000000)
  eden space 32768K, 0% used [0x00000000eb400000,0x00000000eb400000,0x00000000ed400000)
  from space 2560K, 99% used [0x00000000ed400000,0x00000000ed67c010,0x00000000ed680000)
  to   space 7168K, 0% used [0x00000000efb00000,0x00000000efb00000,0x00000000f0200000)
 ParOldGen       total 44032K, used 9681K [0x00000000c1c00000, 0x00000000c4700000, 0x00000000eb400000)
  object space 44032K, 21% used [0x00000000c1c00000,0x00000000c25747c0,0x00000000c4700000)
 Metaspace       used 15090K, capacity 15346K, committed 15616K, reserved 1062912K
  class space    used 1838K, capacity 1944K, committed 2048K, reserved 1048576K
}
Event: 9.284 GC heap before
{Heap before GC invocations=6 (full 0):
 PSYoungGen      total 35328K, used 35312K [0x00000000eb400000, 0x00000000f0200000, 0x0000000100000000)
  eden space 32768K, 100% used [0x00000000eb400000,0x00000000ed400000,0x00000000ed400000)
  from space 2560K, 99% used [0x00000000ed400000,0x00000000ed67c010,0x00000000ed680000)
  to   space 7168K, 0% used [0x00000000efb00000,0x00000000efb00000,0x00000000f0200000)
 ParOldGen       total 44032K, used 9681K [0x00000000c1c00000, 0x00000000c4700000, 0x00000000eb400000)
  object space 44032K, 21% used [0x00000000c1c00000,0x00000000c25747c0,0x00000000c4700000)
 Metaspace       used 15730K, capacity 16030K, committed 16384K, reserved 1062912K
  class space    used 1869K, capacity 1978K, committed 2048K, reserved 1048576K
Event: 9.310 GC heap after
Heap after GC invocations=6 (full 0):
 PSYoungGen      total 72704K, used 4932K [0x00000000eb400000, 0x00000000f0200000, 0x0000000100000000)
  eden space 65536K, 0% used [0x00000000eb400000,0x00000000eb400000,0x00000000ef400000)
  from space 7168K, 68% used [0x00000000efb00000,0x00000000effd12d8,0x00000000f0200000)
  to   space 7168K, 0% used [0x00000000ef400000,0x00000000ef400000,0x00000000efb00000)
 ParOldGen       total 44032K, used 9689K [0x00000000c1c00000, 0x00000000c4700000, 0x00000000eb400000)
  object space 44032K, 22% used [0x00000000c1c00000,0x00000000c25767c0,0x00000000c4700000)
 Metaspace       used 15730K, capacity 16030K, committed 16384K, reserved 1062912K
  class space    used 1869K, capacity 1978K, committed 2048K, reserved 1048576K
}
Event: 15.432 GC heap before
{Heap before GC invocations=7 (full 0):
 PSYoungGen      total 72704K, used 68858K [0x00000000eb400000, 0x00000000f0200000, 0x0000000100000000)
  eden space 65536K, 97% used [0x00000000eb400000,0x00000000ef26d580,0x00000000ef400000)
  from space 7168K, 68% used [0x00000000efb00000,0x00000000effd12d8,0x00000000f0200000)
  to   space 7168K, 0% used [0x00000000ef400000,0x00000000ef400000,0x00000000efb00000)
 ParOldGen       total 44032K, used 9689K [0x00000000c1c00000, 0x00000000c4700000, 0x00000000eb400000)
  object space 44032K, 22% used [0x00000000c1c00000,0x00000000c25767c0,0x00000000c4700000)
 Metaspace       used 20640K, capacity 21122K, committed 21248K, reserved 1067008K
  class space    used 2525K, capacity 2722K, committed 2816K, reserved 1048576K
Event: 15.481 GC heap after
Heap after GC invocations=7 (full 0):
 PSYoungGen      total 72704K, used 7151K [0x00000000eb400000, 0x00000000f4600000, 0x0000000100000000)
  eden space 65536K, 0% used [0x00000000eb400000,0x00000000eb400000,0x00000000ef400000)
  from space 7168K, 99% used [0x00000000ef400000,0x00000000efafbfa8,0x00000000efb00000)
  to   space 9216K, 0% used [0x00000000f3d00000,0x00000000f3d00000,0x00000000f4600000)
 ParOldGen       total 44032K, used 11946K [0x00000000c1c00000, 0x00000000c4700000, 0x00000000eb400000)
  object space 44032K, 27% used [0x00000000c1c00000,0x00000000c27aab50,0x00000000c4700000)
 Metaspace       used 20640K, capacity 21122K, committed 21248K, reserved 1067008K
  class space    used 2525K, capacity 2722K, committed 2816K, reserved 1048576K
}
Event: 15.481 GC heap before
{Heap before GC invocations=8 (full 1):
 PSYoungGen      total 72704K, used 7151K [0x00000000eb400000, 0x00000000f4600000, 0x0000000100000000)
  eden space 65536K, 0% used [0x00000000eb400000,0x00000000eb400000,0x00000000ef400000)
  from space 7168K, 99% used [0x00000000ef400000,0x00000000efafbfa8,0x00000000efb00000)
  to   space 9216K, 0% used [0x00000000f3d00000,0x00000000f3d00000,0x00000000f4600000)
 ParOldGen       total 44032K, used 11946K [0x00000000c1c00000, 0x00000000c4700000, 0x00000000eb400000)
  object space 44032K, 27% used [0x00000000c1c00000,0x00000000c27aab50,0x00000000c4700000)
 Metaspace       used 20640K, capacity 21122K, committed 21248K, reserved 1067008K
  class space    used 2525K, capacity 2722K, committed 2816K, reserved 1048576K
Event: 15.594 GC heap after
Heap after GC invocations=8 (full 1):
 PSYoungGen      total 72704K, used 0K [0x00000000eb400000, 0x00000000f4600000, 0x0000000100000000)
  eden space 65536K, 0% used [0x00000000eb400000,0x00000000eb400000,0x00000000ef400000)
  from space 7168K, 0% used [0x00000000ef400000,0x00000000ef400000,0x00000000efb00000)
  to   space 9216K, 0% used [0x00000000f3d00000,0x00000000f3d00000,0x00000000f4600000)
 ParOldGen       total 39936K, used 11663K [0x00000000c1c00000, 0x00000000c4300000, 0x00000000eb400000)
  object space 39936K, 29% used [0x00000000c1c00000,0x00000000c2763ec8,0x00000000c4300000)
 Metaspace       used 20640K, capacity 21122K, committed 21248K, reserved 1067008K
  class space    used 2525K, capacity 2722K, committed 2816K, reserved 1048576K
}
Event: 18.502 GC heap before
{Heap before GC invocations=9 (full 1):
 PSYoungGen      total 72704K, used 65536K [0x00000000eb400000, 0x00000000f4600000, 0x0000000100000000)
  eden space 65536K, 100% used [0x00000000eb400000,0x00000000ef400000,0x00000000ef400000)
  from space 7168K, 0% used [0x00000000ef400000,0x00000000ef400000,0x00000000efb00000)
  to   space 9216K, 0% used [0x00000000f3d00000,0x00000000f3d00000,0x00000000f4600000)
 ParOldGen       total 39936K, used 11663K [0x00000000c1c00000, 0x00000000c4300000, 0x00000000eb400000)
  object space 39936K, 29% used [0x00000000c1c00000,0x00000000c2763ec8,0x00000000c4300000)
 Metaspace       used 22982K, capacity 23546K, committed 23808K, reserved 1071104K
  class space    used 2757K, capacity 2949K, committed 3072K, reserved 1048576K
Event: 18.548 GC heap after
Heap after GC invocations=9 (full 1):
 PSYoungGen      total 115200K, used 9188K [0x00000000eb400000, 0x00000000f4600000, 0x0000000100000000)
  eden space 105984K, 0% used [0x00000000eb400000,0x00000000eb400000,0x00000000f1b80000)
  from space 9216K, 99% used [0x00000000f3d00000,0x00000000f45f9310,0x00000000f4600000)
  to   space 11264K, 0% used [0x00000000f3000000,0x00000000f3000000,0x00000000f3b00000)
 ParOldGen       total 39936K, used 13156K [0x00000000c1c00000, 0x00000000c4300000, 0x00000000eb400000)
  object space 39936K, 32% used [0x00000000c1c00000,0x00000000c28d93d8,0x00000000c4300000)
 Metaspace       used 22982K, capacity 23546K, committed 23808K, reserved 1071104K
  class space    used 2757K, capacity 2949K, committed 3072K, reserved 1048576K
}

Deoptimization events (10 events):
Event: 17.081 Thread 0x00000000022a2800 Uncommon trap: reason=class_check action=maybe_recompile pc=0x0000000002eb9e98 method=com.sun.tools.javac.util.List.prependList(Lcom/sun/tools/javac/util/List;)Lcom/sun/tools/javac/util/List; @ 1
Event: 17.413 Thread 0x00000000022a2800 Uncommon trap: reason=unstable_if action=reinterpret pc=0x00000000027812c4 method=java.util.concurrent.ConcurrentHashMap.putVal(Ljava/lang/Object;Ljava/lang/Object;Z)Ljava/lang/Object; @ 206
Event: 17.770 Thread 0x00000000022a2800 Uncommon trap: reason=speculate_class_check action=maybe_recompile pc=0x0000000002b74df8 method=java.nio.charset.CharsetDecoder.decode(Ljava/nio/ByteBuffer;Ljava/nio/CharBuffer;Z)Ljava/nio/charset/CoderResult; @ 57
Event: 17.771 Thread 0x00000000022a2800 Uncommon trap: reason=speculate_class_check action=maybe_recompile pc=0x0000000002b74df8 method=java.nio.charset.CharsetDecoder.decode(Ljava/nio/ByteBuffer;Ljava/nio/CharBuffer;Z)Ljava/nio/charset/CoderResult; @ 57
Event: 19.426 Thread 0x00000000022a2800 Uncommon trap: reason=unstable_if action=reinterpret pc=0x0000000002fcc68c method=org.codehaus.plexus.classworlds.realm.Entry.matches(Ljava/lang/String;)Z @ 20
Event: 19.588 Thread 0x00000000022a2800 Uncommon trap: reason=unstable_if action=reinterpret pc=0x0000000002a65064 method=java.util.HashMap.hash(Ljava/lang/Object;)I @ 1
Event: 20.047 Thread 0x00000000022a2800 Uncommon trap: reason=bimorphic action=maybe_recompile pc=0x0000000002fb5b88 method=java.util.regex.Pattern$Slice.match(Ljava/util/regex/Matcher;ILjava/lang/CharSequence;)Z @ 75
Event: 20.056 Thread 0x00000000022a2800 Uncommon trap: reason=bimorphic action=maybe_recompile pc=0x0000000002fb5b88 method=java.util.regex.Pattern$Slice.match(Ljava/util/regex/Matcher;ILjava/lang/CharSequence;)Z @ 75
Event: 20.056 Thread 0x00000000022a2800 Uncommon trap: reason=bimorphic action=maybe_recompile pc=0x0000000002fb5b88 method=java.util.regex.Pattern$Slice.match(Ljava/util/regex/Matcher;ILjava/lang/CharSequence;)Z @ 75
Event: 20.057 Thread 0x00000000022a2800 Uncommon trap: reason=bimorphic action=maybe_recompile pc=0x0000000002fb5b88 method=java.util.regex.Pattern$Slice.match(Ljava/util/regex/Matcher;ILjava/lang/CharSequence;)Z @ 75

Classes redefined (0 events):
No events

Internal exceptions (10 events):
Event: 5.958 Thread 0x00000000022a2800 Exception <a 'java/lang/NullPointerException'> (0x00000000ec5ce1d0) thrown at [C:\re\workspace\8-2-build-windows-amd64-cygwin\jdk8u201\12322\hotspot\src\share\vm\interpreter\linkResolver.cpp, line 1185]
Event: 5.958 Thread 0x00000000022a2800 Exception <a 'java/lang/NullPointerException'> (0x00000000ec5ce3e8) thrown at [C:\re\workspace\8-2-build-windows-amd64-cygwin\jdk8u201\12322\hotspot\src\share\vm\interpreter\linkResolver.cpp, line 1185]
Event: 5.959 Thread 0x00000000022a2800 Exception <a 'java/lang/NullPointerException'> (0x00000000ec5d69e8) thrown at [C:\re\workspace\8-2-build-windows-amd64-cygwin\jdk8u201\12322\hotspot\src\share\vm\interpreter\linkResolver.cpp, line 1185]
Event: 5.959 Thread 0x00000000022a2800 Exception <a 'java/lang/NullPointerException'> (0x00000000ec5d6c00) thrown at [C:\re\workspace\8-2-build-windows-amd64-cygwin\jdk8u201\12322\hotspot\src\share\vm\interpreter\linkResolver.cpp, line 1185]
Event: 5.959 Thread 0x00000000022a2800 Exception <a 'java/lang/NullPointerException'> (0x00000000ec5d6e18) thrown at [C:\re\workspace\8-2-build-windows-amd64-cygwin\jdk8u201\12322\hotspot\src\share\vm\interpreter\linkResolver.cpp, line 1185]
Event: 6.994 Thread 0x00000000022a2800 Implicit null exception at 0x0000000002a0bb4a to 0x0000000002a0bdf1
Event: 7.822 Thread 0x00000000022a2800 Implicit null exception at 0x00000000027c7455 to 0x00000000027c7625
Event: 16.609 Thread 0x00000000022a2800 Exception <a 'java/io/FileNotFoundException'> (0x00000000ed3325a8) thrown at [C:\re\workspace\8-2-build-windows-amd64-cygwin\jdk8u201\12322\hotspot\src\share\vm\prims\jni.cpp, line 709]
Event: 16.630 Thread 0x00000000022a2800 Exception <a 'java/io/FileNotFoundException'> (0x00000000ed3666b0) thrown at [C:\re\workspace\8-2-build-windows-amd64-cygwin\jdk8u201\12322\hotspot\src\share\vm\prims\jni.cpp, line 709]
Event: 19.588 Thread 0x00000000022a2800 Implicit null exception at 0x0000000002a64bdb to 0x0000000002a65049

Events (10 events):
Event: 20.057 Thread 0x00000000022a2800 DEOPT PACKING pc=0x0000000002fb5b88 sp=0x000000000221dc10
Event: 20.057 Thread 0x00000000022a2800 DEOPT UNPACKING pc=0x000000000246583b sp=0x000000000221db98 mode 2
Event: 20.066 loading class org/apache/maven/plugin/war/util/WarUtils
Event: 20.066 loading class org/apache/maven/plugin/war/util/WarUtils done
Event: 20.066 loading class org/apache/maven/plugin/war/util/WarUtils
Event: 20.066 loading class org/apache/maven/plugin/war/util/WarUtils done
Event: 20.066 loading class org/apache/maven/plugin/war/util/WarUtils
Event: 20.066 loading class org/apache/maven/plugin/war/util/WarUtils done
Event: 20.066 loading class org/apache/maven/plugin/war/util/WarUtils
Event: 20.066 loading class org/apache/maven/plugin/war/util/WarUtils done


Dynamic libraries:
0x00007ff7380b0000 - 0x00007ff7380e7000 	C:\Program Files\Java\jdk1.8.0_201\bin\java.exe
0x00007ff990e40000 - 0x00007ff991030000 	C:\WINDOWS\SYSTEM32\ntdll.dll
0x00007ff98fe40000 - 0x00007ff98fef2000 	C:\WINDOWS\System32\KERNEL32.DLL
0x00007ff98dff0000 - 0x00007ff98e294000 	C:\WINDOWS\System32\KERNELBASE.dll
0x00007ff98f2d0000 - 0x00007ff98f373000 	C:\WINDOWS\System32\ADVAPI32.dll
0x00007ff98f8c0000 - 0x00007ff98f95e000 	C:\WINDOWS\System32\msvcrt.dll
0x00007ff98eef0000 - 0x00007ff98ef87000 	C:\WINDOWS\System32\sechost.dll
0x00007ff98fa60000 - 0x00007ff98fb80000 	C:\WINDOWS\System32\RPCRT4.dll
0x00007ff98ff00000 - 0x00007ff990095000 	C:\WINDOWS\System32\USER32.dll
0x00007ff98e3c0000 - 0x00007ff98e3e1000 	C:\WINDOWS\System32\win32u.dll
0x00007ff98fa30000 - 0x00007ff98fa56000 	C:\WINDOWS\System32\GDI32.dll
0x00007ff98de50000 - 0x00007ff98dfe6000 	C:\WINDOWS\System32\gdi32full.dll
0x00007ff98e3f0000 - 0x00007ff98e48e000 	C:\WINDOWS\System32\msvcp_win.dll
0x00007ff98e2c0000 - 0x00007ff98e3ba000 	C:\WINDOWS\System32\ucrtbase.dll
0x00007ff973150000 - 0x00007ff9733d4000 	C:\WINDOWS\WinSxS\amd64_microsoft.windows.common-controls_6595b64144ccf1df_6.0.18362.1016_none_9e7a36bbe461dae4\COMCTL32.dll
0x00007ff98ef90000 - 0x00007ff98f2c5000 	C:\WINDOWS\System32\combase.dll
0x00007ff98ec20000 - 0x00007ff98eca0000 	C:\WINDOWS\System32\bcryptPrimitives.dll
0x00007ff98fe10000 - 0x00007ff98fe3e000 	C:\WINDOWS\System32\IMM32.DLL
0x00000000770d0000 - 0x00000000771a1000 	C:\Program Files\Java\jdk1.8.0_201\jre\bin\msvcr100.dll
0x0000000076650000 - 0x0000000076ef4000 	C:\Program Files\Java\jdk1.8.0_201\jre\bin\server\jvm.dll
0x00007ff98f740000 - 0x00007ff98f748000 	C:\WINDOWS\System32\PSAPI.DLL
0x00007ff987720000 - 0x00007ff987729000 	C:\WINDOWS\SYSTEM32\WSOCK32.dll
0x00007ff98fda0000 - 0x00007ff98fe0f000 	C:\WINDOWS\System32\WS2_32.dll
0x00007ff98b520000 - 0x00007ff98b544000 	C:\WINDOWS\SYSTEM32\WINMM.dll
0x00007ff97c010000 - 0x00007ff97c01a000 	C:\WINDOWS\SYSTEM32\VERSION.dll
0x00007ff98b4f0000 - 0x00007ff98b51d000 	C:\WINDOWS\SYSTEM32\winmmbase.dll
0x00007ff98ed50000 - 0x00007ff98ed9a000 	C:\WINDOWS\System32\cfgmgr32.dll
0x00007ff987450000 - 0x00007ff98745f000 	C:\Program Files\Java\jdk1.8.0_201\jre\bin\verify.dll
0x00007ff9834b0000 - 0x00007ff9834d9000 	C:\Program Files\Java\jdk1.8.0_201\jre\bin\java.dll
0x00007ff986740000 - 0x00007ff986756000 	C:\Program Files\Java\jdk1.8.0_201\jre\bin\zip.dll
0x00007ff9900a0000 - 0x00007ff990787000 	C:\WINDOWS\System32\SHELL32.dll
0x00007ff98f3e0000 - 0x00007ff98f489000 	C:\WINDOWS\System32\shcore.dll
0x00007ff98e490000 - 0x00007ff98ec12000 	C:\WINDOWS\System32\windows.storage.dll
0x00007ff98dd00000 - 0x00007ff98dd23000 	C:\WINDOWS\System32\profapi.dll
0x00007ff98dd30000 - 0x00007ff98dd7a000 	C:\WINDOWS\System32\powrprof.dll
0x00007ff98dcf0000 - 0x00007ff98dd00000 	C:\WINDOWS\System32\UMPDC.dll
0x00007ff98f380000 - 0x00007ff98f3d2000 	C:\WINDOWS\System32\shlwapi.dll
0x00007ff98dd80000 - 0x00007ff98dd91000 	C:\WINDOWS\System32\kernel.appcore.dll
0x00007ff98e2a0000 - 0x00007ff98e2b7000 	C:\WINDOWS\System32\cryptsp.dll
0x00007ff985d10000 - 0x00007ff985d1a000 	C:\Program Files\NetBeans-12.0\netbeans\java\maven\lib\jansi-native\windows64\jansi.dll
0x00007ff985240000 - 0x00007ff98525a000 	C:\Program Files\Java\jdk1.8.0_201\jre\bin\net.dll
0x00007ff983e80000 - 0x00007ff984056000 	C:\WINDOWS\SYSTEM32\urlmon.dll
0x00007ff980ec0000 - 0x00007ff981166000 	C:\WINDOWS\SYSTEM32\iertutil.dll
0x00007ff98d6c0000 - 0x00007ff98d6cc000 	C:\WINDOWS\SYSTEM32\CRYPTBASE.DLL
0x00007ff98d4f0000 - 0x00007ff98d557000 	C:\WINDOWS\system32\mswsock.dll
0x00007ff982a60000 - 0x00007ff982a71000 	C:\Program Files\Java\jdk1.8.0_201\jre\bin\nio.dll

VM Arguments:
jvm_args: -Dclassworlds.conf=C:\Program Files\NetBeans-12.0\netbeans\java\maven\bin\..\bin\m2.conf -Dmaven.home=C:\Program Files\NetBeans-12.0\netbeans\java\maven\bin\.. -Dlibrary.jansi.path=C:\Program Files\NetBeans-12.0\netbeans\java\maven\bin\..\lib\jansi-native -Dmaven.multiModuleProjectDirectory=C:\Users\Admin\OneDrive\Documents\finalExamSpringFrameworkM7\finalExamSpringFrameworkM7 
java_command: org.codehaus.plexus.classworlds.launcher.Launcher -Dnetbeans.deploy=true -Dmaven.ext.class.path=C:\Program Files\NetBeans-12.0\netbeans\java\maven-nblib\netbeans-eventspy.jar -Dfile.encoding=UTF-8 package
java_class_path (initial): C:\Program Files\NetBeans-12.0\netbeans\java\maven\bin\..\boot\plexus-classworlds-2.6.0.jar
Launcher Type: SUN_STANDARD

Environment Variables:
JAVA_HOME=C:\Program Files\Java\jdk1.8.0_201
PATH=C:\Program Files (x86)\Common Files\Oracle\Java\javapath;C:\Program Files (x86)\Intel\iCLS Client\;C:\Program Files\Intel\iCLS Client\;C:\WINDOWS\system32;C:\WINDOWS;C:\WINDOWS\System32\Wbem;C:\WINDOWS\System32\WindowsPowerShell\v1.0\;C:\Program Files (x86)\Intel\Intel(R) Management Engine Components\DAL;C:\Program Files\Intel\Intel(R) Management Engine Components\DAL;C:\Program Files (x86)\Intel\Intel(R) Management Engine Components\IPT;C:\Program Files\Intel\Intel(R) Management Engine Components\IPT;C:\WINDOWS\System32\OpenSSH\;C:\ProgramData\chocolatey\bin;C:\Program Files\Git\cmd;C:\Program Files\nodejs\;C:\Users\Admin\AppData\Local\Microsoft\WindowsApps;C:\Modeltech_pe_edu_10.4a\win32pe_edu;C:\Program Files\Java\jdk1.8.0_201\bin;C:\Users\Admin\AppData\Roaming\npm
USERNAME=Admin
OS=Windows_NT
PROCESSOR_IDENTIFIER=Intel64 Family 6 Model 142 Stepping 9, GenuineIntel



---------------  S Y S T E M  ---------------

OS: Windows 10.0 , 64 bit Build 18362 (10.0.18362.959)

CPU:total 4 (initial active 4) (2 cores per cpu, 2 threads per core) family 6 model 142 stepping 9, cmov, cx8, fxsr, mmx, sse, sse2, sse3, ssse3, sse4.1, sse4.2, popcnt, avx, avx2, aes, clmul, erms, 3dnowpref, lzcnt, ht, tsc, tscinvbit, bmi1, bmi2, adx

Memory: 4k page, physical 4073152k(359924k free), swap 5404352k(6120k free)

vm_info: Java HotSpot(TM) 64-Bit Server VM (25.201-b09) for windows-amd64 JRE (1.8.0_201-b09), built on Dec 15 2018 18:36:39 by "java_re" with MS VC++ 10.0 (VS2010)

time: Thu Aug 20 21:14:54 2020
timezone: SE Asia Standard Time
elapsed time: 20 seconds (0d 0h 0m 20s)

