#
# There is insufficient memory for the Java Runtime Environment to continue.
# Native memory allocation (malloc) failed to allocate 1868512 bytes for Chunk::new
# Possible reasons:
#   The system is out of physical RAM or swap space
#   The process is running with CompressedOops enabled, and the Java Heap may be blocking the growth of the native heap
# Possible solutions:
#   Reduce memory load on the system
#   Increase physical memory or swap space
#   Check if swap backing store is full
#   Decrease Java heap size (-Xmx/-Xms)
#   Decrease number of Java threads
#   Decrease Java thread stack sizes (-Xss)
#   Set larger code cache with -XX:ReservedCodeCacheSize=
#   JVM is running with Unscaled Compressed Oops mode in which the Java heap is
#     placed in the first 4GB address space. The Java Heap base address is the
#     maximum limit for the native heap growth. Please use -XX:HeapBaseMinAddress
#     to set the Java Heap base and to place the Java Heap above 4GB virtual address.
# This output file may be truncated or incomplete.
#
#  Out of Memory Error (allocation.cpp:390), pid=6048, tid=0x0000000000001c54
#
# JRE version: Java(TM) SE Runtime Environment (8.0_201-b09) (build 1.8.0_201-b09)
# Java VM: Java HotSpot(TM) 64-Bit Server VM (25.201-b09 mixed mode windows-amd64 compressed oops)
# Failed to write core dump. Minidumps are not enabled by default on client versions of Windows
#

---------------  T H R E A D  ---------------

Current thread (0x0000000014f4b000):  JavaThread "C2 CompilerThread0" daemon [_thread_in_native, id=7252, stack(0x00000000165a0000,0x00000000166a0000)]

Stack: [0x00000000165a0000,0x00000000166a0000]
[error occurred during error reporting (printing stack bounds), id 0xc0000005]

Native frames: (J=compiled Java code, j=interpreted, Vv=VM code, C=native code)


Current CompileTask:
C2:   9398 2390   !   4       java.net.URLClassLoader$1::run (63 bytes)


---------------  P R O C E S S  ---------------

Java Threads: ( => current thread )
  0x00000000168cb800 JavaThread "Service Thread" daemon [_thread_blocked, id=8788, stack(0x0000000016ca0000,0x0000000016da0000)]
  0x0000000014f70800 JavaThread "C1 CompilerThread2" daemon [_thread_blocked, id=6508, stack(0x00000000167a0000,0x00000000168a0000)]
  0x0000000014f4e000 JavaThread "C2 CompilerThread1" daemon [_thread_in_native, id=4140, stack(0x00000000166a0000,0x00000000167a0000)]
=>0x0000000014f4b000 JavaThread "C2 CompilerThread0" daemon [_thread_in_native, id=7252, stack(0x00000000165a0000,0x00000000166a0000)]
  0x0000000014f4a000 JavaThread "Attach Listener" daemon [_thread_blocked, id=6420, stack(0x00000000164a0000,0x00000000165a0000)]
  0x0000000014f46800 JavaThread "Signal Dispatcher" daemon [_thread_blocked, id=4776, stack(0x00000000163a0000,0x00000000164a0000)]
  0x000000000289d800 JavaThread "Finalizer" daemon [_thread_blocked, id=8464, stack(0x00000000161a0000,0x00000000162a0000)]
  0x0000000014f2a000 JavaThread "Reference Handler" daemon [_thread_blocked, id=4980, stack(0x00000000160a0000,0x00000000161a0000)]
  0x00000000027a2800 JavaThread "main" [_thread_in_native, id=1544, stack(0x0000000000ec0000,0x0000000000fc0000)]

Other Threads:
  0x0000000014f09000 VMThread [stack: 0x0000000015fa0000,0x00000000160a0000] [id=2172]
  0x00000000168e5800 WatcherThread [stack: 0x0000000016da0000,0x0000000016ea0000] [id=8396]

VM state:not at safepoint (normal execution)

VM Mutex/Monitor currently owned by a thread: None

heap address: 0x00000000c1c00000, size: 996 MB, Compressed Oops mode: 32-bit
Narrow klass base: 0x0000000000000000, Narrow klass shift: 3
Compressed class space size: 1073741824 Address: 0x0000000100000000

Heap:
 PSYoungGen      total 35328K, used 34074K [0x00000000eb400000, 0x00000000f0200000, 0x0000000100000000)
  eden space 32768K, 96% used [0x00000000eb400000,0x00000000ed2caac8,0x00000000ed400000)
  from space 2560K, 99% used [0x00000000ed400000,0x00000000ed67c010,0x00000000ed680000)
  to   space 7168K, 0% used [0x00000000efb00000,0x00000000efb00000,0x00000000f0200000)
 ParOldGen       total 44032K, used 9738K [0x00000000c1c00000, 0x00000000c4700000, 0x00000000eb400000)
  object space 44032K, 22% used [0x00000000c1c00000,0x00000000c25828d0,0x00000000c4700000)
 Metaspace       used 15989K, capacity 16342K, committed 16640K, reserved 1064960K
  class space    used 1922K, capacity 2018K, committed 2048K, reserved 1048576K

Card table byte_map: [0x0000000011d30000,0x0000000011f30000] byte_map_base: 0x0000000011722000

Marking Bits: (ParMarkBitMap*) 0x0000000076e74ce0
 Begin Bits: [0x0000000012480000, 0x0000000013410000)
 End Bits:   [0x0000000013410000, 0x00000000143a0000)

Polling page: 0x00000000005f0000

CodeCache: size=245760Kb used=8207Kb max_used=8207Kb free=237552Kb
 bounds [0x0000000002970000, 0x0000000003180000, 0x0000000011970000]
 total_blobs=2866 nmethods=2504 adapters=274
 compilation: enabled

Compilation events (10 events):
Event: 9.286 Thread 0x0000000014f70800 2500       3       org.apache.maven.model.profile.DefaultProfileSelector::getActiveProfiles (223 bytes)
Event: 9.289 Thread 0x0000000014f70800 nmethod 2500 0x0000000003172050 code [0x0000000003172420, 0x0000000003174798]
Event: 9.289 Thread 0x0000000014f70800 2501       3       org.apache.maven.model.building.ModelData::setModel (6 bytes)
Event: 9.289 Thread 0x0000000014f70800 nmethod 2501 0x0000000003175d50 code [0x0000000003175ea0, 0x0000000003176010]
Event: 9.289 Thread 0x0000000014f70800 2502       3       org.apache.maven.model.merge.ModelMerger::mergePluginContainer (10 bytes)
Event: 9.289 Thread 0x0000000014f70800 nmethod 2502 0x0000000003176090 code [0x0000000003176200, 0x0000000003176408]
Event: 9.289 Thread 0x0000000014f70800 2503       1       org.apache.maven.model.building.DefaultModelBuildingRequest::isProcessPlugins (5 bytes)
Event: 9.290 Thread 0x0000000014f70800 nmethod 2503 0x00000000031764d0 code [0x0000000003176620, 0x0000000003176730]
Event: 9.290 Thread 0x0000000014f70800 2504       1       org.eclipse.aether.resolution.VersionRangeRequest::getRepositories (5 bytes)
Event: 9.290 Thread 0x0000000014f70800 nmethod 2504 0x0000000003176790 code [0x00000000031768e0, 0x00000000031769f0]

GC Heap History (10 events):
Event: 1.937 GC heap before
{Heap before GC invocations=1 (full 0):
 PSYoungGen      total 18944K, used 16384K [0x00000000eb400000, 0x00000000ec900000, 0x0000000100000000)
  eden space 16384K, 100% used [0x00000000eb400000,0x00000000ec400000,0x00000000ec400000)
  from space 2560K, 0% used [0x00000000ec680000,0x00000000ec680000,0x00000000ec900000)
  to   space 2560K, 0% used [0x00000000ec400000,0x00000000ec400000,0x00000000ec680000)
 ParOldGen       total 44032K, used 0K [0x00000000c1c00000, 0x00000000c4700000, 0x00000000eb400000)
  object space 44032K, 0% used [0x00000000c1c00000,0x00000000c1c00000,0x00000000c4700000)
 Metaspace       used 6757K, capacity 6892K, committed 7040K, reserved 1056768K
  class space    used 774K, capacity 856K, committed 896K, reserved 1048576K
Event: 1.953 GC heap after
Heap after GC invocations=1 (full 0):
 PSYoungGen      total 18944K, used 2540K [0x00000000eb400000, 0x00000000ec900000, 0x0000000100000000)
  eden space 16384K, 0% used [0x00000000eb400000,0x00000000eb400000,0x00000000ec400000)
  from space 2560K, 99% used [0x00000000ec400000,0x00000000ec67b330,0x00000000ec680000)
  to   space 2560K, 0% used [0x00000000ec680000,0x00000000ec680000,0x00000000ec900000)
 ParOldGen       total 44032K, used 1006K [0x00000000c1c00000, 0x00000000c4700000, 0x00000000eb400000)
  object space 44032K, 2% used [0x00000000c1c00000,0x00000000c1cfb928,0x00000000c4700000)
 Metaspace       used 6757K, capacity 6892K, committed 7040K, reserved 1056768K
  class space    used 774K, capacity 856K, committed 896K, reserved 1048576K
}
Event: 2.868 GC heap before
{Heap before GC invocations=2 (full 0):
 PSYoungGen      total 18944K, used 18924K [0x00000000eb400000, 0x00000000ec900000, 0x0000000100000000)
  eden space 16384K, 100% used [0x00000000eb400000,0x00000000ec400000,0x00000000ec400000)
  from space 2560K, 99% used [0x00000000ec400000,0x00000000ec67b330,0x00000000ec680000)
  to   space 2560K, 0% used [0x00000000ec680000,0x00000000ec680000,0x00000000ec900000)
 ParOldGen       total 44032K, used 1006K [0x00000000c1c00000, 0x00000000c4700000, 0x00000000eb400000)
  object space 44032K, 2% used [0x00000000c1c00000,0x00000000c1cfb928,0x00000000c4700000)
 Metaspace       used 8150K, capacity 8220K, committed 8448K, reserved 1056768K
  class space    used 986K, capacity 1016K, committed 1024K, reserved 1048576K
Event: 2.872 GC heap after
Heap after GC invocations=2 (full 0):
 PSYoungGen      total 18944K, used 2540K [0x00000000eb400000, 0x00000000ec900000, 0x0000000100000000)
  eden space 16384K, 0% used [0x00000000eb400000,0x00000000eb400000,0x00000000ec400000)
  from space 2560K, 99% used [0x00000000ec680000,0x00000000ec8fb320,0x00000000ec900000)
  to   space 2560K, 0% used [0x00000000ec400000,0x00000000ec400000,0x00000000ec680000)
 ParOldGen       total 44032K, used 1477K [0x00000000c1c00000, 0x00000000c4700000, 0x00000000eb400000)
  object space 44032K, 3% used [0x00000000c1c00000,0x00000000c1d71798,0x00000000c4700000)
 Metaspace       used 8150K, capacity 8220K, committed 8448K, reserved 1056768K
  class space    used 986K, capacity 1016K, committed 1024K, reserved 1048576K
}
Event: 3.187 GC heap before
{Heap before GC invocations=3 (full 0):
 PSYoungGen      total 18944K, used 18924K [0x00000000eb400000, 0x00000000ec900000, 0x0000000100000000)
  eden space 16384K, 100% used [0x00000000eb400000,0x00000000ec400000,0x00000000ec400000)
  from space 2560K, 99% used [0x00000000ec680000,0x00000000ec8fb320,0x00000000ec900000)
  to   space 2560K, 0% used [0x00000000ec400000,0x00000000ec400000,0x00000000ec680000)
 ParOldGen       total 44032K, used 1477K [0x00000000c1c00000, 0x00000000c4700000, 0x00000000eb400000)
  object space 44032K, 3% used [0x00000000c1c00000,0x00000000c1d71798,0x00000000c4700000)
 Metaspace       used 9608K, capacity 9786K, committed 9984K, reserved 1058816K
  class space    used 1157K, capacity 1214K, committed 1280K, reserved 1048576K
Event: 3.202 GC heap after
Heap after GC invocations=3 (full 0):
 PSYoungGen      total 18944K, used 2539K [0x00000000eb400000, 0x00000000ed900000, 0x0000000100000000)
  eden space 16384K, 0% used [0x00000000eb400000,0x00000000eb400000,0x00000000ec400000)
  from space 2560K, 99% used [0x00000000ec400000,0x00000000ec67adb0,0x00000000ec680000)
  to   space 2560K, 0% used [0x00000000ed680000,0x00000000ed680000,0x00000000ed900000)
 ParOldGen       total 44032K, used 3249K [0x00000000c1c00000, 0x00000000c4700000, 0x00000000eb400000)
  object space 44032K, 7% used [0x00000000c1c00000,0x00000000c1f2c7c0,0x00000000c4700000)
 Metaspace       used 9608K, capacity 9786K, committed 9984K, reserved 1058816K
  class space    used 1157K, capacity 1214K, committed 1280K, reserved 1048576K
}
Event: 4.024 GC heap before
{Heap before GC invocations=4 (full 0):
 PSYoungGen      total 18944K, used 18923K [0x00000000eb400000, 0x00000000ed900000, 0x0000000100000000)
  eden space 16384K, 100% used [0x00000000eb400000,0x00000000ec400000,0x00000000ec400000)
  from space 2560K, 99% used [0x00000000ec400000,0x00000000ec67adb0,0x00000000ec680000)
  to   space 2560K, 0% used [0x00000000ed680000,0x00000000ed680000,0x00000000ed900000)
 ParOldGen       total 44032K, used 3249K [0x00000000c1c00000, 0x00000000c4700000, 0x00000000eb400000)
  object space 44032K, 7% used [0x00000000c1c00000,0x00000000c1f2c7c0,0x00000000c4700000)
 Metaspace       used 11397K, capacity 11580K, committed 11776K, reserved 1058816K
  class space    used 1411K, capacity 1511K, committed 1536K, reserved 1048576K
Event: 4.030 GC heap after
Heap after GC invocations=4 (full 0):
 PSYoungGen      total 35328K, used 2528K [0x00000000eb400000, 0x00000000ed900000, 0x0000000100000000)
  eden space 32768K, 0% used [0x00000000eb400000,0x00000000eb400000,0x00000000ed400000)
  from space 2560K, 98% used [0x00000000ed680000,0x00000000ed8f8020,0x00000000ed900000)
  to   space 2560K, 0% used [0x00000000ed400000,0x00000000ed400000,0x00000000ed680000)
 ParOldGen       total 44032K, used 5266K [0x00000000c1c00000, 0x00000000c4700000, 0x00000000eb400000)
  object space 44032K, 11% used [0x00000000c1c00000,0x00000000c2124870,0x00000000c4700000)
 Metaspace       used 11397K, capacity 11580K, committed 11776K, reserved 1058816K
  class space    used 1411K, capacity 1511K, committed 1536K, reserved 1048576K
}
Event: 6.993 GC heap before
{Heap before GC invocations=5 (full 0):
 PSYoungGen      total 35328K, used 35296K [0x00000000eb400000, 0x00000000ed900000, 0x0000000100000000)
  eden space 32768K, 100% used [0x00000000eb400000,0x00000000ed400000,0x00000000ed400000)
  from space 2560K, 98% used [0x00000000ed680000,0x00000000ed8f8020,0x00000000ed900000)
  to   space 2560K, 0% used [0x00000000ed400000,0x00000000ed400000,0x00000000ed680000)
 ParOldGen       total 44032K, used 5266K [0x00000000c1c00000, 0x00000000c4700000, 0x00000000eb400000)
  object space 44032K, 11% used [0x00000000c1c00000,0x00000000c2124870,0x00000000c4700000)
 Metaspace       used 15106K, capacity 15346K, committed 15616K, reserved 1062912K
  class space    used 1840K, capacity 1944K, committed 2048K, reserved 1048576K
Event: 7.011 GC heap after
Heap after GC invocations=5 (full 0):
 PSYoungGen      total 35328K, used 2544K [0x00000000eb400000, 0x00000000f0200000, 0x0000000100000000)
  eden space 32768K, 0% used [0x00000000eb400000,0x00000000eb400000,0x00000000ed400000)
  from space 2560K, 99% used [0x00000000ed400000,0x00000000ed67c010,0x00000000ed680000)
  to   space 7168K, 0% used [0x00000000efb00000,0x00000000efb00000,0x00000000f0200000)
 ParOldGen       total 44032K, used 9738K [0x00000000c1c00000, 0x00000000c4700000, 0x00000000eb400000)
  object space 44032K, 22% used [0x00000000c1c00000,0x00000000c25828d0,0x00000000c4700000)
 Metaspace       used 15106K, capacity 15346K, committed 15616K, reserved 1062912K
  class space    used 1840K, capacity 1944K, committed 2048K, reserved 1048576K
}

Deoptimization events (10 events):
Event: 7.798 Thread 0x00000000027a2800 Uncommon trap: reason=speculate_class_check action=maybe_recompile pc=0x000000000301c2c4 method=java.nio.charset.CharsetDecoder.decode(Ljava/nio/ByteBuffer;Ljava/nio/CharBuffer;Z)Ljava/nio/charset/CoderResult; @ 57
Event: 7.798 Thread 0x00000000027a2800 Uncommon trap: reason=speculate_class_check action=maybe_recompile pc=0x000000000301c2c4 method=java.nio.charset.CharsetDecoder.decode(Ljava/nio/ByteBuffer;Ljava/nio/CharBuffer;Z)Ljava/nio/charset/CoderResult; @ 57
Event: 7.825 Thread 0x00000000027a2800 Uncommon trap: reason=unstable_if action=reinterpret pc=0x0000000002fa4f18 method=org.codehaus.plexus.util.xml.pull.MXParser.nextImpl()I @ 280
Event: 7.960 Thread 0x00000000027a2800 Uncommon trap: reason=unstable_if action=reinterpret pc=0x0000000002d294b4 method=java.util.HashMap.hash(Ljava/lang/Object;)I @ 1
Event: 7.961 Thread 0x00000000027a2800 Uncommon trap: reason=unstable_if action=reinterpret pc=0x0000000002c02768 method=java.util.HashMap.hash(Ljava/lang/Object;)I @ 1
Event: 7.961 Thread 0x00000000027a2800 Uncommon trap: reason=unstable_if action=reinterpret pc=0x0000000002cfe178 method=java.util.HashMap.getNode(ILjava/lang/Object;)Ljava/util/HashMap$Node; @ 53
Event: 8.522 Thread 0x00000000027a2800 Uncommon trap: reason=class_check action=maybe_recompile pc=0x0000000002e57b88 method=com.google.inject.internal.LinkedBindingImpl.acceptTargetVisitor(Lcom/google/inject/spi/BindingTargetVisitor;)Ljava/lang/Object; @ 2
Event: 8.522 Thread 0x00000000027a2800 Uncommon trap: reason=class_check action=maybe_recompile pc=0x0000000002e57b88 method=com.google.inject.internal.LinkedBindingImpl.acceptTargetVisitor(Lcom/google/inject/spi/BindingTargetVisitor;)Ljava/lang/Object; @ 2
Event: 8.622 Thread 0x00000000027a2800 Uncommon trap: reason=class_check action=maybe_recompile pc=0x0000000002e57b88 method=com.google.inject.internal.LinkedBindingImpl.acceptTargetVisitor(Lcom/google/inject/spi/BindingTargetVisitor;)Ljava/lang/Object; @ 2
Event: 8.622 Thread 0x00000000027a2800 Uncommon trap: reason=class_check action=maybe_recompile pc=0x0000000002e57b88 method=com.google.inject.internal.LinkedBindingImpl.acceptTargetVisitor(Lcom/google/inject/spi/BindingTargetVisitor;)Ljava/lang/Object; @ 2

Classes redefined (0 events):
No events

Internal exceptions (10 events):
Event: 4.703 Thread 0x00000000027a2800 Exception <a 'java/lang/NoClassDefFoundError': javax/annotation/Priority> (0x00000000ebe66840) thrown at [C:\re\workspace\8-2-build-windows-amd64-cygwin\jdk8u201\12322\hotspot\src\share\vm\classfile\systemDictionary.cpp, line 199]
Event: 5.178 Thread 0x00000000027a2800 Exception <a 'java/lang/NullPointerException'> (0x00000000ec5cc490) thrown at [C:\re\workspace\8-2-build-windows-amd64-cygwin\jdk8u201\12322\hotspot\src\share\vm\interpreter\linkResolver.cpp, line 1185]
Event: 5.178 Thread 0x00000000027a2800 Exception <a 'java/lang/NullPointerException'> (0x00000000ec5cc6a8) thrown at [C:\re\workspace\8-2-build-windows-amd64-cygwin\jdk8u201\12322\hotspot\src\share\vm\interpreter\linkResolver.cpp, line 1185]
Event: 5.178 Thread 0x00000000027a2800 Exception <a 'java/lang/NullPointerException'> (0x00000000ec5cc8c0) thrown at [C:\re\workspace\8-2-build-windows-amd64-cygwin\jdk8u201\12322\hotspot\src\share\vm\interpreter\linkResolver.cpp, line 1185]
Event: 5.180 Thread 0x00000000027a2800 Exception <a 'java/lang/NullPointerException'> (0x00000000ec5d4ec0) thrown at [C:\re\workspace\8-2-build-windows-amd64-cygwin\jdk8u201\12322\hotspot\src\share\vm\interpreter\linkResolver.cpp, line 1185]
Event: 5.180 Thread 0x00000000027a2800 Exception <a 'java/lang/NullPointerException'> (0x00000000ec5d50d8) thrown at [C:\re\workspace\8-2-build-windows-amd64-cygwin\jdk8u201\12322\hotspot\src\share\vm\interpreter\linkResolver.cpp, line 1185]
Event: 5.180 Thread 0x00000000027a2800 Exception <a 'java/lang/NullPointerException'> (0x00000000ec5d52f0) thrown at [C:\re\workspace\8-2-build-windows-amd64-cygwin\jdk8u201\12322\hotspot\src\share\vm\interpreter\linkResolver.cpp, line 1185]
Event: 6.546 Thread 0x00000000027a2800 Implicit null exception at 0x0000000002f2d38a to 0x0000000002f2d631
Event: 7.960 Thread 0x00000000027a2800 Implicit null exception at 0x0000000002d292d5 to 0x0000000002d294a5
Event: 7.961 Thread 0x00000000027a2800 Implicit null exception at 0x0000000002c026ef to 0x0000000002c02759

Events (10 events):
Event: 8.821 loading class org/apache/maven/plugin/clean/Cleaner$3
Event: 8.821 loading class org/apache/maven/plugin/clean/Cleaner$3 done
Event: 8.825 loading class org/apache/maven/plugin/clean/Cleaner$Result
Event: 8.825 loading class org/apache/maven/plugin/clean/Cleaner$Result done
Event: 8.825 loading class org/apache/maven/plugin/clean/Cleaner$Result
Event: 8.825 loading class org/apache/maven/plugin/clean/Cleaner$Result done
Event: 8.826 loading class org/apache/maven/plugin/clean/Cleaner$Result
Event: 8.826 loading class org/apache/maven/plugin/clean/Cleaner$Result done
Event: 8.826 loading class org/apache/maven/plugin/clean/Cleaner$Result
Event: 8.826 loading class org/apache/maven/plugin/clean/Cleaner$Result done


Dynamic libraries:
0x00007ff7380b0000 - 0x00007ff7380e7000 	C:\Program Files\Java\jdk1.8.0_201\bin\java.exe
0x00007ff990e40000 - 0x00007ff991030000 	C:\WINDOWS\SYSTEM32\ntdll.dll
0x00007ff98fe40000 - 0x00007ff98fef2000 	C:\WINDOWS\System32\KERNEL32.DLL
0x00007ff98dff0000 - 0x00007ff98e294000 	C:\WINDOWS\System32\KERNELBASE.dll
0x00007ff98f2d0000 - 0x00007ff98f373000 	C:\WINDOWS\System32\ADVAPI32.dll
0x00007ff98f8c0000 - 0x00007ff98f95e000 	C:\WINDOWS\System32\msvcrt.dll
0x00007ff98eef0000 - 0x00007ff98ef87000 	C:\WINDOWS\System32\sechost.dll
0x00007ff98fa60000 - 0x00007ff98fb80000 	C:\WINDOWS\System32\RPCRT4.dll
0x00007ff98ff00000 - 0x00007ff990095000 	C:\WINDOWS\System32\USER32.dll
0x00007ff98e3c0000 - 0x00007ff98e3e1000 	C:\WINDOWS\System32\win32u.dll
0x00007ff98fa30000 - 0x00007ff98fa56000 	C:\WINDOWS\System32\GDI32.dll
0x00007ff98de50000 - 0x00007ff98dfe6000 	C:\WINDOWS\System32\gdi32full.dll
0x00007ff98e3f0000 - 0x00007ff98e48e000 	C:\WINDOWS\System32\msvcp_win.dll
0x00007ff98e2c0000 - 0x00007ff98e3ba000 	C:\WINDOWS\System32\ucrtbase.dll
0x00007ff973150000 - 0x00007ff9733d4000 	C:\WINDOWS\WinSxS\amd64_microsoft.windows.common-controls_6595b64144ccf1df_6.0.18362.1016_none_9e7a36bbe461dae4\COMCTL32.dll
0x00007ff98ef90000 - 0x00007ff98f2c5000 	C:\WINDOWS\System32\combase.dll
0x00007ff98ec20000 - 0x00007ff98eca0000 	C:\WINDOWS\System32\bcryptPrimitives.dll
0x00007ff98fe10000 - 0x00007ff98fe3e000 	C:\WINDOWS\System32\IMM32.DLL
0x00000000770d0000 - 0x00000000771a1000 	C:\Program Files\Java\jdk1.8.0_201\jre\bin\msvcr100.dll
0x0000000076650000 - 0x0000000076ef4000 	C:\Program Files\Java\jdk1.8.0_201\jre\bin\server\jvm.dll
0x00007ff98f740000 - 0x00007ff98f748000 	C:\WINDOWS\System32\PSAPI.DLL
0x00007ff98b520000 - 0x00007ff98b544000 	C:\WINDOWS\SYSTEM32\WINMM.dll
0x00007ff97c010000 - 0x00007ff97c01a000 	C:\WINDOWS\SYSTEM32\VERSION.dll
0x00007ff987720000 - 0x00007ff987729000 	C:\WINDOWS\SYSTEM32\WSOCK32.dll
0x00007ff98fda0000 - 0x00007ff98fe0f000 	C:\WINDOWS\System32\WS2_32.dll
0x00007ff98b4f0000 - 0x00007ff98b51d000 	C:\WINDOWS\SYSTEM32\winmmbase.dll
0x00007ff98ed50000 - 0x00007ff98ed9a000 	C:\WINDOWS\System32\cfgmgr32.dll
0x00007ff987450000 - 0x00007ff98745f000 	C:\Program Files\Java\jdk1.8.0_201\jre\bin\verify.dll
0x00007ff9834b0000 - 0x00007ff9834d9000 	C:\Program Files\Java\jdk1.8.0_201\jre\bin\java.dll
0x00007ff986740000 - 0x00007ff986756000 	C:\Program Files\Java\jdk1.8.0_201\jre\bin\zip.dll
0x00007ff9900a0000 - 0x00007ff990787000 	C:\WINDOWS\System32\SHELL32.dll
0x00007ff98f3e0000 - 0x00007ff98f489000 	C:\WINDOWS\System32\shcore.dll
0x00007ff98e490000 - 0x00007ff98ec12000 	C:\WINDOWS\System32\windows.storage.dll
0x00007ff98dd00000 - 0x00007ff98dd23000 	C:\WINDOWS\System32\profapi.dll
0x00007ff98dd30000 - 0x00007ff98dd7a000 	C:\WINDOWS\System32\powrprof.dll
0x00007ff98dcf0000 - 0x00007ff98dd00000 	C:\WINDOWS\System32\UMPDC.dll
0x00007ff98f380000 - 0x00007ff98f3d2000 	C:\WINDOWS\System32\shlwapi.dll
0x00007ff98dd80000 - 0x00007ff98dd91000 	C:\WINDOWS\System32\kernel.appcore.dll
0x00007ff98e2a0000 - 0x00007ff98e2b7000 	C:\WINDOWS\System32\cryptsp.dll
0x00007ff986d10000 - 0x00007ff986d1a000 	C:\Program Files\NetBeans-12.0\netbeans\java\maven\lib\jansi-native\windows64\jansi.dll
0x00007ff985240000 - 0x00007ff98525a000 	C:\Program Files\Java\jdk1.8.0_201\jre\bin\net.dll
0x00007ff983e80000 - 0x00007ff984056000 	C:\WINDOWS\SYSTEM32\urlmon.dll
0x00007ff980ec0000 - 0x00007ff981166000 	C:\WINDOWS\SYSTEM32\iertutil.dll
0x00007ff98d6c0000 - 0x00007ff98d6cc000 	C:\WINDOWS\SYSTEM32\CRYPTBASE.DLL
0x00007ff98d4f0000 - 0x00007ff98d557000 	C:\WINDOWS\system32\mswsock.dll
0x00007ff982a60000 - 0x00007ff982a71000 	C:\Program Files\Java\jdk1.8.0_201\jre\bin\nio.dll

VM Arguments:
jvm_args: -Dclassworlds.conf=C:\Program Files\NetBeans-12.0\netbeans\java\maven\bin\..\bin\m2.conf -Dmaven.home=C:\Program Files\NetBeans-12.0\netbeans\java\maven\bin\.. -Dlibrary.jansi.path=C:\Program Files\NetBeans-12.0\netbeans\java\maven\bin\..\lib\jansi-native -Dmaven.multiModuleProjectDirectory=C:\Users\Admin\OneDrive\Documents\finalExamSpringFrameworkM7\finalExamSpringFrameworkM7 
java_command: org.codehaus.plexus.classworlds.launcher.Launcher -Dmaven.ext.class.path=C:\Program Files\NetBeans-12.0\netbeans\java\maven-nblib\netbeans-eventspy.jar -Dfile.encoding=UTF-8 clean install
java_class_path (initial): C:\Program Files\NetBeans-12.0\netbeans\java\maven\bin\..\boot\plexus-classworlds-2.6.0.jar
Launcher Type: SUN_STANDARD

Environment Variables:
JAVA_HOME=C:\Program Files\Java\jdk1.8.0_201
PATH=C:\Program Files (x86)\Common Files\Oracle\Java\javapath;C:\Program Files (x86)\Intel\iCLS Client\;C:\Program Files\Intel\iCLS Client\;C:\WINDOWS\system32;C:\WINDOWS;C:\WINDOWS\System32\Wbem;C:\WINDOWS\System32\WindowsPowerShell\v1.0\;C:\Program Files (x86)\Intel\Intel(R) Management Engine Components\DAL;C:\Program Files\Intel\Intel(R) Management Engine Components\DAL;C:\Program Files (x86)\Intel\Intel(R) Management Engine Components\IPT;C:\Program Files\Intel\Intel(R) Management Engine Components\IPT;C:\WINDOWS\System32\OpenSSH\;C:\ProgramData\chocolatey\bin;C:\Program Files\Git\cmd;C:\Program Files\nodejs\;C:\Users\Admin\AppData\Local\Microsoft\WindowsApps;C:\Modeltech_pe_edu_10.4a\win32pe_edu;C:\Program Files\Java\jdk1.8.0_201\bin;C:\Users\Admin\AppData\Roaming\npm
USERNAME=Admin
OS=Windows_NT
PROCESSOR_IDENTIFIER=Intel64 Family 6 Model 142 Stepping 9, GenuineIntel



---------------  S Y S T E M  ---------------

OS: Windows 10.0 , 64 bit Build 18362 (10.0.18362.959)

CPU:total 4 (initial active 4) (2 cores per cpu, 2 threads per core) family 6 model 142 stepping 9, cmov, cx8, fxsr, mmx, sse, sse2, sse3, ssse3, sse4.1, sse4.2, popcnt, avx, avx2, aes, clmul, erms, 3dnowpref, lzcnt, ht, tsc, tscinvbit, bmi1, bmi2, adx

Memory: 4k page, physical 4073152k(363556k free), swap 5404352k(5592k free)

vm_info: Java HotSpot(TM) 64-Bit Server VM (25.201-b09) for windows-amd64 JRE (1.8.0_201-b09), built on Dec 15 2018 18:36:39 by "java_re" with MS VC++ 10.0 (VS2010)

time: Thu Aug 20 21:05:54 2020
timezone: SE Asia Standard Time
elapsed time: 9 seconds (0d 0h 0m 9s)

