#
# There is insufficient memory for the Java Runtime Environment to continue.
# Native memory allocation (malloc) failed to allocate 912016 bytes for Chunk::new
# Possible reasons:
#   The system is out of physical RAM or swap space
#   The process is running with CompressedOops enabled, and the Java Heap may be blocking the growth of the native heap
# Possible solutions:
#   Reduce memory load on the system
#   Increase physical memory or swap space
#   Check if swap backing store is full
#   Decrease Java heap size (-Xmx/-Xms)
#   Decrease number of Java threads
#   Decrease Java thread stack sizes (-Xss)
#   Set larger code cache with -XX:ReservedCodeCacheSize=
#   JVM is running with Unscaled Compressed Oops mode in which the Java heap is
#     placed in the first 4GB address space. The Java Heap base address is the
#     maximum limit for the native heap growth. Please use -XX:HeapBaseMinAddress
#     to set the Java Heap base and to place the Java Heap above 4GB virtual address.
# This output file may be truncated or incomplete.
#
#  Out of Memory Error (allocation.cpp:390), pid=10912, tid=0x000000000000161c
#
# JRE version: Java(TM) SE Runtime Environment (8.0_201-b09) (build 1.8.0_201-b09)
# Java VM: Java HotSpot(TM) 64-Bit Server VM (25.201-b09 mixed mode windows-amd64 compressed oops)
# Failed to write core dump. Minidumps are not enabled by default on client versions of Windows
#

---------------  T H R E A D  ---------------

Current thread (0x0000000015986800):  JavaThread "C2 CompilerThread1" daemon [_thread_in_native, id=5660, stack(0x0000000017100000,0x0000000017200000)]

Stack: [0x0000000017100000,0x0000000017200000]
[error occurred during error reporting (printing stack bounds), id 0xc0000005]

Native frames: (J=compiled Java code, j=interpreted, Vv=VM code, C=native code)


Current CompileTask:
C2:  19777 4419 %     4       java.io.WinNTFileSystem::normalize @ 22 (143 bytes)


---------------  P R O C E S S  ---------------

Java Threads: ( => current thread )
  0x0000000015991000 JavaThread "Thread-3" [_thread_in_native, id=8824, stack(0x000000001ce80000,0x000000001cf80000)]
  0x0000000015990800 JavaThread "Thread-2" [_thread_in_native, id=8304, stack(0x000000001cd80000,0x000000001ce80000)]
  0x000000001598f000 JavaThread "ThreadedStreamConsumer" [_thread_blocked, id=7596, stack(0x000000001cc80000,0x000000001cd80000)]
  0x0000000015993800 JavaThread "resolver-4" daemon [_thread_blocked, id=9288, stack(0x000000001c840000,0x000000001c940000)]
  0x000000001598f800 JavaThread "resolver-3" daemon [_thread_blocked, id=8888, stack(0x000000001c740000,0x000000001c840000)]
  0x000000001598e000 JavaThread "resolver-2" daemon [_thread_blocked, id=2344, stack(0x000000001c390000,0x000000001c490000)]
  0x0000000015995000 JavaThread "resolver-1" daemon [_thread_blocked, id=3132, stack(0x000000001c290000,0x000000001c390000)]
  0x00000000159ce800 JavaThread "Service Thread" daemon [_thread_blocked, id=7236, stack(0x0000000017700000,0x0000000017800000)]
  0x0000000015992000 JavaThread "C1 CompilerThread2" daemon [_thread_blocked, id=648, stack(0x0000000017200000,0x0000000017300000)]
=>0x0000000015986800 JavaThread "C2 CompilerThread1" daemon [_thread_in_native, id=5660, stack(0x0000000017100000,0x0000000017200000)]
  0x0000000015979000 JavaThread "C2 CompilerThread0" daemon [_thread_in_native, id=8932, stack(0x0000000017000000,0x0000000017100000)]
  0x0000000015977800 JavaThread "Attach Listener" daemon [_thread_blocked, id=7084, stack(0x0000000016f00000,0x0000000017000000)]
  0x0000000015976000 JavaThread "Signal Dispatcher" daemon [_thread_blocked, id=6792, stack(0x0000000016e00000,0x0000000016f00000)]
  0x000000000339d800 JavaThread "Finalizer" daemon [_thread_blocked, id=7788, stack(0x0000000016c00000,0x0000000016d00000)]
  0x000000001595a000 JavaThread "Reference Handler" daemon [_thread_blocked, id=5300, stack(0x0000000016b00000,0x0000000016c00000)]
  0x00000000032a2800 JavaThread "main" [_thread_in_native, id=3220, stack(0x00000000031a0000,0x00000000032a0000)]

Other Threads:
  0x0000000015939000 VMThread [stack: 0x0000000016a00000,0x0000000016b00000] [id=8368]
  0x000000001735f000 WatcherThread [stack: 0x0000000017800000,0x0000000017900000] [id=10484]

VM state:not at safepoint (normal execution)

VM Mutex/Monitor currently owned by a thread: None

heap address: 0x00000000c1c00000, size: 996 MB, Compressed Oops mode: 32-bit
Narrow klass base: 0x0000000000000000, Narrow klass shift: 3
Compressed class space size: 1073741824 Address: 0x0000000100000000

Heap:
 PSYoungGen      total 140288K, used 30173K [0x00000000eb400000, 0x00000000f8980000, 0x0000000100000000)
  eden space 131072K, 16% used [0x00000000eb400000,0x00000000ec87b2b8,0x00000000f3400000)
  from space 9216K, 99% used [0x00000000f3400000,0x00000000f3cfc320,0x00000000f3d00000)
  to   space 15360K, 0% used [0x00000000f7a80000,0x00000000f7a80000,0x00000000f8980000)
 ParOldGen       total 35840K, used 22779K [0x00000000c1c00000, 0x00000000c3f00000, 0x00000000eb400000)
  object space 35840K, 63% used [0x00000000c1c00000,0x00000000c323ee88,0x00000000c3f00000)
 Metaspace       used 28446K, capacity 29130K, committed 29312K, reserved 1075200K
  class space    used 3427K, capacity 3639K, committed 3712K, reserved 1048576K

Card table byte_map: [0x0000000012760000,0x0000000012960000] byte_map_base: 0x0000000012152000

Marking Bits: (ParMarkBitMap*) 0x00000000746c4ce0
 Begin Bits: [0x0000000012eb0000, 0x0000000013e40000)
 End Bits:   [0x0000000013e40000, 0x0000000014dd0000)

Polling page: 0x0000000003080000

CodeCache: size=245760Kb used=13197Kb max_used=14959Kb free=232562Kb
 bounds [0x00000000033a0000, 0x0000000004250000, 0x00000000123a0000]
 total_blobs=4375 nmethods=3965 adapters=322
 compilation: enabled

Compilation events (10 events):
Event: 19.727 Thread 0x0000000015992000 4440       3       java.util.Arrays::binarySearch (9 bytes)
Event: 19.727 Thread 0x0000000015992000 nmethod 4440 0x00000000038ca1d0 code [0x00000000038ca340, 0x00000000038ca4c8]
Event: 19.727 Thread 0x0000000015992000 4441       3       java.util.Arrays::binarySearch0 (72 bytes)
Event: 19.727 Thread 0x0000000015992000 nmethod 4441 0x000000000350f350 code [0x000000000350f4c0, 0x000000000350f770]
Event: 19.728 Thread 0x0000000015992000 4442       3       java.lang.ProcessEnvironment$CheckedEntry::getKey (5 bytes)
Event: 19.728 Thread 0x0000000015992000 nmethod 4442 0x000000000376ded0 code [0x000000000376e040, 0x000000000376e3a8]
Event: 19.728 Thread 0x0000000015992000 4444       3       java.lang.ProcessEnvironment$NameComparator::compare (90 bytes)
Event: 19.729 Thread 0x0000000015992000 nmethod 4444 0x00000000034c2c90 code [0x00000000034c2ec0, 0x00000000034c3c38]
Event: 19.729 Thread 0x0000000015992000 4443       3       java.lang.ProcessEnvironment$CheckedEntry::getKey (13 bytes)
Event: 19.729 Thread 0x0000000015992000 nmethod 4443 0x00000000035f3550 code [0x00000000035f36c0, 0x00000000035f39c8]

GC Heap History (10 events):
Event: 3.193 GC heap before
{Heap before GC invocations=6 (full 0):
 PSYoungGen      total 35328K, used 35328K [0x00000000eb400000, 0x00000000f0200000, 0x0000000100000000)
  eden space 32768K, 100% used [0x00000000eb400000,0x00000000ed400000,0x00000000ed400000)
  from space 2560K, 100% used [0x00000000ed400000,0x00000000ed680000,0x00000000ed680000)
  to   space 7168K, 0% used [0x00000000efb00000,0x00000000efb00000,0x00000000f0200000)
 ParOldGen       total 44032K, used 9719K [0x00000000c1c00000, 0x00000000c4700000, 0x00000000eb400000)
  object space 44032K, 22% used [0x00000000c1c00000,0x00000000c257dea0,0x00000000c4700000)
 Metaspace       used 15846K, capacity 16126K, committed 16384K, reserved 1062912K
  class space    used 1897K, capacity 1984K, committed 2048K, reserved 1048576K
Event: 3.222 GC heap after
Heap after GC invocations=6 (full 0):
 PSYoungGen      total 72704K, used 5357K [0x00000000eb400000, 0x00000000f0200000, 0x0000000100000000)
  eden space 65536K, 0% used [0x00000000eb400000,0x00000000eb400000,0x00000000ef400000)
  from space 7168K, 74% used [0x00000000efb00000,0x00000000f003b6c0,0x00000000f0200000)
  to   space 7168K, 0% used [0x00000000ef400000,0x00000000ef400000,0x00000000efb00000)
 ParOldGen       total 44032K, used 9727K [0x00000000c1c00000, 0x00000000c4700000, 0x00000000eb400000)
  object space 44032K, 22% used [0x00000000c1c00000,0x00000000c257fea0,0x00000000c4700000)
 Metaspace       used 15846K, capacity 16126K, committed 16384K, reserved 1062912K
  class space    used 1897K, capacity 1984K, committed 2048K, reserved 1048576K
}
Event: 15.824 GC heap before
{Heap before GC invocations=7 (full 0):
 PSYoungGen      total 72704K, used 70893K [0x00000000eb400000, 0x00000000f0200000, 0x0000000100000000)
  eden space 65536K, 100% used [0x00000000eb400000,0x00000000ef400000,0x00000000ef400000)
  from space 7168K, 74% used [0x00000000efb00000,0x00000000f003b6c0,0x00000000f0200000)
  to   space 7168K, 0% used [0x00000000ef400000,0x00000000ef400000,0x00000000efb00000)
 ParOldGen       total 44032K, used 9727K [0x00000000c1c00000, 0x00000000c4700000, 0x00000000eb400000)
  object space 44032K, 22% used [0x00000000c1c00000,0x00000000c257fea0,0x00000000c4700000)
 Metaspace       used 17904K, capacity 18454K, committed 18688K, reserved 1064960K
  class space    used 2123K, capacity 2272K, committed 2304K, reserved 1048576K
Event: 15.841 GC heap after
Heap after GC invocations=7 (full 0):
 PSYoungGen      total 72704K, used 7156K [0x00000000eb400000, 0x00000000f4600000, 0x0000000100000000)
  eden space 65536K, 0% used [0x00000000eb400000,0x00000000eb400000,0x00000000ef400000)
  from space 7168K, 99% used [0x00000000ef400000,0x00000000efafd258,0x00000000efb00000)
  to   space 9216K, 0% used [0x00000000f3d00000,0x00000000f3d00000,0x00000000f4600000)
 ParOldGen       total 44032K, used 11676K [0x00000000c1c00000, 0x00000000c4700000, 0x00000000eb400000)
  object space 44032K, 26% used [0x00000000c1c00000,0x00000000c2767278,0x00000000c4700000)
 Metaspace       used 17904K, capacity 18454K, committed 18688K, reserved 1064960K
  class space    used 2123K, capacity 2272K, committed 2304K, reserved 1048576K
}
Event: 16.760 GC heap before
{Heap before GC invocations=8 (full 0):
 PSYoungGen      total 72704K, used 17822K [0x00000000eb400000, 0x00000000f4600000, 0x0000000100000000)
  eden space 65536K, 16% used [0x00000000eb400000,0x00000000ebe6a668,0x00000000ef400000)
  from space 7168K, 99% used [0x00000000ef400000,0x00000000efafd258,0x00000000efb00000)
  to   space 9216K, 0% used [0x00000000f3d00000,0x00000000f3d00000,0x00000000f4600000)
 ParOldGen       total 44032K, used 11676K [0x00000000c1c00000, 0x00000000c4700000, 0x00000000eb400000)
  object space 44032K, 26% used [0x00000000c1c00000,0x00000000c2767278,0x00000000c4700000)
 Metaspace       used 20585K, capacity 21126K, committed 21248K, reserved 1067008K
  class space    used 2512K, capacity 2700K, committed 2816K, reserved 1048576K
Event: 16.788 GC heap after
Heap after GC invocations=8 (full 0):
 PSYoungGen      total 140288K, used 6528K [0x00000000eb400000, 0x00000000f4600000, 0x0000000100000000)
  eden space 131072K, 0% used [0x00000000eb400000,0x00000000eb400000,0x00000000f3400000)
  from space 9216K, 70% used [0x00000000f3d00000,0x00000000f4360020,0x00000000f4600000)
  to   space 9216K, 0% used [0x00000000f3400000,0x00000000f3400000,0x00000000f3d00000)
 ParOldGen       total 44032K, used 12478K [0x00000000c1c00000, 0x00000000c4700000, 0x00000000eb400000)
  object space 44032K, 28% used [0x00000000c1c00000,0x00000000c282faa8,0x00000000c4700000)
 Metaspace       used 20585K, capacity 21126K, committed 21248K, reserved 1067008K
  class space    used 2512K, capacity 2700K, committed 2816K, reserved 1048576K
}
Event: 16.788 GC heap before
{Heap before GC invocations=9 (full 1):
 PSYoungGen      total 140288K, used 6528K [0x00000000eb400000, 0x00000000f4600000, 0x0000000100000000)
  eden space 131072K, 0% used [0x00000000eb400000,0x00000000eb400000,0x00000000f3400000)
  from space 9216K, 70% used [0x00000000f3d00000,0x00000000f4360020,0x00000000f4600000)
  to   space 9216K, 0% used [0x00000000f3400000,0x00000000f3400000,0x00000000f3d00000)
 ParOldGen       total 44032K, used 12478K [0x00000000c1c00000, 0x00000000c4700000, 0x00000000eb400000)
  object space 44032K, 28% used [0x00000000c1c00000,0x00000000c282faa8,0x00000000c4700000)
 Metaspace       used 20585K, capacity 21126K, committed 21248K, reserved 1067008K
  class space    used 2512K, capacity 2700K, committed 2816K, reserved 1048576K
Event: 16.894 GC heap after
Heap after GC invocations=9 (full 1):
 PSYoungGen      total 140288K, used 0K [0x00000000eb400000, 0x00000000f4600000, 0x0000000100000000)
  eden space 131072K, 0% used [0x00000000eb400000,0x00000000eb400000,0x00000000f3400000)
  from space 9216K, 0% used [0x00000000f3d00000,0x00000000f3d00000,0x00000000f4600000)
  to   space 9216K, 0% used [0x00000000f3400000,0x00000000f3400000,0x00000000f3d00000)
 ParOldGen       total 35840K, used 10224K [0x00000000c1c00000, 0x00000000c3f00000, 0x00000000eb400000)
  object space 35840K, 28% used [0x00000000c1c00000,0x00000000c25fc230,0x00000000c3f00000)
 Metaspace       used 20585K, capacity 21126K, committed 21248K, reserved 1067008K
  class space    used 2512K, capacity 2700K, committed 2816K, reserved 1048576K
}
Event: 19.313 GC heap before
{Heap before GC invocations=10 (full 1):
 PSYoungGen      total 140288K, used 131072K [0x00000000eb400000, 0x00000000f4600000, 0x0000000100000000)
  eden space 131072K, 100% used [0x00000000eb400000,0x00000000f3400000,0x00000000f3400000)
  from space 9216K, 0% used [0x00000000f3d00000,0x00000000f3d00000,0x00000000f4600000)
  to   space 9216K, 0% used [0x00000000f3400000,0x00000000f3400000,0x00000000f3d00000)
 ParOldGen       total 35840K, used 10224K [0x00000000c1c00000, 0x00000000c3f00000, 0x00000000eb400000)
  object space 35840K, 28% used [0x00000000c1c00000,0x00000000c25fc230,0x00000000c3f00000)
 Metaspace       used 27732K, capacity 28394K, committed 28672K, reserved 1075200K
  class space    used 3350K, capacity 3543K, committed 3584K, reserved 1048576K
Event: 19.339 GC heap after
Heap after GC invocations=10 (full 1):
 PSYoungGen      total 140288K, used 9200K [0x00000000eb400000, 0x00000000f8980000, 0x0000000100000000)
  eden space 131072K, 0% used [0x00000000eb400000,0x00000000eb400000,0x00000000f3400000)
  from space 9216K, 99% used [0x00000000f3400000,0x00000000f3cfc320,0x00000000f3d00000)
  to   space 15360K, 0% used [0x00000000f7a80000,0x00000000f7a80000,0x00000000f8980000)
 ParOldGen       total 35840K, used 22779K [0x00000000c1c00000, 0x00000000c3f00000, 0x00000000eb400000)
  object space 35840K, 63% used [0x00000000c1c00000,0x00000000c323ee88,0x00000000c3f00000)
 Metaspace       used 27732K, capacity 28394K, committed 28672K, reserved 1075200K
  class space    used 3350K, capacity 3543K, committed 3584K, reserved 1048576K
}

Deoptimization events (10 events):
Event: 18.625 Thread 0x00000000032a2800 Uncommon trap: reason=range_check action=make_not_entrant pc=0x0000000003f65394 method=java.lang.String.charAt(I)C @ 27
Event: 18.701 Thread 0x00000000032a2800 Uncommon trap: reason=class_check action=maybe_recompile pc=0x00000000035aae0c method=sun.misc.URLClassPath.getLoader(I)Lsun/misc/URLClassPath$Loader; @ 94
Event: 18.702 Thread 0x00000000032a2800 Uncommon trap: reason=class_check action=maybe_recompile pc=0x00000000035aae0c method=sun.misc.URLClassPath.getLoader(I)Lsun/misc/URLClassPath$Loader; @ 94
Event: 18.727 Thread 0x00000000032a2800 Uncommon trap: reason=bimorphic action=maybe_recompile pc=0x0000000003c88630 method=java.util.regex.Matcher.match(II)Z @ 86
Event: 19.266 Thread 0x00000000032a2800 Uncommon trap: reason=unstable_if action=reinterpret pc=0x0000000003e2b72c method=org.codehaus.plexus.classworlds.realm.Entry.matches(Ljava/lang/String;)Z @ 20
Event: 19.346 Thread 0x00000000032a2800 Uncommon trap: reason=unstable_if action=reinterpret pc=0x0000000003e69c64 method=org.apache.maven.model.Contributor.clone()Lorg/apache/maven/model/Contributor; @ 65
Event: 19.346 Thread 0x00000000032a2800 Uncommon trap: reason=unstable_if action=reinterpret pc=0x0000000003e48d5c method=org.apache.maven.model.Contributor.clone()Lorg/apache/maven/model/Contributor; @ 65
Event: 19.389 Thread 0x00000000032a2800 Uncommon trap: reason=null_check action=make_not_entrant pc=0x000000000358875c method=org.apache.maven.model.io.xpp3.MavenXpp3ReaderEx.checkFieldWithDuplicate(Lorg/codehaus/plexus/util/xml/pull/XmlPullParser;Ljava/lang/String;Ljava/lang/String;Ljava/util/
Event: 19.678 Thread 0x00000000032a2800 Uncommon trap: reason=speculate_class_check action=maybe_recompile pc=0x0000000003bcbc50 method=java.nio.charset.CharsetEncoder.encode(Ljava/nio/CharBuffer;Ljava/nio/ByteBuffer;Z)Ljava/nio/charset/CoderResult; @ 57
Event: 19.680 Thread 0x00000000032a2800 Uncommon trap: reason=speculate_class_check action=maybe_recompile pc=0x0000000003bcbc50 method=java.nio.charset.CharsetEncoder.encode(Ljava/nio/CharBuffer;Ljava/nio/ByteBuffer;Z)Ljava/nio/charset/CoderResult; @ 57

Classes redefined (0 events):
No events

Internal exceptions (10 events):
Event: 1.642 Thread 0x00000000032a2800 Exception <a 'java/lang/NullPointerException'> (0x00000000ec5d2890) thrown at [C:\re\workspace\8-2-build-windows-amd64-cygwin\jdk8u201\12322\hotspot\src\share\vm\interpreter\linkResolver.cpp, line 1185]
Event: 1.642 Thread 0x00000000032a2800 Exception <a 'java/lang/NullPointerException'> (0x00000000ec5d2aa8) thrown at [C:\re\workspace\8-2-build-windows-amd64-cygwin\jdk8u201\12322\hotspot\src\share\vm\interpreter\linkResolver.cpp, line 1185]
Event: 2.534 Thread 0x00000000032a2800 Implicit null exception at 0x0000000003a1a18b to 0x0000000003a1b41d
Event: 2.851 Thread 0x00000000032a2800 Implicit null exception at 0x0000000003720655 to 0x0000000003720825
Event: 2.853 Thread 0x00000000032a2800 Implicit null exception at 0x00000000036ac1af to 0x00000000036ac219
Event: 17.694 Thread 0x00000000032a2800 Exception <a 'java/io/FileNotFoundException'> (0x00000000ed4a8ed8) thrown at [C:\re\workspace\8-2-build-windows-amd64-cygwin\jdk8u201\12322\hotspot\src\share\vm\prims\jni.cpp, line 709]
Event: 17.701 Thread 0x00000000032a2800 Exception <a 'java/io/FileNotFoundException'> (0x00000000ed4dcfe0) thrown at [C:\re\workspace\8-2-build-windows-amd64-cygwin\jdk8u201\12322\hotspot\src\share\vm\prims\jni.cpp, line 709]
Event: 18.791 Thread 0x00000000032a2800 Exception <a 'java/io/FileNotFoundException'> (0x00000000f147c9a8) thrown at [C:\re\workspace\8-2-build-windows-amd64-cygwin\jdk8u201\12322\hotspot\src\share\vm\prims\jni.cpp, line 709]
Event: 18.794 Thread 0x00000000032a2800 Exception <a 'java/io/FileNotFoundException'> (0x00000000f14b0ab0) thrown at [C:\re\workspace\8-2-build-windows-amd64-cygwin\jdk8u201\12322\hotspot\src\share\vm\prims\jni.cpp, line 709]
Event: 19.389 Thread 0x00000000032a2800 Implicit null exception at 0x00000000035884f7 to 0x0000000003588741

Events (10 events):
Event: 19.733 loading class org/codehaus/plexus/util/cli/ShutdownHookUtils
Event: 19.733 loading class org/codehaus/plexus/util/cli/ShutdownHookUtils done
Event: 19.734 loading class java/security/AccessControlException
Event: 19.734 loading class java/security/AccessControlException done
Event: 19.734 Executing VM operation: Deoptimize
Event: 19.738 Executing VM operation: Deoptimize done
Event: 19.738 loading class org/codehaus/plexus/util/cli/CommandLineUtils$1
Event: 19.738 loading class org/codehaus/plexus/util/cli/CommandLineUtils$1 done
Event: 19.738 loading class org/codehaus/plexus/util/cli/CommandLineUtils$1
Event: 19.738 loading class org/codehaus/plexus/util/cli/CommandLineUtils$1 done


Dynamic libraries:
0x00007ff708800000 - 0x00007ff708837000 	C:\Program Files\Java\jdk1.8.0_201\bin\java.exe
0x00007ffc1f500000 - 0x00007ffc1f6f0000 	C:\WINDOWS\SYSTEM32\ntdll.dll
0x00007ffc1f030000 - 0x00007ffc1f0e2000 	C:\WINDOWS\System32\KERNEL32.DLL
0x00007ffc1c4b0000 - 0x00007ffc1c754000 	C:\WINDOWS\System32\KERNELBASE.dll
0x00007ffc1e220000 - 0x00007ffc1e2c3000 	C:\WINDOWS\System32\ADVAPI32.dll
0x00007ffc1ef60000 - 0x00007ffc1effe000 	C:\WINDOWS\System32\msvcrt.dll
0x00007ffc1e2d0000 - 0x00007ffc1e367000 	C:\WINDOWS\System32\sechost.dll
0x00007ffc1d630000 - 0x00007ffc1d750000 	C:\WINDOWS\System32\RPCRT4.dll
0x00007ffc1ed00000 - 0x00007ffc1ee95000 	C:\WINDOWS\System32\USER32.dll
0x00007ffc1c760000 - 0x00007ffc1c781000 	C:\WINDOWS\System32\win32u.dll
0x00007ffc1f000000 - 0x00007ffc1f026000 	C:\WINDOWS\System32\GDI32.dll
0x00007ffc1c8b0000 - 0x00007ffc1ca46000 	C:\WINDOWS\System32\gdi32full.dll
0x00007ffc1c790000 - 0x00007ffc1c82e000 	C:\WINDOWS\System32\msvcp_win.dll
0x00007ffc1ccd0000 - 0x00007ffc1cdca000 	C:\WINDOWS\System32\ucrtbase.dll
0x00007ffc10140000 - 0x00007ffc103c4000 	C:\WINDOWS\WinSxS\amd64_microsoft.windows.common-controls_6595b64144ccf1df_6.0.18362.1016_none_9e7a36bbe461dae4\COMCTL32.dll
0x00007ffc1d9f0000 - 0x00007ffc1dd25000 	C:\WINDOWS\System32\combase.dll
0x00007ffc1c830000 - 0x00007ffc1c8b0000 	C:\WINDOWS\System32\bcryptPrimitives.dll
0x00007ffc1d880000 - 0x00007ffc1d8ae000 	C:\WINDOWS\System32\IMM32.DLL
0x0000000073dc0000 - 0x0000000073e91000 	C:\Program Files\Java\jdk1.8.0_201\jre\bin\msvcr100.dll
0x0000000073ea0000 - 0x0000000074744000 	C:\Program Files\Java\jdk1.8.0_201\jre\bin\server\jvm.dll
0x00007ffc1e210000 - 0x00007ffc1e218000 	C:\WINDOWS\System32\PSAPI.DLL
0x00007ffc17440000 - 0x00007ffc17449000 	C:\WINDOWS\SYSTEM32\WSOCK32.dll
0x00007ffc199e0000 - 0x00007ffc19a04000 	C:\WINDOWS\SYSTEM32\WINMM.dll
0x00007ffc1f370000 - 0x00007ffc1f3df000 	C:\WINDOWS\System32\WS2_32.dll
0x00007ffc09db0000 - 0x00007ffc09dba000 	C:\WINDOWS\SYSTEM32\VERSION.dll
0x00007ffc199b0000 - 0x00007ffc199dd000 	C:\WINDOWS\SYSTEM32\winmmbase.dll
0x00007ffc1d560000 - 0x00007ffc1d5aa000 	C:\WINDOWS\System32\cfgmgr32.dll
0x00007ffc173b0000 - 0x00007ffc173bf000 	C:\Program Files\Java\jdk1.8.0_201\jre\bin\verify.dll
0x00007ffc13910000 - 0x00007ffc13939000 	C:\Program Files\Java\jdk1.8.0_201\jre\bin\java.dll
0x00007ffc15ad0000 - 0x00007ffc15ae6000 	C:\Program Files\Java\jdk1.8.0_201\jre\bin\zip.dll
0x00007ffc1e370000 - 0x00007ffc1ea57000 	C:\WINDOWS\System32\SHELL32.dll
0x00007ffc1f0f0000 - 0x00007ffc1f199000 	C:\WINDOWS\System32\shcore.dll
0x00007ffc1cdd0000 - 0x00007ffc1d552000 	C:\WINDOWS\System32\windows.storage.dll
0x00007ffc1c450000 - 0x00007ffc1c473000 	C:\WINDOWS\System32\profapi.dll
0x00007ffc1c400000 - 0x00007ffc1c44a000 	C:\WINDOWS\System32\powrprof.dll
0x00007ffc1c3b0000 - 0x00007ffc1c3c0000 	C:\WINDOWS\System32\UMPDC.dll
0x00007ffc1e1a0000 - 0x00007ffc1e1f2000 	C:\WINDOWS\System32\shlwapi.dll
0x00007ffc1c3c0000 - 0x00007ffc1c3d1000 	C:\WINDOWS\System32\kernel.appcore.dll
0x00007ffc1ccb0000 - 0x00007ffc1ccc7000 	C:\WINDOWS\System32\cryptsp.dll
0x00007ffc18300000 - 0x00007ffc1830a000 	C:\Program Files\NetBeans-12.0\netbeans\java\maven\lib\jansi-native\windows64\jansi.dll
0x00007ffc138f0000 - 0x00007ffc1390a000 	C:\Program Files\Java\jdk1.8.0_201\jre\bin\net.dll
0x00007ffc13c10000 - 0x00007ffc13de6000 	C:\WINDOWS\SYSTEM32\urlmon.dll
0x00007ffc0ef90000 - 0x00007ffc0f236000 	C:\WINDOWS\SYSTEM32\iertutil.dll
0x00007ffc1bd80000 - 0x00007ffc1bd8c000 	C:\WINDOWS\SYSTEM32\CRYPTBASE.DLL
0x00007ffc1bbb0000 - 0x00007ffc1bc17000 	C:\WINDOWS\system32\mswsock.dll
0x00007ffc138d0000 - 0x00007ffc138e1000 	C:\Program Files\Java\jdk1.8.0_201\jre\bin\nio.dll
0x00007ffc1b720000 - 0x00007ffc1b753000 	C:\WINDOWS\system32\rsaenh.dll
0x00007ffc1c480000 - 0x00007ffc1c4a6000 	C:\WINDOWS\System32\bcrypt.dll
0x00007ffc1c2a0000 - 0x00007ffc1c2c5000 	C:\WINDOWS\SYSTEM32\USERENV.dll
0x00007ffc1b8c0000 - 0x00007ffc1b8fa000 	C:\WINDOWS\SYSTEM32\IPHLPAPI.DLL
0x00007ffc1eea0000 - 0x00007ffc1eea8000 	C:\WINDOWS\System32\NSI.dll
0x00007ffc14cf0000 - 0x00007ffc14d06000 	C:\WINDOWS\SYSTEM32\dhcpcsvc6.DLL
0x00007ffc156c0000 - 0x00007ffc156dc000 	C:\WINDOWS\SYSTEM32\dhcpcsvc.DLL
0x00007ffc1b900000 - 0x00007ffc1b9cb000 	C:\WINDOWS\SYSTEM32\DNSAPI.dll

VM Arguments:
jvm_args: -Dclassworlds.conf=C:\Program Files\NetBeans-12.0\netbeans\java\maven\bin\..\bin\m2.conf -Dmaven.home=C:\Program Files\NetBeans-12.0\netbeans\java\maven\bin\.. -Dlibrary.jansi.path=C:\Program Files\NetBeans-12.0\netbeans\java\maven\bin\..\lib\jansi-native -Dmaven.multiModuleProjectDirectory=C:\Users\Admin\OneDrive\Documents\finalExamSpringFrameworkM7\finalExamSpringFrameworkM7 
java_command: org.codehaus.plexus.classworlds.launcher.Launcher -Dmaven.ext.class.path=C:\Program Files\NetBeans-12.0\netbeans\java\maven-nblib\netbeans-eventspy.jar -Dfile.encoding=UTF-8 clean install
java_class_path (initial): C:\Program Files\NetBeans-12.0\netbeans\java\maven\bin\..\boot\plexus-classworlds-2.6.0.jar
Launcher Type: SUN_STANDARD

Environment Variables:
JAVA_HOME=C:\Program Files\Java\jdk1.8.0_201
PATH=C:\Program Files (x86)\Common Files\Oracle\Java\javapath;C:\Program Files (x86)\Intel\iCLS Client\;C:\Program Files\Intel\iCLS Client\;C:\WINDOWS\system32;C:\WINDOWS;C:\WINDOWS\System32\Wbem;C:\WINDOWS\System32\WindowsPowerShell\v1.0\;C:\Program Files (x86)\Intel\Intel(R) Management Engine Components\DAL;C:\Program Files\Intel\Intel(R) Management Engine Components\DAL;C:\Program Files (x86)\Intel\Intel(R) Management Engine Components\IPT;C:\Program Files\Intel\Intel(R) Management Engine Components\IPT;C:\WINDOWS\System32\OpenSSH\;C:\ProgramData\chocolatey\bin;C:\Program Files\Git\cmd;C:\Program Files\nodejs\;C:\Users\Admin\AppData\Local\Microsoft\WindowsApps;C:\Modeltech_pe_edu_10.4a\win32pe_edu;C:\Program Files\Java\jdk1.8.0_201\bin;C:\Users\Admin\AppData\Roaming\npm
USERNAME=Admin
OS=Windows_NT
PROCESSOR_IDENTIFIER=Intel64 Family 6 Model 142 Stepping 9, GenuineIntel



---------------  S Y S T E M  ---------------

OS: Windows 10.0 , 64 bit Build 18362 (10.0.18362.959)

CPU:total 4 (initial active 4) (2 cores per cpu, 2 threads per core) family 6 model 142 stepping 9, cmov, cx8, fxsr, mmx, sse, sse2, sse3, ssse3, sse4.1, sse4.2, popcnt, avx, avx2, aes, clmul, erms, 3dnowpref, lzcnt, ht, tsc, tscinvbit, bmi1, bmi2, adx

Memory: 4k page, physical 4073152k(528388k free), swap 5404352k(5132k free)

vm_info: Java HotSpot(TM) 64-Bit Server VM (25.201-b09) for windows-amd64 JRE (1.8.0_201-b09), built on Dec 15 2018 18:36:39 by "java_re" with MS VC++ 10.0 (VS2010)

time: Sun Aug 23 20:32:48 2020
timezone: SE Asia Standard Time
elapsed time: 19 seconds (0d 0h 0m 19s)

