#
# There is insufficient memory for the Java Runtime Environment to continue.
# Native memory allocation (malloc) failed to allocate 2065520 bytes for Chunk::new
# Possible reasons:
#   The system is out of physical RAM or swap space
#   The process is running with CompressedOops enabled, and the Java Heap may be blocking the growth of the native heap
# Possible solutions:
#   Reduce memory load on the system
#   Increase physical memory or swap space
#   Check if swap backing store is full
#   Decrease Java heap size (-Xmx/-Xms)
#   Decrease number of Java threads
#   Decrease Java thread stack sizes (-Xss)
#   Set larger code cache with -XX:ReservedCodeCacheSize=
#   JVM is running with Unscaled Compressed Oops mode in which the Java heap is
#     placed in the first 4GB address space. The Java Heap base address is the
#     maximum limit for the native heap growth. Please use -XX:HeapBaseMinAddress
#     to set the Java Heap base and to place the Java Heap above 4GB virtual address.
# This output file may be truncated or incomplete.
#
#  Out of Memory Error (allocation.cpp:390), pid=7252, tid=0x00000000000001a0
#
# JRE version: Java(TM) SE Runtime Environment (8.0_201-b09) (build 1.8.0_201-b09)
# Java VM: Java HotSpot(TM) 64-Bit Server VM (25.201-b09 mixed mode windows-amd64 compressed oops)
# Failed to write core dump. Minidumps are not enabled by default on client versions of Windows
#

---------------  T H R E A D  ---------------

Current thread (0x00000000149ab000):  JavaThread "C2 CompilerThread0" daemon [_thread_in_native, id=416, stack(0x0000000016000000,0x0000000016100000)]

Stack: [0x0000000016000000,0x0000000016100000]
[error occurred during error reporting (printing stack bounds), id 0xc0000005]

Native frames: (J=compiled Java code, j=interpreted, Vv=VM code, C=native code)


Current CompileTask:
C2:   3466 1542       4       java.net.URLClassLoader$1::run (5 bytes)


---------------  P R O C E S S  ---------------

Java Threads: ( => current thread )
  0x0000000016322800 JavaThread "Service Thread" daemon [_thread_blocked, id=9564, stack(0x0000000016700000,0x0000000016800000)]
  0x00000000149b6800 JavaThread "C1 CompilerThread2" daemon [_thread_in_native, id=9428, stack(0x0000000016200000,0x0000000016300000)]
  0x00000000149b1000 JavaThread "C2 CompilerThread1" daemon [_thread_in_native, id=7256, stack(0x0000000016100000,0x0000000016200000)]
=>0x00000000149ab000 JavaThread "C2 CompilerThread0" daemon [_thread_in_native, id=416, stack(0x0000000016000000,0x0000000016100000)]
  0x00000000149a8000 JavaThread "Attach Listener" daemon [_thread_blocked, id=6352, stack(0x0000000015f00000,0x0000000016000000)]
  0x00000000149a6000 JavaThread "Signal Dispatcher" daemon [_thread_blocked, id=5928, stack(0x0000000015e00000,0x0000000015f00000)]
  0x00000000023cc800 JavaThread "Finalizer" daemon [_thread_blocked, id=516, stack(0x0000000015c00000,0x0000000015d00000)]
  0x000000001498a000 JavaThread "Reference Handler" daemon [_thread_blocked, id=4460, stack(0x0000000015b00000,0x0000000015c00000)]
  0x00000000022d2800 JavaThread "main" [_thread_in_Java, id=4540, stack(0x0000000002190000,0x0000000002290000)]

Other Threads:
  0x0000000014968000 VMThread [stack: 0x0000000015a00000,0x0000000015b00000] [id=5144]
  0x0000000016345000 WatcherThread [stack: 0x0000000016800000,0x0000000016900000] [id=6576]

VM state:not at safepoint (normal execution)

VM Mutex/Monitor currently owned by a thread: None

heap address: 0x00000000c1c00000, size: 996 MB, Compressed Oops mode: 32-bit
Narrow klass base: 0x0000000000000000, Narrow klass shift: 3
Compressed class space size: 1073741824 Address: 0x0000000100000000

Heap:
 PSYoungGen      total 35328K, used 30246K [0x00000000eb400000, 0x00000000ed900000, 0x0000000100000000)
  eden space 32768K, 84% used [0x00000000eb400000,0x00000000ecf0dbb8,0x00000000ed400000)
  from space 2560K, 99% used [0x00000000ed680000,0x00000000ed8fc030,0x00000000ed900000)
  to   space 2560K, 0% used [0x00000000ed400000,0x00000000ed400000,0x00000000ed680000)
 ParOldGen       total 44032K, used 5182K [0x00000000c1c00000, 0x00000000c4700000, 0x00000000eb400000)
  object space 44032K, 11% used [0x00000000c1c00000,0x00000000c210faf0,0x00000000c4700000)
 Metaspace       used 15041K, capacity 15270K, committed 15616K, reserved 1062912K
  class space    used 1837K, capacity 1942K, committed 2048K, reserved 1048576K

Card table byte_map: [0x0000000011790000,0x0000000011990000] byte_map_base: 0x0000000011182000

Marking Bits: (ParMarkBitMap*) 0x00000000746c4ce0
 Begin Bits: [0x0000000011ee0000, 0x0000000012e70000)
 End Bits:   [0x0000000012e70000, 0x0000000013e00000)

Polling page: 0x00000000004f0000

CodeCache: size=245760Kb used=5838Kb max_used=5838Kb free=239921Kb
 bounds [0x00000000023d0000, 0x0000000002990000, 0x00000000113d0000]
 total_blobs=2056 nmethods=1701 adapters=267
 compilation: enabled

Compilation events (10 events):
Event: 3.439 Thread 0x00000000149b6800 nmethod 1703 0x000000000297a490 code [0x000000000297a600, 0x000000000297a810]
Event: 3.439 Thread 0x00000000149b6800 1704       3       java.lang.Integer::getChars (131 bytes)
Event: 3.439 Thread 0x00000000149b6800 nmethod 1704 0x000000000297a910 code [0x000000000297aaa0, 0x000000000297af10]
Event: 3.452 Thread 0x00000000149b6800 1705       3       sun.nio.cs.UTF_8$Decoder::decodeArrayLoop (691 bytes)
Event: 3.458 Thread 0x00000000149b6800 nmethod 1705 0x000000000297b350 code [0x000000000297bca0, 0x00000000029824e8]
Event: 3.458 Thread 0x00000000149b6800 1706       3       org.codehaus.plexus.util.xml.Xpp3Dom::<init> (21 bytes)
Event: 3.459 Thread 0x00000000149b6800 nmethod 1706 0x0000000002987250 code [0x00000000029873e0, 0x00000000029877b0]
Event: 3.459 Thread 0x00000000149b6800 1707       3       org.codehaus.plexus.util.xml.pull.MXParser::isEmptyElementTag (25 bytes)
Event: 3.459 Thread 0x00000000149b6800 nmethod 1707 0x0000000002987990 code [0x0000000002987b00, 0x0000000002987d88]
Event: 3.459 Thread 0x00000000149b6800 1710       3       org.codehaus.plexus.util.xml.pull.MXParser::parseAttribute (1641 bytes)

GC Heap History (8 events):
Event: 0.880 GC heap before
{Heap before GC invocations=1 (full 0):
 PSYoungGen      total 18944K, used 16384K [0x00000000eb400000, 0x00000000ec900000, 0x0000000100000000)
  eden space 16384K, 100% used [0x00000000eb400000,0x00000000ec400000,0x00000000ec400000)
  from space 2560K, 0% used [0x00000000ec680000,0x00000000ec680000,0x00000000ec900000)
  to   space 2560K, 0% used [0x00000000ec400000,0x00000000ec400000,0x00000000ec680000)
 ParOldGen       total 44032K, used 0K [0x00000000c1c00000, 0x00000000c4700000, 0x00000000eb400000)
  object space 44032K, 0% used [0x00000000c1c00000,0x00000000c1c00000,0x00000000c4700000)
 Metaspace       used 6762K, capacity 6892K, committed 7040K, reserved 1056768K
  class space    used 774K, capacity 856K, committed 896K, reserved 1048576K
Event: 0.886 GC heap after
Heap after GC invocations=1 (full 0):
 PSYoungGen      total 18944K, used 2539K [0x00000000eb400000, 0x00000000ec900000, 0x0000000100000000)
  eden space 16384K, 0% used [0x00000000eb400000,0x00000000eb400000,0x00000000ec400000)
  from space 2560K, 99% used [0x00000000ec400000,0x00000000ec67adf0,0x00000000ec680000)
  to   space 2560K, 0% used [0x00000000ec680000,0x00000000ec680000,0x00000000ec900000)
 ParOldGen       total 44032K, used 981K [0x00000000c1c00000, 0x00000000c4700000, 0x00000000eb400000)
  object space 44032K, 2% used [0x00000000c1c00000,0x00000000c1cf5730,0x00000000c4700000)
 Metaspace       used 6762K, capacity 6892K, committed 7040K, reserved 1056768K
  class space    used 774K, capacity 856K, committed 896K, reserved 1048576K
}
Event: 1.227 GC heap before
{Heap before GC invocations=2 (full 0):
 PSYoungGen      total 18944K, used 18923K [0x00000000eb400000, 0x00000000ec900000, 0x0000000100000000)
  eden space 16384K, 100% used [0x00000000eb400000,0x00000000ec400000,0x00000000ec400000)
  from space 2560K, 99% used [0x00000000ec400000,0x00000000ec67adf0,0x00000000ec680000)
  to   space 2560K, 0% used [0x00000000ec680000,0x00000000ec680000,0x00000000ec900000)
 ParOldGen       total 44032K, used 981K [0x00000000c1c00000, 0x00000000c4700000, 0x00000000eb400000)
  object space 44032K, 2% used [0x00000000c1c00000,0x00000000c1cf5730,0x00000000c4700000)
 Metaspace       used 8147K, capacity 8220K, committed 8448K, reserved 1056768K
  class space    used 985K, capacity 1016K, committed 1024K, reserved 1048576K
Event: 1.231 GC heap after
Heap after GC invocations=2 (full 0):
 PSYoungGen      total 18944K, used 2540K [0x00000000eb400000, 0x00000000ec900000, 0x0000000100000000)
  eden space 16384K, 0% used [0x00000000eb400000,0x00000000eb400000,0x00000000ec400000)
  from space 2560K, 99% used [0x00000000ec680000,0x00000000ec8fb320,0x00000000ec900000)
  to   space 2560K, 0% used [0x00000000ec400000,0x00000000ec400000,0x00000000ec680000)
 ParOldGen       total 44032K, used 1389K [0x00000000c1c00000, 0x00000000c4700000, 0x00000000eb400000)
  object space 44032K, 3% used [0x00000000c1c00000,0x00000000c1d5b740,0x00000000c4700000)
 Metaspace       used 8147K, capacity 8220K, committed 8448K, reserved 1056768K
  class space    used 985K, capacity 1016K, committed 1024K, reserved 1048576K
}
Event: 1.538 GC heap before
{Heap before GC invocations=3 (full 0):
 PSYoungGen      total 18944K, used 18924K [0x00000000eb400000, 0x00000000ec900000, 0x0000000100000000)
  eden space 16384K, 100% used [0x00000000eb400000,0x00000000ec400000,0x00000000ec400000)
  from space 2560K, 99% used [0x00000000ec680000,0x00000000ec8fb320,0x00000000ec900000)
  to   space 2560K, 0% used [0x00000000ec400000,0x00000000ec400000,0x00000000ec680000)
 ParOldGen       total 44032K, used 1389K [0x00000000c1c00000, 0x00000000c4700000, 0x00000000eb400000)
  object space 44032K, 3% used [0x00000000c1c00000,0x00000000c1d5b740,0x00000000c4700000)
 Metaspace       used 9624K, capacity 9786K, committed 9984K, reserved 1058816K
  class space    used 1156K, capacity 1214K, committed 1280K, reserved 1048576K
Event: 1.545 GC heap after
Heap after GC invocations=3 (full 0):
 PSYoungGen      total 18944K, used 2535K [0x00000000eb400000, 0x00000000ed900000, 0x0000000100000000)
  eden space 16384K, 0% used [0x00000000eb400000,0x00000000eb400000,0x00000000ec400000)
  from space 2560K, 99% used [0x00000000ec400000,0x00000000ec679fd8,0x00000000ec680000)
  to   space 2560K, 0% used [0x00000000ed680000,0x00000000ed680000,0x00000000ed900000)
 ParOldGen       total 44032K, used 3185K [0x00000000c1c00000, 0x00000000c4700000, 0x00000000eb400000)
  object space 44032K, 7% used [0x00000000c1c00000,0x00000000c1f1c690,0x00000000c4700000)
 Metaspace       used 9624K, capacity 9786K, committed 9984K, reserved 1058816K
  class space    used 1156K, capacity 1214K, committed 1280K, reserved 1048576K
}
Event: 2.106 GC heap before
{Heap before GC invocations=4 (full 0):
 PSYoungGen      total 18944K, used 18919K [0x00000000eb400000, 0x00000000ed900000, 0x0000000100000000)
  eden space 16384K, 100% used [0x00000000eb400000,0x00000000ec400000,0x00000000ec400000)
  from space 2560K, 99% used [0x00000000ec400000,0x00000000ec679fd8,0x00000000ec680000)
  to   space 2560K, 0% used [0x00000000ed680000,0x00000000ed680000,0x00000000ed900000)
 ParOldGen       total 44032K, used 3185K [0x00000000c1c00000, 0x00000000c4700000, 0x00000000eb400000)
  object space 44032K, 7% used [0x00000000c1c00000,0x00000000c1f1c690,0x00000000c4700000)
 Metaspace       used 11409K, capacity 11580K, committed 11776K, reserved 1058816K
  class space    used 1411K, capacity 1511K, committed 1536K, reserved 1048576K
Event: 2.116 GC heap after
Heap after GC invocations=4 (full 0):
 PSYoungGen      total 35328K, used 2544K [0x00000000eb400000, 0x00000000ed900000, 0x0000000100000000)
  eden space 32768K, 0% used [0x00000000eb400000,0x00000000eb400000,0x00000000ed400000)
  from space 2560K, 99% used [0x00000000ed680000,0x00000000ed8fc030,0x00000000ed900000)
  to   space 2560K, 0% used [0x00000000ed400000,0x00000000ed400000,0x00000000ed680000)
 ParOldGen       total 44032K, used 5182K [0x00000000c1c00000, 0x00000000c4700000, 0x00000000eb400000)
  object space 44032K, 11% used [0x00000000c1c00000,0x00000000c210faf0,0x00000000c4700000)
 Metaspace       used 11409K, capacity 11580K, committed 11776K, reserved 1058816K
  class space    used 1411K, capacity 1511K, committed 1536K, reserved 1048576K
}

Deoptimization events (10 events):
Event: 2.829 Thread 0x00000000022d2800 Uncommon trap: reason=unstable_if action=reinterpret pc=0x0000000002569f54 method=java.lang.String.replace(CC)Ljava/lang/String; @ 2
Event: 2.842 Thread 0x00000000022d2800 Uncommon trap: reason=unstable_if action=reinterpret pc=0x0000000002809ecc method=java.lang.String.substring(I)Ljava/lang/String; @ 35
Event: 2.860 Thread 0x00000000022d2800 Uncommon trap: reason=bimorphic action=maybe_recompile pc=0x000000000272cc30 method=java.util.HashMap.putVal(ILjava/lang/Object;Ljava/lang/Object;ZZ)Ljava/lang/Object; @ 203
Event: 3.339 Thread 0x00000000022d2800 Uncommon trap: reason=predicate action=maybe_recompile pc=0x0000000002768bc4 method=java.lang.String.regionMatches(ZILjava/lang/String;II)Z @ 63
Event: 3.372 Thread 0x00000000022d2800 Uncommon trap: reason=bimorphic action=maybe_recompile pc=0x00000000028f99b8 method=java.util.regex.Pattern$CharProperty.match(Ljava/util/regex/Matcher;ILjava/lang/CharSequence;)Z @ 37
Event: 3.374 Thread 0x00000000022d2800 Uncommon trap: reason=bimorphic action=maybe_recompile pc=0x00000000028f99b8 method=java.util.regex.Pattern$CharProperty.match(Ljava/util/regex/Matcher;ILjava/lang/CharSequence;)Z @ 37
Event: 3.390 Thread 0x00000000022d2800 Uncommon trap: reason=bimorphic action=maybe_recompile pc=0x00000000028f99b8 method=java.util.regex.Pattern$CharProperty.match(Ljava/util/regex/Matcher;ILjava/lang/CharSequence;)Z @ 37
Event: 3.390 Thread 0x00000000022d2800 Uncommon trap: reason=bimorphic action=maybe_recompile pc=0x00000000028f99b8 method=java.util.regex.Pattern$CharProperty.match(Ljava/util/regex/Matcher;ILjava/lang/CharSequence;)Z @ 37
Event: 3.395 Thread 0x00000000022d2800 Uncommon trap: reason=unstable_if action=reinterpret pc=0x00000000026849b8 method=sun.nio.cs.UTF_8$Decoder.decodeArrayLoop(Ljava/nio/ByteBuffer;Ljava/nio/CharBuffer;)Ljava/nio/charset/CoderResult; @ 84
Event: 3.410 Thread 0x00000000022d2800 Uncommon trap: reason=bimorphic action=maybe_recompile pc=0x000000000272cc30 method=java.util.HashMap.putVal(ILjava/lang/Object;Ljava/lang/Object;ZZ)Ljava/lang/Object; @ 203

Classes redefined (0 events):
No events

Internal exceptions (10 events):
Event: 1.261 Thread 0x00000000022d2800 Exception <a 'java/lang/ArrayIndexOutOfBoundsException': 66> (0x00000000eb52d870) thrown at [C:\re\workspace\8-2-build-windows-amd64-cygwin\jdk8u201\12322\hotspot\src\share\vm\interpreter\interpreterRuntime.cpp, line 368]
Event: 2.413 Thread 0x00000000022d2800 Exception <a 'java/lang/NoClassDefFoundError': com/google/inject/servlet/ServletModuleTargetVisitor> (0x00000000ebe65950) thrown at [C:\re\workspace\8-2-build-windows-amd64-cygwin\jdk8u201\12322\hotspot\src\share\vm\classfile\systemDictionary.cpp, line 19
Event: 2.413 Thread 0x00000000022d2800 Exception <a 'java/lang/NoClassDefFoundError'> (0x00000000ebe65950) thrown at [C:\re\workspace\8-2-build-windows-amd64-cygwin\jdk8u201\12322\hotspot\src\share\vm\prims\jvm.cpp, line 1506]
Event: 2.413 Thread 0x00000000022d2800 Exception <a 'java/lang/NoClassDefFoundError': javax/annotation/Priority> (0x00000000ebe6a9c0) thrown at [C:\re\workspace\8-2-build-windows-amd64-cygwin\jdk8u201\12322\hotspot\src\share\vm\classfile\systemDictionary.cpp, line 199]
Event: 2.709 Thread 0x00000000022d2800 Exception <a 'java/lang/NullPointerException'> (0x00000000ec5cf1f0) thrown at [C:\re\workspace\8-2-build-windows-amd64-cygwin\jdk8u201\12322\hotspot\src\share\vm\interpreter\linkResolver.cpp, line 1185]
Event: 2.709 Thread 0x00000000022d2800 Exception <a 'java/lang/NullPointerException'> (0x00000000ec5cf408) thrown at [C:\re\workspace\8-2-build-windows-amd64-cygwin\jdk8u201\12322\hotspot\src\share\vm\interpreter\linkResolver.cpp, line 1185]
Event: 2.709 Thread 0x00000000022d2800 Exception <a 'java/lang/NullPointerException'> (0x00000000ec5cf620) thrown at [C:\re\workspace\8-2-build-windows-amd64-cygwin\jdk8u201\12322\hotspot\src\share\vm\interpreter\linkResolver.cpp, line 1185]
Event: 2.710 Thread 0x00000000022d2800 Exception <a 'java/lang/NullPointerException'> (0x00000000ec5d7c20) thrown at [C:\re\workspace\8-2-build-windows-amd64-cygwin\jdk8u201\12322\hotspot\src\share\vm\interpreter\linkResolver.cpp, line 1185]
Event: 2.710 Thread 0x00000000022d2800 Exception <a 'java/lang/NullPointerException'> (0x00000000ec5d7e38) thrown at [C:\re\workspace\8-2-build-windows-amd64-cygwin\jdk8u201\12322\hotspot\src\share\vm\interpreter\linkResolver.cpp, line 1185]
Event: 2.710 Thread 0x00000000022d2800 Exception <a 'java/lang/NullPointerException'> (0x00000000ec5d8050) thrown at [C:\re\workspace\8-2-build-windows-amd64-cygwin\jdk8u201\12322\hotspot\src\share\vm\interpreter\linkResolver.cpp, line 1185]

Events (10 events):
Event: 3.411 loading class org/apache/maven/model/merge/ModelMerger$NotifierKeyComputer
Event: 3.411 loading class org/apache/maven/model/merge/ModelMerger$NotifierKeyComputer done
Event: 3.429 loading class org/apache/maven/repository/internal/ArtifactDescriptorReaderDelegate
Event: 3.429 loading class org/apache/maven/repository/internal/ArtifactDescriptorReaderDelegate done
Event: 3.437 loading class org/eclipse/aether/graph/Dependency$Exclusions
Event: 3.437 loading class org/eclipse/aether/graph/Dependency$Exclusions done
Event: 3.450 loading class org/codehaus/plexus/configuration/xml/XmlPlexusConfiguration
Event: 3.450 loading class org/codehaus/plexus/configuration/xml/XmlPlexusConfiguration done
Event: 3.450 loading class org/codehaus/plexus/configuration/DefaultPlexusConfiguration
Event: 3.450 loading class org/codehaus/plexus/configuration/DefaultPlexusConfiguration done


Dynamic libraries:
0x00007ff708800000 - 0x00007ff708837000 	C:\Program Files\Java\jdk1.8.0_201\bin\java.exe
0x00007ffc1f500000 - 0x00007ffc1f6f0000 	C:\WINDOWS\SYSTEM32\ntdll.dll
0x00007ffc1f030000 - 0x00007ffc1f0e2000 	C:\WINDOWS\System32\KERNEL32.DLL
0x00007ffc1c4b0000 - 0x00007ffc1c754000 	C:\WINDOWS\System32\KERNELBASE.dll
0x00007ffc1e220000 - 0x00007ffc1e2c3000 	C:\WINDOWS\System32\ADVAPI32.dll
0x00007ffc1ef60000 - 0x00007ffc1effe000 	C:\WINDOWS\System32\msvcrt.dll
0x00007ffc1e2d0000 - 0x00007ffc1e367000 	C:\WINDOWS\System32\sechost.dll
0x00007ffc1d630000 - 0x00007ffc1d750000 	C:\WINDOWS\System32\RPCRT4.dll
0x00007ffc1ed00000 - 0x00007ffc1ee95000 	C:\WINDOWS\System32\USER32.dll
0x00007ffc1c760000 - 0x00007ffc1c781000 	C:\WINDOWS\System32\win32u.dll
0x00007ffc1f000000 - 0x00007ffc1f026000 	C:\WINDOWS\System32\GDI32.dll
0x00007ffc1c8b0000 - 0x00007ffc1ca46000 	C:\WINDOWS\System32\gdi32full.dll
0x00007ffc1c790000 - 0x00007ffc1c82e000 	C:\WINDOWS\System32\msvcp_win.dll
0x00007ffc1ccd0000 - 0x00007ffc1cdca000 	C:\WINDOWS\System32\ucrtbase.dll
0x00007ffc10140000 - 0x00007ffc103c4000 	C:\WINDOWS\WinSxS\amd64_microsoft.windows.common-controls_6595b64144ccf1df_6.0.18362.1016_none_9e7a36bbe461dae4\COMCTL32.dll
0x00007ffc1d9f0000 - 0x00007ffc1dd25000 	C:\WINDOWS\System32\combase.dll
0x00007ffc1c830000 - 0x00007ffc1c8b0000 	C:\WINDOWS\System32\bcryptPrimitives.dll
0x00007ffc1d880000 - 0x00007ffc1d8ae000 	C:\WINDOWS\System32\IMM32.DLL
0x0000000073dc0000 - 0x0000000073e91000 	C:\Program Files\Java\jdk1.8.0_201\jre\bin\msvcr100.dll
0x0000000073ea0000 - 0x0000000074744000 	C:\Program Files\Java\jdk1.8.0_201\jre\bin\server\jvm.dll
0x00007ffc1e210000 - 0x00007ffc1e218000 	C:\WINDOWS\System32\PSAPI.DLL
0x00007ffc199e0000 - 0x00007ffc19a04000 	C:\WINDOWS\SYSTEM32\WINMM.dll
0x00007ffc17440000 - 0x00007ffc17449000 	C:\WINDOWS\SYSTEM32\WSOCK32.dll
0x00007ffc09db0000 - 0x00007ffc09dba000 	C:\WINDOWS\SYSTEM32\VERSION.dll
0x00007ffc1f370000 - 0x00007ffc1f3df000 	C:\WINDOWS\System32\WS2_32.dll
0x00007ffc199b0000 - 0x00007ffc199dd000 	C:\WINDOWS\SYSTEM32\winmmbase.dll
0x00007ffc1d560000 - 0x00007ffc1d5aa000 	C:\WINDOWS\System32\cfgmgr32.dll
0x00007ffc173b0000 - 0x00007ffc173bf000 	C:\Program Files\Java\jdk1.8.0_201\jre\bin\verify.dll
0x00007ffc13910000 - 0x00007ffc13939000 	C:\Program Files\Java\jdk1.8.0_201\jre\bin\java.dll
0x00007ffc15ad0000 - 0x00007ffc15ae6000 	C:\Program Files\Java\jdk1.8.0_201\jre\bin\zip.dll
0x00007ffc1e370000 - 0x00007ffc1ea57000 	C:\WINDOWS\System32\SHELL32.dll
0x00007ffc1f0f0000 - 0x00007ffc1f199000 	C:\WINDOWS\System32\shcore.dll
0x00007ffc1cdd0000 - 0x00007ffc1d552000 	C:\WINDOWS\System32\windows.storage.dll
0x00007ffc1c450000 - 0x00007ffc1c473000 	C:\WINDOWS\System32\profapi.dll
0x00007ffc1c400000 - 0x00007ffc1c44a000 	C:\WINDOWS\System32\powrprof.dll
0x00007ffc1c3b0000 - 0x00007ffc1c3c0000 	C:\WINDOWS\System32\UMPDC.dll
0x00007ffc1e1a0000 - 0x00007ffc1e1f2000 	C:\WINDOWS\System32\shlwapi.dll
0x00007ffc1c3c0000 - 0x00007ffc1c3d1000 	C:\WINDOWS\System32\kernel.appcore.dll
0x00007ffc1ccb0000 - 0x00007ffc1ccc7000 	C:\WINDOWS\System32\cryptsp.dll
0x00007ffc16bd0000 - 0x00007ffc16bda000 	C:\Program Files\NetBeans-12.0\netbeans\java\maven\lib\jansi-native\windows64\jansi.dll
0x00007ffc138f0000 - 0x00007ffc1390a000 	C:\Program Files\Java\jdk1.8.0_201\jre\bin\net.dll
0x00007ffc13c10000 - 0x00007ffc13de6000 	C:\WINDOWS\SYSTEM32\urlmon.dll
0x00007ffc0ef90000 - 0x00007ffc0f236000 	C:\WINDOWS\SYSTEM32\iertutil.dll
0x00007ffc1bd80000 - 0x00007ffc1bd8c000 	C:\WINDOWS\SYSTEM32\CRYPTBASE.DLL
0x00007ffc1bbb0000 - 0x00007ffc1bc17000 	C:\WINDOWS\system32\mswsock.dll
0x00007ffc138d0000 - 0x00007ffc138e1000 	C:\Program Files\Java\jdk1.8.0_201\jre\bin\nio.dll

VM Arguments:
jvm_args: -Dclassworlds.conf=C:\Program Files\NetBeans-12.0\netbeans\java\maven\bin\..\bin\m2.conf -Dmaven.home=C:\Program Files\NetBeans-12.0\netbeans\java\maven\bin\.. -Dlibrary.jansi.path=C:\Program Files\NetBeans-12.0\netbeans\java\maven\bin\..\lib\jansi-native -Dmaven.multiModuleProjectDirectory=C:\Users\Admin\OneDrive\Documents\finalExamSpringFrameworkM7\finalExamSpringFrameworkM7 
java_command: org.codehaus.plexus.classworlds.launcher.Launcher -Dmaven.ext.class.path=C:\Program Files\NetBeans-12.0\netbeans\java\maven-nblib\netbeans-eventspy.jar -Dfile.encoding=UTF-8 install
java_class_path (initial): C:\Program Files\NetBeans-12.0\netbeans\java\maven\bin\..\boot\plexus-classworlds-2.6.0.jar
Launcher Type: SUN_STANDARD

Environment Variables:
JAVA_HOME=C:\Program Files\Java\jdk1.8.0_201
PATH=C:\Program Files (x86)\Common Files\Oracle\Java\javapath;C:\Program Files (x86)\Intel\iCLS Client\;C:\Program Files\Intel\iCLS Client\;C:\WINDOWS\system32;C:\WINDOWS;C:\WINDOWS\System32\Wbem;C:\WINDOWS\System32\WindowsPowerShell\v1.0\;C:\Program Files (x86)\Intel\Intel(R) Management Engine Components\DAL;C:\Program Files\Intel\Intel(R) Management Engine Components\DAL;C:\Program Files (x86)\Intel\Intel(R) Management Engine Components\IPT;C:\Program Files\Intel\Intel(R) Management Engine Components\IPT;C:\WINDOWS\System32\OpenSSH\;C:\ProgramData\chocolatey\bin;C:\Program Files\Git\cmd;C:\Program Files\nodejs\;C:\Users\Admin\AppData\Local\Microsoft\WindowsApps;C:\Modeltech_pe_edu_10.4a\win32pe_edu;C:\Program Files\Java\jdk1.8.0_201\bin;C:\Users\Admin\AppData\Roaming\npm
USERNAME=Admin
OS=Windows_NT
PROCESSOR_IDENTIFIER=Intel64 Family 6 Model 142 Stepping 9, GenuineIntel



---------------  S Y S T E M  ---------------

OS: Windows 10.0 , 64 bit Build 18362 (10.0.18362.959)

CPU:total 4 (initial active 4) (2 cores per cpu, 2 threads per core) family 6 model 142 stepping 9, cmov, cx8, fxsr, mmx, sse, sse2, sse3, ssse3, sse4.1, sse4.2, popcnt, avx, avx2, aes, clmul, erms, 3dnowpref, lzcnt, ht, tsc, tscinvbit, bmi1, bmi2, adx

Memory: 4k page, physical 4073152k(616500k free), swap 5404352k(9796k free)

vm_info: Java HotSpot(TM) 64-Bit Server VM (25.201-b09) for windows-amd64 JRE (1.8.0_201-b09), built on Dec 15 2018 18:36:39 by "java_re" with MS VC++ 10.0 (VS2010)

time: Sun Aug 23 20:21:24 2020
timezone: SE Asia Standard Time
elapsed time: 3 seconds (0d 0h 0m 3s)

