#
# There is insufficient memory for the Java Runtime Environment to continue.
# Native memory allocation (malloc) failed to allocate 32744 bytes for ChunkPool::allocate
# Possible reasons:
#   The system is out of physical RAM or swap space
#   The process is running with CompressedOops enabled, and the Java Heap may be blocking the growth of the native heap
# Possible solutions:
#   Reduce memory load on the system
#   Increase physical memory or swap space
#   Check if swap backing store is full
#   Decrease Java heap size (-Xmx/-Xms)
#   Decrease number of Java threads
#   Decrease Java thread stack sizes (-Xss)
#   Set larger code cache with -XX:ReservedCodeCacheSize=
#   JVM is running with Unscaled Compressed Oops mode in which the Java heap is
#     placed in the first 4GB address space. The Java Heap base address is the
#     maximum limit for the native heap growth. Please use -XX:HeapBaseMinAddress
#     to set the Java Heap base and to place the Java Heap above 4GB virtual address.
# This output file may be truncated or incomplete.
#
#  Out of Memory Error (allocation.cpp:273), pid=4260, tid=0x000000000000228c
#
# JRE version: Java(TM) SE Runtime Environment (8.0_201-b09) (build 1.8.0_201-b09)
# Java VM: Java HotSpot(TM) 64-Bit Server VM (25.201-b09 mixed mode windows-amd64 compressed oops)
# Failed to write core dump. Minidumps are not enabled by default on client versions of Windows
#

---------------  T H R E A D  ---------------

Current thread (0x0000000002f32800):  JavaThread "main" [_thread_in_vm, id=8844, stack(0x0000000002e30000,0x0000000002f30000)]

Stack: [0x0000000002e30000,0x0000000002f30000]
[error occurred during error reporting (printing stack bounds), id 0xc0000005]

Native frames: (J=compiled Java code, j=interpreted, Vv=VM code, C=native code)

Java frames: (J=compiled Java code, j=interpreted, Vv=VM code)
J 496  java.lang.ClassLoader.defineClass1(Ljava/lang/String;[BIILjava/security/ProtectionDomain;Ljava/lang/String;)Ljava/lang/Class; (0 bytes) @ 0x00000000032988df [0x0000000003298840+0x9f]
J 426 C1 java.lang.ClassLoader.defineClass(Ljava/lang/String;[BIILjava/security/ProtectionDomain;)Ljava/lang/Class; (43 bytes) @ 0x00000000032734e4 [0x0000000003272f00+0x5e4]
J 381 C1 java.net.URLClassLoader.defineClass(Ljava/lang/String;Lsun/misc/Resource;)Ljava/lang/Class; (142 bytes) @ 0x00000000032494e4 [0x0000000003247980+0x1b64]
J 286 C1 java.net.URLClassLoader$1.run()Ljava/lang/Class; (63 bytes) @ 0x00000000031f722c [0x00000000031f6f60+0x2cc]
J 285 C1 java.net.URLClassLoader$1.run()Ljava/lang/Object; (5 bytes) @ 0x00000000031f6bcc [0x00000000031f6b40+0x8c]
v  ~StubRoutines::call_stub
J 176  java.security.AccessController.doPrivileged(Ljava/security/PrivilegedExceptionAction;Ljava/security/AccessControlContext;)Ljava/lang/Object; (0 bytes) @ 0x000000000319f7e6 [0x000000000319f780+0x66]
J 1465 C2 java.net.URLClassLoader.findClass(Ljava/lang/String;)Ljava/lang/Class; (47 bytes) @ 0x000000000350f630 [0x000000000350f5a0+0x90]
J 434 C1 org.codehaus.plexus.classworlds.realm.ClassRealm.loadClassFromSelf(Ljava/lang/String;)Ljava/lang/Class; (40 bytes) @ 0x0000000003277014 [0x0000000003276c80+0x394]
J 388 C1 org.codehaus.plexus.classworlds.strategy.SelfFirstStrategy.loadClass(Ljava/lang/String;)Ljava/lang/Class; (50 bytes) @ 0x00000000032501dc [0x000000000324ff40+0x29c]
J 306 C1 org.codehaus.plexus.classworlds.realm.ClassRealm.loadClass(Ljava/lang/String;)Ljava/lang/Class; (7 bytes) @ 0x0000000003204ac4 [0x00000000032048a0+0x224]
v  ~StubRoutines::call_stub
j  org.eclipse.aether.internal.impl.PrioritizedComponents.<init>(Ljava/util/Map;)V+24
j  org.eclipse.aether.internal.impl.PrioritizedComponents.<init>(Lorg/eclipse/aether/RepositorySystemSession;)V+7
j  org.eclipse.aether.internal.impl.DefaultLocalRepositoryProvider.newLocalRepositoryManager(Lorg/eclipse/aether/RepositorySystemSession;Lorg/eclipse/aether/repository/LocalRepository;)Lorg/eclipse/aether/repository/LocalRepositoryManager;+5
j  org.eclipse.aether.internal.impl.DefaultRepositorySystem.newLocalRepositoryManager(Lorg/eclipse/aether/RepositorySystemSession;Lorg/eclipse/aether/repository/LocalRepository;)Lorg/eclipse/aether/repository/LocalRepositoryManager;+6
j  org.apache.maven.internal.aether.DefaultRepositorySystemSessionFactory.newRepositorySession(Lorg/apache/maven/execution/MavenExecutionRequest;)Lorg/eclipse/aether/DefaultRepositorySystemSession;+316
j  org.apache.maven.DefaultMaven.newRepositorySession(Lorg/apache/maven/execution/MavenExecutionRequest;)Lorg/eclipse/aether/RepositorySystemSession;+5
j  org.apache.maven.DefaultMaven.doExecute(Lorg/apache/maven/execution/MavenExecutionRequest;)Lorg/apache/maven/execution/MavenExecutionResult;+47
j  org.apache.maven.DefaultMaven.execute(Lorg/apache/maven/execution/MavenExecutionRequest;)Lorg/apache/maven/execution/MavenExecutionResult;+2
j  org.apache.maven.cli.MavenCli.execute(Lorg/apache/maven/cli/CliRequest;)I+27
j  org.apache.maven.cli.MavenCli.doMain(Lorg/apache/maven/cli/CliRequest;)I+66
j  org.apache.maven.cli.MavenCli.main([Ljava/lang/String;Lorg/codehaus/plexus/classworlds/ClassWorld;)I+24
v  ~StubRoutines::call_stub
j  sun.reflect.NativeMethodAccessorImpl.invoke0(Ljava/lang/reflect/Method;Ljava/lang/Object;[Ljava/lang/Object;)Ljava/lang/Object;+0
j  sun.reflect.NativeMethodAccessorImpl.invoke(Ljava/lang/Object;[Ljava/lang/Object;)Ljava/lang/Object;+100
j  sun.reflect.DelegatingMethodAccessorImpl.invoke(Ljava/lang/Object;[Ljava/lang/Object;)Ljava/lang/Object;+6
j  java.lang.reflect.Method.invoke(Ljava/lang/Object;[Ljava/lang/Object;)Ljava/lang/Object;+56
j  org.codehaus.plexus.classworlds.launcher.Launcher.launchEnhanced([Ljava/lang/String;)V+45
j  org.codehaus.plexus.classworlds.launcher.Launcher.launch([Ljava/lang/String;)V+2
j  org.codehaus.plexus.classworlds.launcher.Launcher.mainWithExitCode([Ljava/lang/String;)I+101
j  org.codehaus.plexus.classworlds.launcher.Launcher.main([Ljava/lang/String;)V+1
v  ~StubRoutines::call_stub

---------------  P R O C E S S  ---------------

Java Threads: ( => current thread )
  0x0000000016f88800 JavaThread "Service Thread" daemon [_thread_blocked, id=10084, stack(0x0000000017350000,0x0000000017450000)]
  0x0000000015619800 JavaThread "C1 CompilerThread2" daemon [_thread_blocked, id=8484, stack(0x0000000016e50000,0x0000000016f50000)]
  0x000000001560e800 JavaThread "C2 CompilerThread1" daemon [_thread_in_native, id=11144, stack(0x0000000016d50000,0x0000000016e50000)]
  0x000000001560a000 JavaThread "C2 CompilerThread0" daemon [_thread_in_native, id=11204, stack(0x0000000016c50000,0x0000000016d50000)]
  0x0000000015606800 JavaThread "Attach Listener" daemon [_thread_blocked, id=1348, stack(0x0000000016b50000,0x0000000016c50000)]
  0x0000000015605000 JavaThread "Signal Dispatcher" daemon [_thread_blocked, id=11200, stack(0x0000000016a50000,0x0000000016b50000)]
  0x000000000302c800 JavaThread "Finalizer" daemon [_thread_blocked, id=5284, stack(0x0000000016850000,0x0000000016950000)]
  0x00000000155ea000 JavaThread "Reference Handler" daemon [_thread_blocked, id=3844, stack(0x0000000016750000,0x0000000016850000)]
=>0x0000000002f32800 JavaThread "main" [_thread_in_vm, id=8844, stack(0x0000000002e30000,0x0000000002f30000)]

Other Threads:
  0x00000000155c8000 VMThread [stack: 0x0000000016650000,0x0000000016750000] [id=4424]
  0x0000000015646000 WatcherThread [stack: 0x0000000017450000,0x0000000017550000] [id=6076]

VM state:not at safepoint (normal execution)

VM Mutex/Monitor currently owned by a thread: None

heap address: 0x00000000c1c00000, size: 996 MB, Compressed Oops mode: 32-bit
Narrow klass base: 0x0000000000000000, Narrow klass shift: 3
Compressed class space size: 1073741824 Address: 0x0000000100000000

Heap:
 PSYoungGen      total 35328K, used 20920K [0x00000000eb400000, 0x00000000ed900000, 0x0000000100000000)
  eden space 32768K, 56% used [0x00000000eb400000,0x00000000ec5f23c8,0x00000000ed400000)
  from space 2560K, 99% used [0x00000000ed680000,0x00000000ed8fc030,0x00000000ed900000)
  to   space 2560K, 0% used [0x00000000ed400000,0x00000000ed400000,0x00000000ed680000)
 ParOldGen       total 44032K, used 5144K [0x00000000c1c00000, 0x00000000c4700000, 0x00000000eb400000)
  object space 44032K, 11% used [0x00000000c1c00000,0x00000000c21061e8,0x00000000c4700000)
 Metaspace       used 13568K, capacity 13758K, committed 13824K, reserved 1060864K
  class space    used 1690K, capacity 1778K, committed 1792K, reserved 1048576K

Card table byte_map: [0x00000000123f0000,0x00000000125f0000] byte_map_base: 0x0000000011de2000

Marking Bits: (ParMarkBitMap*) 0x00000000746c4ce0
 Begin Bits: [0x0000000012b40000, 0x0000000013ad0000)
 End Bits:   [0x0000000013ad0000, 0x0000000014a60000)

Polling page: 0x0000000000df0000

CodeCache: size=245760Kb used=5239Kb max_used=5239Kb free=240520Kb
 bounds [0x0000000003030000, 0x0000000003560000, 0x0000000012030000]
 total_blobs=1892 nmethods=1559 adapters=245
 compilation: enabled

Compilation events (10 events):
Event: 2.378 Thread 0x0000000015619800 1556       3       java.util.regex.Pattern::peek (26 bytes)
Event: 2.378 Thread 0x0000000015619800 nmethod 1556 0x000000000354c1d0 code [0x000000000354c340, 0x000000000354c5e8]
Event: 2.378 Thread 0x0000000015619800 1558       1       org.apache.commons.cli.Option::getLongOpt (5 bytes)
Event: 2.378 Thread 0x0000000015619800 nmethod 1558 0x0000000003545350 code [0x00000000035454a0, 0x00000000035455b0]
Event: 2.385 Thread 0x0000000015619800 1559       1       org.apache.commons.cli.Option::getOpt (5 bytes)
Event: 2.385 Thread 0x0000000015619800 nmethod 1559 0x000000000354bf10 code [0x000000000354c060, 0x000000000354c170]
Event: 2.385 Thread 0x0000000015619800 1560       3       java.lang.System::getProperty (25 bytes)
Event: 2.386 Thread 0x0000000015619800 nmethod 1560 0x000000000354b450 code [0x000000000354b620, 0x000000000354bc88]
Event: 2.387 Thread 0x0000000015619800 1561       3       java.lang.Class::getDeclaredFields (18 bytes)
Event: 2.388 Thread 0x0000000015619800 nmethod 1561 0x000000000354af90 code [0x000000000354b120, 0x000000000354b358]

GC Heap History (8 events):
Event: 0.926 GC heap before
{Heap before GC invocations=1 (full 0):
 PSYoungGen      total 18944K, used 16384K [0x00000000eb400000, 0x00000000ec900000, 0x0000000100000000)
  eden space 16384K, 100% used [0x00000000eb400000,0x00000000ec400000,0x00000000ec400000)
  from space 2560K, 0% used [0x00000000ec680000,0x00000000ec680000,0x00000000ec900000)
  to   space 2560K, 0% used [0x00000000ec400000,0x00000000ec400000,0x00000000ec680000)
 ParOldGen       total 44032K, used 0K [0x00000000c1c00000, 0x00000000c4700000, 0x00000000eb400000)
  object space 44032K, 0% used [0x00000000c1c00000,0x00000000c1c00000,0x00000000c4700000)
 Metaspace       used 6752K, capacity 6892K, committed 7040K, reserved 1056768K
  class space    used 773K, capacity 856K, committed 896K, reserved 1048576K
Event: 0.931 GC heap after
Heap after GC invocations=1 (full 0):
 PSYoungGen      total 18944K, used 2555K [0x00000000eb400000, 0x00000000ec900000, 0x0000000100000000)
  eden space 16384K, 0% used [0x00000000eb400000,0x00000000eb400000,0x00000000ec400000)
  from space 2560K, 99% used [0x00000000ec400000,0x00000000ec67eed0,0x00000000ec680000)
  to   space 2560K, 0% used [0x00000000ec680000,0x00000000ec680000,0x00000000ec900000)
 ParOldGen       total 44032K, used 971K [0x00000000c1c00000, 0x00000000c4700000, 0x00000000eb400000)
  object space 44032K, 2% used [0x00000000c1c00000,0x00000000c1cf2f50,0x00000000c4700000)
 Metaspace       used 6752K, capacity 6892K, committed 7040K, reserved 1056768K
  class space    used 773K, capacity 856K, committed 896K, reserved 1048576K
}
Event: 1.222 GC heap before
{Heap before GC invocations=2 (full 0):
 PSYoungGen      total 18944K, used 18939K [0x00000000eb400000, 0x00000000ec900000, 0x0000000100000000)
  eden space 16384K, 100% used [0x00000000eb400000,0x00000000ec400000,0x00000000ec400000)
  from space 2560K, 99% used [0x00000000ec400000,0x00000000ec67eed0,0x00000000ec680000)
  to   space 2560K, 0% used [0x00000000ec680000,0x00000000ec680000,0x00000000ec900000)
 ParOldGen       total 44032K, used 971K [0x00000000c1c00000, 0x00000000c4700000, 0x00000000eb400000)
  object space 44032K, 2% used [0x00000000c1c00000,0x00000000c1cf2f50,0x00000000c4700000)
 Metaspace       used 8141K, capacity 8220K, committed 8448K, reserved 1056768K
  class space    used 984K, capacity 1016K, committed 1024K, reserved 1048576K
Event: 1.226 GC heap after
Heap after GC invocations=2 (full 0):
 PSYoungGen      total 18944K, used 2540K [0x00000000eb400000, 0x00000000ec900000, 0x0000000100000000)
  eden space 16384K, 0% used [0x00000000eb400000,0x00000000eb400000,0x00000000ec400000)
  from space 2560K, 99% used [0x00000000ec680000,0x00000000ec8fb340,0x00000000ec900000)
  to   space 2560K, 0% used [0x00000000ec400000,0x00000000ec400000,0x00000000ec680000)
 ParOldGen       total 44032K, used 1400K [0x00000000c1c00000, 0x00000000c4700000, 0x00000000eb400000)
  object space 44032K, 3% used [0x00000000c1c00000,0x00000000c1d5e1c8,0x00000000c4700000)
 Metaspace       used 8141K, capacity 8220K, committed 8448K, reserved 1056768K
  class space    used 984K, capacity 1016K, committed 1024K, reserved 1048576K
}
Event: 1.498 GC heap before
{Heap before GC invocations=3 (full 0):
 PSYoungGen      total 18944K, used 18924K [0x00000000eb400000, 0x00000000ec900000, 0x0000000100000000)
  eden space 16384K, 100% used [0x00000000eb400000,0x00000000ec400000,0x00000000ec400000)
  from space 2560K, 99% used [0x00000000ec680000,0x00000000ec8fb340,0x00000000ec900000)
  to   space 2560K, 0% used [0x00000000ec400000,0x00000000ec400000,0x00000000ec680000)
 ParOldGen       total 44032K, used 1400K [0x00000000c1c00000, 0x00000000c4700000, 0x00000000eb400000)
  object space 44032K, 3% used [0x00000000c1c00000,0x00000000c1d5e1c8,0x00000000c4700000)
 Metaspace       used 9600K, capacity 9786K, committed 9984K, reserved 1058816K
  class space    used 1155K, capacity 1214K, committed 1280K, reserved 1048576K
Event: 1.505 GC heap after
Heap after GC invocations=3 (full 0):
 PSYoungGen      total 18944K, used 2535K [0x00000000eb400000, 0x00000000ed900000, 0x0000000100000000)
  eden space 16384K, 0% used [0x00000000eb400000,0x00000000eb400000,0x00000000ec400000)
  from space 2560K, 99% used [0x00000000ec400000,0x00000000ec679ff8,0x00000000ec680000)
  to   space 2560K, 0% used [0x00000000ed680000,0x00000000ed680000,0x00000000ed900000)
 ParOldGen       total 44032K, used 3151K [0x00000000c1c00000, 0x00000000c4700000, 0x00000000eb400000)
  object space 44032K, 7% used [0x00000000c1c00000,0x00000000c1f13e58,0x00000000c4700000)
 Metaspace       used 9600K, capacity 9786K, committed 9984K, reserved 1058816K
  class space    used 1155K, capacity 1214K, committed 1280K, reserved 1048576K
}
Event: 1.797 GC heap before
{Heap before GC invocations=4 (full 0):
 PSYoungGen      total 18944K, used 18919K [0x00000000eb400000, 0x00000000ed900000, 0x0000000100000000)
  eden space 16384K, 100% used [0x00000000eb400000,0x00000000ec400000,0x00000000ec400000)
  from space 2560K, 99% used [0x00000000ec400000,0x00000000ec679ff8,0x00000000ec680000)
  to   space 2560K, 0% used [0x00000000ed680000,0x00000000ed680000,0x00000000ed900000)
 ParOldGen       total 44032K, used 3151K [0x00000000c1c00000, 0x00000000c4700000, 0x00000000eb400000)
  object space 44032K, 7% used [0x00000000c1c00000,0x00000000c1f13e58,0x00000000c4700000)
 Metaspace       used 11392K, capacity 11580K, committed 11776K, reserved 1058816K
  class space    used 1408K, capacity 1511K, committed 1536K, reserved 1048576K
Event: 1.805 GC heap after
Heap after GC invocations=4 (full 0):
 PSYoungGen      total 35328K, used 2544K [0x00000000eb400000, 0x00000000ed900000, 0x0000000100000000)
  eden space 32768K, 0% used [0x00000000eb400000,0x00000000eb400000,0x00000000ed400000)
  from space 2560K, 99% used [0x00000000ed680000,0x00000000ed8fc030,0x00000000ed900000)
  to   space 2560K, 0% used [0x00000000ed400000,0x00000000ed400000,0x00000000ed680000)
 ParOldGen       total 44032K, used 5144K [0x00000000c1c00000, 0x00000000c4700000, 0x00000000eb400000)
  object space 44032K, 11% used [0x00000000c1c00000,0x00000000c21061e8,0x00000000c4700000)
 Metaspace       used 11392K, capacity 11580K, committed 11776K, reserved 1058816K
  class space    used 1408K, capacity 1511K, committed 1536K, reserved 1048576K
}

Deoptimization events (7 events):
Event: 0.795 Thread 0x0000000002f32800 Uncommon trap: reason=unstable_if action=reinterpret pc=0x00000000031b3124 method=java.lang.String.indexOf([CII[CIII)I @ 3
Event: 1.231 Thread 0x0000000002f32800 Uncommon trap: reason=unstable_if action=reinterpret pc=0x00000000032a2bfc method=java.util.HashMap.getNode(ILjava/lang/Object;)Ljava/util/HashMap$Node; @ 129
Event: 1.231 Thread 0x0000000002f32800 Uncommon trap: reason=unstable_if action=reinterpret pc=0x0000000003298e38 method=java.util.HashMap.getNode(ILjava/lang/Object;)Ljava/util/HashMap$Node; @ 129
Event: 1.241 Thread 0x0000000002f32800 Uncommon trap: reason=range_check action=make_not_entrant pc=0x0000000003337620 method=sun.reflect.generics.parser.SignatureParser.current()C @ 34
Event: 1.431 Thread 0x0000000002f32800 Uncommon trap: reason=bimorphic action=maybe_recompile pc=0x000000000337f478 method=java.util.HashMap.putVal(ILjava/lang/Object;Ljava/lang/Object;ZZ)Ljava/lang/Object; @ 203
Event: 2.339 Thread 0x0000000002f32800 Uncommon trap: reason=unstable_if action=reinterpret pc=0x000000000351b750 method=org.eclipse.sisu.inject.InjectorBindings.isAssignableFrom(Lcom/google/inject/TypeLiteral;Lcom/google/inject/Binding;)Z @ 14
Event: 2.353 Thread 0x0000000002f32800 Uncommon trap: reason=unstable_if action=reinterpret pc=0x00000000032fe9bc method=org.codehaus.plexus.util.xml.pull.MXParser.nextImpl()I @ 269

Classes redefined (0 events):
No events

Internal exceptions (10 events):
Event: 0.470 Thread 0x0000000002f32800 Exception <a 'java/security/PrivilegedActionException'> (0x00000000eb835d58) thrown at [C:\re\workspace\8-2-build-windows-amd64-cygwin\jdk8u201\12322\hotspot\src\share\vm\prims\jvm.cpp, line 1502]
Event: 1.039 Thread 0x0000000002f32800 Exception <a 'java/lang/ArrayIndexOutOfBoundsException'> (0x00000000eb779890) thrown at [C:\re\workspace\8-2-build-windows-amd64-cygwin\jdk8u201\12322\hotspot\src\share\vm\runtime\sharedRuntime.cpp, line 605]
Event: 1.041 Thread 0x0000000002f32800 Exception <a 'java/lang/ArrayIndexOutOfBoundsException'> (0x00000000eb797298) thrown at [C:\re\workspace\8-2-build-windows-amd64-cygwin\jdk8u201\12322\hotspot\src\share\vm\runtime\sharedRuntime.cpp, line 605]
Event: 1.048 Thread 0x0000000002f32800 Exception <a 'java/lang/ArrayIndexOutOfBoundsException'> (0x00000000eb7dba78) thrown at [C:\re\workspace\8-2-build-windows-amd64-cygwin\jdk8u201\12322\hotspot\src\share\vm\runtime\sharedRuntime.cpp, line 605]
Event: 1.178 Thread 0x0000000002f32800 Exception <a 'java/lang/ArrayIndexOutOfBoundsException'> (0x00000000ec1f09a8) thrown at [C:\re\workspace\8-2-build-windows-amd64-cygwin\jdk8u201\12322\hotspot\src\share\vm\runtime\sharedRuntime.cpp, line 605]
Event: 1.179 Thread 0x0000000002f32800 Exception <a 'java/lang/ArrayIndexOutOfBoundsException'> (0x00000000ec1f2538) thrown at [C:\re\workspace\8-2-build-windows-amd64-cygwin\jdk8u201\12322\hotspot\src\share\vm\runtime\sharedRuntime.cpp, line 605]
Event: 1.241 Thread 0x0000000002f32800 Exception <a 'java/lang/ArrayIndexOutOfBoundsException': 66> (0x00000000eb52ca48) thrown at [C:\re\workspace\8-2-build-windows-amd64-cygwin\jdk8u201\12322\hotspot\src\share\vm\interpreter\interpreterRuntime.cpp, line 368]
Event: 2.177 Thread 0x0000000002f32800 Exception <a 'java/lang/NoClassDefFoundError': com/google/inject/servlet/ServletModuleTargetVisitor> (0x00000000ebe65590) thrown at [C:\re\workspace\8-2-build-windows-amd64-cygwin\jdk8u201\12322\hotspot\src\share\vm\classfile\systemDictionary.cpp, line 19
Event: 2.177 Thread 0x0000000002f32800 Exception <a 'java/lang/NoClassDefFoundError'> (0x00000000ebe65590) thrown at [C:\re\workspace\8-2-build-windows-amd64-cygwin\jdk8u201\12322\hotspot\src\share\vm\prims\jvm.cpp, line 1506]
Event: 2.177 Thread 0x0000000002f32800 Exception <a 'java/lang/NoClassDefFoundError': javax/annotation/Priority> (0x00000000ebe6a600) thrown at [C:\re\workspace\8-2-build-windows-amd64-cygwin\jdk8u201\12322\hotspot\src\share\vm\classfile\systemDictionary.cpp, line 199]

Events (10 events):
Event: 2.411 loading class org/eclipse/aether/util/repository/SimpleResolutionErrorPolicy
Event: 2.411 loading class org/eclipse/aether/util/repository/SimpleResolutionErrorPolicy done
Event: 2.412 loading class org/apache/maven/RepositoryUtils
Event: 2.412 loading class org/apache/maven/RepositoryUtils done
Event: 2.414 loading class org/apache/maven/RepositoryUtils$MavenArtifactTypeRegistry
Event: 2.414 loading class org/apache/maven/RepositoryUtils$MavenArtifactTypeRegistry done
Event: 2.415 loading class org/eclipse/aether/internal/impl/PrioritizedComponents
Event: 2.415 loading class org/eclipse/aether/internal/impl/PrioritizedComponents done
Event: 2.416 loading class org/eclipse/aether/util/ConfigUtils
Event: 2.416 loading class org/eclipse/aether/util/ConfigUtils done


Dynamic libraries:
0x00007ff708800000 - 0x00007ff708837000 	C:\Program Files\Java\jdk1.8.0_201\bin\java.exe
0x00007ffc1f500000 - 0x00007ffc1f6f0000 	C:\WINDOWS\SYSTEM32\ntdll.dll
0x00007ffc1f030000 - 0x00007ffc1f0e2000 	C:\WINDOWS\System32\KERNEL32.DLL
0x00007ffc1c4b0000 - 0x00007ffc1c754000 	C:\WINDOWS\System32\KERNELBASE.dll
0x00007ffc1e220000 - 0x00007ffc1e2c3000 	C:\WINDOWS\System32\ADVAPI32.dll
0x00007ffc1ef60000 - 0x00007ffc1effe000 	C:\WINDOWS\System32\msvcrt.dll
0x00007ffc1e2d0000 - 0x00007ffc1e367000 	C:\WINDOWS\System32\sechost.dll
0x00007ffc1d630000 - 0x00007ffc1d750000 	C:\WINDOWS\System32\RPCRT4.dll
0x00007ffc1ed00000 - 0x00007ffc1ee95000 	C:\WINDOWS\System32\USER32.dll
0x00007ffc1c760000 - 0x00007ffc1c781000 	C:\WINDOWS\System32\win32u.dll
0x00007ffc1f000000 - 0x00007ffc1f026000 	C:\WINDOWS\System32\GDI32.dll
0x00007ffc1c8b0000 - 0x00007ffc1ca46000 	C:\WINDOWS\System32\gdi32full.dll
0x00007ffc1c790000 - 0x00007ffc1c82e000 	C:\WINDOWS\System32\msvcp_win.dll
0x00007ffc1ccd0000 - 0x00007ffc1cdca000 	C:\WINDOWS\System32\ucrtbase.dll
0x00007ffc10140000 - 0x00007ffc103c4000 	C:\WINDOWS\WinSxS\amd64_microsoft.windows.common-controls_6595b64144ccf1df_6.0.18362.1016_none_9e7a36bbe461dae4\COMCTL32.dll
0x00007ffc1d9f0000 - 0x00007ffc1dd25000 	C:\WINDOWS\System32\combase.dll
0x00007ffc1c830000 - 0x00007ffc1c8b0000 	C:\WINDOWS\System32\bcryptPrimitives.dll
0x00007ffc1d880000 - 0x00007ffc1d8ae000 	C:\WINDOWS\System32\IMM32.DLL
0x0000000073dc0000 - 0x0000000073e91000 	C:\Program Files\Java\jdk1.8.0_201\jre\bin\msvcr100.dll
0x0000000073ea0000 - 0x0000000074744000 	C:\Program Files\Java\jdk1.8.0_201\jre\bin\server\jvm.dll
0x00007ffc1e210000 - 0x00007ffc1e218000 	C:\WINDOWS\System32\PSAPI.DLL
0x00007ffc17440000 - 0x00007ffc17449000 	C:\WINDOWS\SYSTEM32\WSOCK32.dll
0x00007ffc199e0000 - 0x00007ffc19a04000 	C:\WINDOWS\SYSTEM32\WINMM.dll
0x00007ffc1f370000 - 0x00007ffc1f3df000 	C:\WINDOWS\System32\WS2_32.dll
0x00007ffc09db0000 - 0x00007ffc09dba000 	C:\WINDOWS\SYSTEM32\VERSION.dll
0x00007ffc199b0000 - 0x00007ffc199dd000 	C:\WINDOWS\SYSTEM32\winmmbase.dll
0x00007ffc1d560000 - 0x00007ffc1d5aa000 	C:\WINDOWS\System32\cfgmgr32.dll
0x00007ffc173b0000 - 0x00007ffc173bf000 	C:\Program Files\Java\jdk1.8.0_201\jre\bin\verify.dll
0x00007ffc13910000 - 0x00007ffc13939000 	C:\Program Files\Java\jdk1.8.0_201\jre\bin\java.dll
0x00007ffc15ad0000 - 0x00007ffc15ae6000 	C:\Program Files\Java\jdk1.8.0_201\jre\bin\zip.dll
0x00007ffc1e370000 - 0x00007ffc1ea57000 	C:\WINDOWS\System32\SHELL32.dll
0x00007ffc1f0f0000 - 0x00007ffc1f199000 	C:\WINDOWS\System32\shcore.dll
0x00007ffc1cdd0000 - 0x00007ffc1d552000 	C:\WINDOWS\System32\windows.storage.dll
0x00007ffc1c450000 - 0x00007ffc1c473000 	C:\WINDOWS\System32\profapi.dll
0x00007ffc1c400000 - 0x00007ffc1c44a000 	C:\WINDOWS\System32\powrprof.dll
0x00007ffc1c3b0000 - 0x00007ffc1c3c0000 	C:\WINDOWS\System32\UMPDC.dll
0x00007ffc1e1a0000 - 0x00007ffc1e1f2000 	C:\WINDOWS\System32\shlwapi.dll
0x00007ffc1c3c0000 - 0x00007ffc1c3d1000 	C:\WINDOWS\System32\kernel.appcore.dll
0x00007ffc1ccb0000 - 0x00007ffc1ccc7000 	C:\WINDOWS\System32\cryptsp.dll
0x00007ffc18300000 - 0x00007ffc1830a000 	C:\Program Files\NetBeans-12.0\netbeans\java\maven\lib\jansi-native\windows64\jansi.dll

VM Arguments:
jvm_args: -Dclassworlds.conf=C:\Program Files\NetBeans-12.0\netbeans\java\maven\bin\..\bin\m2.conf -Dmaven.home=C:\Program Files\NetBeans-12.0\netbeans\java\maven\bin\.. -Dlibrary.jansi.path=C:\Program Files\NetBeans-12.0\netbeans\java\maven\bin\..\lib\jansi-native -Dmaven.multiModuleProjectDirectory=C:\Users\Admin\OneDrive\Documents\finalExamSpringFrameworkM7\finalExamSpringFrameworkM7 
java_command: org.codehaus.plexus.classworlds.launcher.Launcher -Dtest=com.thien.service.OrderServiceTest -Dmaven.ext.class.path=C:\Program Files\NetBeans-12.0\netbeans\java\maven-nblib\netbeans-eventspy.jar -Dfile.encoding=UTF-8 surefire:test
java_class_path (initial): C:\Program Files\NetBeans-12.0\netbeans\java\maven\bin\..\boot\plexus-classworlds-2.6.0.jar
Launcher Type: SUN_STANDARD

Environment Variables:
JAVA_HOME=C:\Program Files\Java\jdk1.8.0_201
PATH=C:\Program Files (x86)\Common Files\Oracle\Java\javapath;C:\Program Files (x86)\Intel\iCLS Client\;C:\Program Files\Intel\iCLS Client\;C:\WINDOWS\system32;C:\WINDOWS;C:\WINDOWS\System32\Wbem;C:\WINDOWS\System32\WindowsPowerShell\v1.0\;C:\Program Files (x86)\Intel\Intel(R) Management Engine Components\DAL;C:\Program Files\Intel\Intel(R) Management Engine Components\DAL;C:\Program Files (x86)\Intel\Intel(R) Management Engine Components\IPT;C:\Program Files\Intel\Intel(R) Management Engine Components\IPT;C:\WINDOWS\System32\OpenSSH\;C:\ProgramData\chocolatey\bin;C:\Program Files\Git\cmd;C:\Program Files\nodejs\;C:\Users\Admin\AppData\Local\Microsoft\WindowsApps;C:\Modeltech_pe_edu_10.4a\win32pe_edu;C:\Program Files\Java\jdk1.8.0_201\bin;C:\Users\Admin\AppData\Roaming\npm
USERNAME=Admin
OS=Windows_NT
PROCESSOR_IDENTIFIER=Intel64 Family 6 Model 142 Stepping 9, GenuineIntel



---------------  S Y S T E M  ---------------

OS: Windows 10.0 , 64 bit Build 18362 (10.0.18362.959)

CPU:total 4 (initial active 4) (2 cores per cpu, 2 threads per core) family 6 model 142 stepping 9, cmov, cx8, fxsr, mmx, sse, sse2, sse3, ssse3, sse4.1, sse4.2, popcnt, avx, avx2, aes, clmul, erms, 3dnowpref, lzcnt, ht, tsc, tscinvbit, bmi1, bmi2, adx

Memory: 4k page, physical 4073152k(538180k free), swap 5404352k(4092k free)

vm_info: Java HotSpot(TM) 64-Bit Server VM (25.201-b09) for windows-amd64 JRE (1.8.0_201-b09), built on Dec 15 2018 18:36:39 by "java_re" with MS VC++ 10.0 (VS2010)

time: Sun Aug 23 20:33:48 2020
timezone: SE Asia Standard Time
elapsed time: 2 seconds (0d 0h 0m 2s)

