#
# There is insufficient memory for the Java Runtime Environment to continue.
# Native memory allocation (malloc) failed to allocate 149536 bytes for Chunk::new
# Possible reasons:
#   The system is out of physical RAM or swap space
#   The process is running with CompressedOops enabled, and the Java Heap may be blocking the growth of the native heap
# Possible solutions:
#   Reduce memory load on the system
#   Increase physical memory or swap space
#   Check if swap backing store is full
#   Decrease Java heap size (-Xmx/-Xms)
#   Decrease number of Java threads
#   Decrease Java thread stack sizes (-Xss)
#   Set larger code cache with -XX:ReservedCodeCacheSize=
#   JVM is running with Unscaled Compressed Oops mode in which the Java heap is
#     placed in the first 4GB address space. The Java Heap base address is the
#     maximum limit for the native heap growth. Please use -XX:HeapBaseMinAddress
#     to set the Java Heap base and to place the Java Heap above 4GB virtual address.
# This output file may be truncated or incomplete.
#
#  Out of Memory Error (allocation.cpp:390), pid=7776, tid=0x000000000000189c
#
# JRE version: Java(TM) SE Runtime Environment (8.0_201-b09) (build 1.8.0_201-b09)
# Java VM: Java HotSpot(TM) 64-Bit Server VM (25.201-b09 mixed mode windows-amd64 compressed oops)
# Failed to write core dump. Minidumps are not enabled by default on client versions of Windows
#

---------------  T H R E A D  ---------------

Current thread (0x00000000159bd000):  JavaThread "C2 CompilerThread1" daemon [_thread_in_native, id=6300, stack(0x0000000017110000,0x0000000017210000)]

Stack: [0x0000000017110000,0x0000000017210000]
[error occurred during error reporting (printing stack bounds), id 0xc0000005]

Native frames: (J=compiled Java code, j=interpreted, Vv=VM code, C=native code)


Current CompileTask:
C2:   1288  708       4       sun.misc.URLClassPath::getResource (83 bytes)


---------------  P R O C E S S  ---------------

Java Threads: ( => current thread )
  0x0000000017340800 JavaThread "Service Thread" daemon [_thread_blocked, id=2780, stack(0x0000000017710000,0x0000000017810000)]
  0x00000000159c7000 JavaThread "C1 CompilerThread2" daemon [_thread_blocked, id=5048, stack(0x0000000017210000,0x0000000017310000)]
=>0x00000000159bd000 JavaThread "C2 CompilerThread1" daemon [_thread_in_native, id=6300, stack(0x0000000017110000,0x0000000017210000)]
  0x00000000159ba000 JavaThread "C2 CompilerThread0" daemon [_thread_blocked, id=3012, stack(0x0000000017010000,0x0000000017110000)]
  0x00000000159b8800 JavaThread "Attach Listener" daemon [_thread_blocked, id=4032, stack(0x0000000016f10000,0x0000000017010000)]
  0x00000000159b7000 JavaThread "Signal Dispatcher" daemon [_thread_blocked, id=1072, stack(0x0000000016e10000,0x0000000016f10000)]
  0x00000000033dd800 JavaThread "Finalizer" daemon [_thread_in_vm, id=8940, stack(0x0000000016c10000,0x0000000016d10000)]
  0x000000001599a000 JavaThread "Reference Handler" daemon [_thread_in_vm, id=2560, stack(0x0000000016b10000,0x0000000016c10000)]
  0x00000000032e2800 JavaThread "main" [_thread_in_native, id=8880, stack(0x00000000031e0000,0x00000000032e0000)]

Other Threads:
  0x0000000015978000 VMThread [stack: 0x0000000016a10000,0x0000000016b10000] [id=1388]
  0x0000000017342800 WatcherThread [stack: 0x0000000017810000,0x0000000017910000] [id=8632]

VM state:not at safepoint (normal execution)

VM Mutex/Monitor currently owned by a thread: None

heap address: 0x00000000c1c00000, size: 996 MB, Compressed Oops mode: 32-bit
Narrow klass base: 0x0000000000000000, Narrow klass shift: 3
Compressed class space size: 1073741824 Address: 0x0000000100000000

Heap:
 PSYoungGen      total 18944K, used 2864K [0x00000000eb400000, 0x00000000ec900000, 0x0000000100000000)
  eden space 16384K, 1% used [0x00000000eb400000,0x00000000eb451088,0x00000000ec400000)
  from space 2560K, 99% used [0x00000000ec680000,0x00000000ec8fb300,0x00000000ec900000)
  to   space 2560K, 0% used [0x00000000ec400000,0x00000000ec400000,0x00000000ec680000)
 ParOldGen       total 44032K, used 1403K [0x00000000c1c00000, 0x00000000c4700000, 0x00000000eb400000)
  object space 44032K, 3% used [0x00000000c1c00000,0x00000000c1d5ef98,0x00000000c4700000)
 Metaspace       used 8163K, capacity 8220K, committed 8448K, reserved 1056768K
  class space    used 985K, capacity 1016K, committed 1024K, reserved 1048576K

Card table byte_map: [0x00000000127a0000,0x00000000129a0000] byte_map_base: 0x0000000012192000

Marking Bits: (ParMarkBitMap*) 0x00000000746c4ce0
 Begin Bits: [0x0000000012ef0000, 0x0000000013e80000)
 End Bits:   [0x0000000013e80000, 0x0000000014e10000)

Polling page: 0x0000000000ff0000

CodeCache: size=245760Kb used=3126Kb max_used=3126Kb free=242633Kb
 bounds [0x00000000033e0000, 0x00000000036f0000, 0x00000000123e0000]
 total_blobs=1033 nmethods=730 adapters=216
 compilation: enabled

Compilation events (10 events):
Event: 1.279 Thread 0x00000000159c7000 nmethod 723 0x00000000036e62d0 code [0x00000000036e64c0, 0x00000000036e6d98]
Event: 1.279 Thread 0x00000000159c7000  724       3       sun.reflect.generics.parser.SignatureParser::parseIdentifier (115 bytes)
Event: 1.280 Thread 0x00000000159c7000 nmethod 724 0x00000000036e8a10 code [0x00000000036e8c80, 0x00000000036e9b48]
Event: 1.280 Thread 0x00000000159c7000  727       3       sun.misc.ProxyGenerator$ConstantPool$IndirectEntry::write (61 bytes)
Event: 1.281 Thread 0x00000000159c7000 nmethod 727 0x00000000036ea390 code [0x00000000036ea580, 0x00000000036eb088]
Event: 1.281 Thread 0x00000000159c7000  725       3       sun.misc.ProxyGenerator$ConstantPool$ValueEntry::write (190 bytes)
Event: 1.283 Thread 0x00000000159c7000 nmethod 725 0x00000000036eb450 code [0x00000000036eb840, 0x00000000036ee2a8]
Event: 1.283 Thread 0x00000000159c7000  726       3       java.io.DataOutputStream::writeUTF (7 bytes)
Event: 1.283 Thread 0x00000000159c7000 nmethod 726 0x00000000036e5f50 code [0x00000000036e60c0, 0x00000000036e6248]
Event: 1.283 Thread 0x00000000159c7000  728       3       sun.misc.ProxyGenerator::dotToSlash (9 bytes)

GC Heap History (3 events):
Event: 0.876 GC heap before
{Heap before GC invocations=1 (full 0):
 PSYoungGen      total 18944K, used 16384K [0x00000000eb400000, 0x00000000ec900000, 0x0000000100000000)
  eden space 16384K, 100% used [0x00000000eb400000,0x00000000ec400000,0x00000000ec400000)
  from space 2560K, 0% used [0x00000000ec680000,0x00000000ec680000,0x00000000ec900000)
  to   space 2560K, 0% used [0x00000000ec400000,0x00000000ec400000,0x00000000ec680000)
 ParOldGen       total 44032K, used 0K [0x00000000c1c00000, 0x00000000c4700000, 0x00000000eb400000)
  object space 44032K, 0% used [0x00000000c1c00000,0x00000000c1c00000,0x00000000c4700000)
 Metaspace       used 6783K, capacity 6956K, committed 7040K, reserved 1056768K
  class space    used 774K, capacity 856K, committed 896K, reserved 1048576K
Event: 0.880 GC heap after
Heap after GC invocations=1 (full 0):
 PSYoungGen      total 18944K, used 2555K [0x00000000eb400000, 0x00000000ec900000, 0x0000000100000000)
  eden space 16384K, 0% used [0x00000000eb400000,0x00000000eb400000,0x00000000ec400000)
  from space 2560K, 99% used [0x00000000ec400000,0x00000000ec67ef78,0x00000000ec680000)
  to   space 2560K, 0% used [0x00000000ec680000,0x00000000ec680000,0x00000000ec900000)
 ParOldGen       total 44032K, used 931K [0x00000000c1c00000, 0x00000000c4700000, 0x00000000eb400000)
  object space 44032K, 2% used [0x00000000c1c00000,0x00000000c1ce8ff0,0x00000000c4700000)
 Metaspace       used 6783K, capacity 6956K, committed 7040K, reserved 1056768K
  class space    used 774K, capacity 856K, committed 896K, reserved 1048576K
}
Event: 1.283 GC heap before
{Heap before GC invocations=2 (full 0):
 PSYoungGen      total 18944K, used 18939K [0x00000000eb400000, 0x00000000ec900000, 0x0000000100000000)
  eden space 16384K, 100% used [0x00000000eb400000,0x00000000ec400000,0x00000000ec400000)
  from space 2560K, 99% used [0x00000000ec400000,0x00000000ec67ef78,0x00000000ec680000)
  to   space 2560K, 0% used [0x00000000ec680000,0x00000000ec680000,0x00000000ec900000)
 ParOldGen       total 44032K, used 931K [0x00000000c1c00000, 0x00000000c4700000, 0x00000000eb400000)
  object space 44032K, 2% used [0x00000000c1c00000,0x00000000c1ce8ff0,0x00000000c4700000)
 Metaspace       used 8162K, capacity 8220K, committed 8448K, reserved 1056768K
  class space    used 985K, capacity 1016K, committed 1024K, reserved 1048576K

Deoptimization events (2 events):
Event: 0.736 Thread 0x00000000032e2800 Uncommon trap: reason=unstable_if action=reinterpret pc=0x0000000003568b64 method=java.lang.String.indexOf([CII[CIII)I @ 3
Event: 1.195 Thread 0x00000000032e2800 Uncommon trap: reason=unstable_if action=reinterpret pc=0x00000000036aff24 method=org.codehaus.plexus.util.xml.pull.MXParser.nextImpl()I @ 241

Classes redefined (0 events):
No events

Internal exceptions (10 events):
Event: 0.066 Thread 0x00000000032e2800 Exception <a 'java/lang/NoSuchMethodError': Method sun.misc.Unsafe.prefetchRead(Ljava/lang/Object;J)V name or signature does not match> (0x00000000eb407f98) thrown at [C:\re\workspace\8-2-build-windows-amd64-cygwin\jdk8u201\12322\hotspot\src\share\vm\prim
Event: 0.379 Thread 0x00000000032e2800 Exception <a 'java/security/PrivilegedActionException'> (0x00000000eb831548) thrown at [C:\re\workspace\8-2-build-windows-amd64-cygwin\jdk8u201\12322\hotspot\src\share\vm\prims\jvm.cpp, line 1502]
Event: 0.379 Thread 0x00000000032e2800 Exception <a 'java/security/PrivilegedActionException'> (0x00000000eb831758) thrown at [C:\re\workspace\8-2-build-windows-amd64-cygwin\jdk8u201\12322\hotspot\src\share\vm\prims\jvm.cpp, line 1502]
Event: 0.380 Thread 0x00000000032e2800 Exception <a 'java/security/PrivilegedActionException'> (0x00000000eb835850) thrown at [C:\re\workspace\8-2-build-windows-amd64-cygwin\jdk8u201\12322\hotspot\src\share\vm\prims\jvm.cpp, line 1502]
Event: 0.380 Thread 0x00000000032e2800 Exception <a 'java/security/PrivilegedActionException'> (0x00000000eb835a60) thrown at [C:\re\workspace\8-2-build-windows-amd64-cygwin\jdk8u201\12322\hotspot\src\share\vm\prims\jvm.cpp, line 1502]
Event: 1.000 Thread 0x00000000032e2800 Exception <a 'java/lang/ArrayIndexOutOfBoundsException'> (0x00000000eb780af0) thrown at [C:\re\workspace\8-2-build-windows-amd64-cygwin\jdk8u201\12322\hotspot\src\share\vm\runtime\sharedRuntime.cpp, line 605]
Event: 1.011 Thread 0x00000000032e2800 Exception <a 'java/lang/ArrayIndexOutOfBoundsException'> (0x00000000eb79e4f8) thrown at [C:\re\workspace\8-2-build-windows-amd64-cygwin\jdk8u201\12322\hotspot\src\share\vm\runtime\sharedRuntime.cpp, line 605]
Event: 1.021 Thread 0x00000000032e2800 Exception <a 'java/lang/ArrayIndexOutOfBoundsException'> (0x00000000eb7e2d08) thrown at [C:\re\workspace\8-2-build-windows-amd64-cygwin\jdk8u201\12322\hotspot\src\share\vm\runtime\sharedRuntime.cpp, line 605]
Event: 1.201 Thread 0x00000000032e2800 Exception <a 'java/lang/ArrayIndexOutOfBoundsException'> (0x00000000ec1f4740) thrown at [C:\re\workspace\8-2-build-windows-amd64-cygwin\jdk8u201\12322\hotspot\src\share\vm\runtime\sharedRuntime.cpp, line 605]
Event: 1.202 Thread 0x00000000032e2800 Exception <a 'java/lang/ArrayIndexOutOfBoundsException'> (0x00000000ec1f62d0) thrown at [C:\re\workspace\8-2-build-windows-amd64-cygwin\jdk8u201\12322\hotspot\src\share\vm\runtime\sharedRuntime.cpp, line 605]

Events (10 events):
Event: 1.276 loading class org/apache/maven/ArtifactFilterManager done
Event: 1.276 loading class org/eclipse/sisu/inject/TypeArguments
Event: 1.277 loading class org/eclipse/sisu/inject/TypeArguments done
Event: 1.278 loading class org/sonatype/inject/Mediator
Event: 1.278 loading class org/sonatype/inject/Mediator done
Event: 1.278 loading class org/eclipse/sisu/EagerSingleton
Event: 1.278 loading class org/eclipse/sisu/EagerSingleton done
Event: 1.283 loading class org/sonatype/inject/EagerSingleton
Event: 1.283 loading class org/sonatype/inject/EagerSingleton done
Event: 1.283 Executing VM operation: ParallelGCFailedAllocation


Dynamic libraries:
0x00007ff708800000 - 0x00007ff708837000 	C:\Program Files\Java\jdk1.8.0_201\bin\java.exe
0x00007ffc1f500000 - 0x00007ffc1f6f0000 	C:\WINDOWS\SYSTEM32\ntdll.dll
0x00007ffc1f030000 - 0x00007ffc1f0e2000 	C:\WINDOWS\System32\KERNEL32.DLL
0x00007ffc1c4b0000 - 0x00007ffc1c754000 	C:\WINDOWS\System32\KERNELBASE.dll
0x00007ffc1e220000 - 0x00007ffc1e2c3000 	C:\WINDOWS\System32\ADVAPI32.dll
0x00007ffc1ef60000 - 0x00007ffc1effe000 	C:\WINDOWS\System32\msvcrt.dll
0x00007ffc1e2d0000 - 0x00007ffc1e367000 	C:\WINDOWS\System32\sechost.dll
0x00007ffc1d630000 - 0x00007ffc1d750000 	C:\WINDOWS\System32\RPCRT4.dll
0x00007ffc1ed00000 - 0x00007ffc1ee95000 	C:\WINDOWS\System32\USER32.dll
0x00007ffc1c760000 - 0x00007ffc1c781000 	C:\WINDOWS\System32\win32u.dll
0x00007ffc1f000000 - 0x00007ffc1f026000 	C:\WINDOWS\System32\GDI32.dll
0x00007ffc1c8b0000 - 0x00007ffc1ca46000 	C:\WINDOWS\System32\gdi32full.dll
0x00007ffc1c790000 - 0x00007ffc1c82e000 	C:\WINDOWS\System32\msvcp_win.dll
0x00007ffc1ccd0000 - 0x00007ffc1cdca000 	C:\WINDOWS\System32\ucrtbase.dll
0x00007ffc10140000 - 0x00007ffc103c4000 	C:\WINDOWS\WinSxS\amd64_microsoft.windows.common-controls_6595b64144ccf1df_6.0.18362.1016_none_9e7a36bbe461dae4\COMCTL32.dll
0x00007ffc1d9f0000 - 0x00007ffc1dd25000 	C:\WINDOWS\System32\combase.dll
0x00007ffc1c830000 - 0x00007ffc1c8b0000 	C:\WINDOWS\System32\bcryptPrimitives.dll
0x00007ffc1d880000 - 0x00007ffc1d8ae000 	C:\WINDOWS\System32\IMM32.DLL
0x0000000073dc0000 - 0x0000000073e91000 	C:\Program Files\Java\jdk1.8.0_201\jre\bin\msvcr100.dll
0x0000000073ea0000 - 0x0000000074744000 	C:\Program Files\Java\jdk1.8.0_201\jre\bin\server\jvm.dll
0x00007ffc1e210000 - 0x00007ffc1e218000 	C:\WINDOWS\System32\PSAPI.DLL
0x00007ffc17440000 - 0x00007ffc17449000 	C:\WINDOWS\SYSTEM32\WSOCK32.dll
0x00007ffc1f370000 - 0x00007ffc1f3df000 	C:\WINDOWS\System32\WS2_32.dll
0x00007ffc199e0000 - 0x00007ffc19a04000 	C:\WINDOWS\SYSTEM32\WINMM.dll
0x00007ffc09db0000 - 0x00007ffc09dba000 	C:\WINDOWS\SYSTEM32\VERSION.dll
0x00007ffc199b0000 - 0x00007ffc199dd000 	C:\WINDOWS\SYSTEM32\WINMMBASE.dll
0x00007ffc1d560000 - 0x00007ffc1d5aa000 	C:\WINDOWS\System32\cfgmgr32.dll
0x00007ffc173b0000 - 0x00007ffc173bf000 	C:\Program Files\Java\jdk1.8.0_201\jre\bin\verify.dll
0x00007ffc13910000 - 0x00007ffc13939000 	C:\Program Files\Java\jdk1.8.0_201\jre\bin\java.dll
0x00007ffc15ad0000 - 0x00007ffc15ae6000 	C:\Program Files\Java\jdk1.8.0_201\jre\bin\zip.dll
0x00007ffc1e370000 - 0x00007ffc1ea57000 	C:\WINDOWS\System32\SHELL32.dll
0x00007ffc1f0f0000 - 0x00007ffc1f199000 	C:\WINDOWS\System32\shcore.dll
0x00007ffc1cdd0000 - 0x00007ffc1d552000 	C:\WINDOWS\System32\windows.storage.dll
0x00007ffc1c450000 - 0x00007ffc1c473000 	C:\WINDOWS\System32\profapi.dll
0x00007ffc1c400000 - 0x00007ffc1c44a000 	C:\WINDOWS\System32\powrprof.dll
0x00007ffc1c3b0000 - 0x00007ffc1c3c0000 	C:\WINDOWS\System32\UMPDC.dll
0x00007ffc1e1a0000 - 0x00007ffc1e1f2000 	C:\WINDOWS\System32\shlwapi.dll
0x00007ffc1c3c0000 - 0x00007ffc1c3d1000 	C:\WINDOWS\System32\kernel.appcore.dll
0x00007ffc1ccb0000 - 0x00007ffc1ccc7000 	C:\WINDOWS\System32\cryptsp.dll
0x00007ffc16bd0000 - 0x00007ffc16bda000 	C:\Program Files\NetBeans-12.0\netbeans\java\maven\lib\jansi-native\windows64\jansi.dll

VM Arguments:
jvm_args: -Dclassworlds.conf=C:\Program Files\NetBeans-12.0\netbeans\java\maven\bin\..\bin\m2.conf -Dmaven.home=C:\Program Files\NetBeans-12.0\netbeans\java\maven\bin\.. -Dlibrary.jansi.path=C:\Program Files\NetBeans-12.0\netbeans\java\maven\bin\..\lib\jansi-native -Dmaven.multiModuleProjectDirectory=C:\Users\Admin\OneDrive\Documents\finalExamSpringFrameworkM7\finalExamSpringFrameworkM7 
java_command: org.codehaus.plexus.classworlds.launcher.Launcher -Dmaven.ext.class.path=C:\Program Files\NetBeans-12.0\netbeans\java\maven-nblib\netbeans-eventspy.jar -Dfile.encoding=UTF-8 clean install
java_class_path (initial): C:\Program Files\NetBeans-12.0\netbeans\java\maven\bin\..\boot\plexus-classworlds-2.6.0.jar
Launcher Type: SUN_STANDARD

Environment Variables:
JAVA_HOME=C:\Program Files\Java\jdk1.8.0_201
PATH=C:\Program Files (x86)\Common Files\Oracle\Java\javapath;C:\Program Files (x86)\Intel\iCLS Client\;C:\Program Files\Intel\iCLS Client\;C:\WINDOWS\system32;C:\WINDOWS;C:\WINDOWS\System32\Wbem;C:\WINDOWS\System32\WindowsPowerShell\v1.0\;C:\Program Files (x86)\Intel\Intel(R) Management Engine Components\DAL;C:\Program Files\Intel\Intel(R) Management Engine Components\DAL;C:\Program Files (x86)\Intel\Intel(R) Management Engine Components\IPT;C:\Program Files\Intel\Intel(R) Management Engine Components\IPT;C:\WINDOWS\System32\OpenSSH\;C:\ProgramData\chocolatey\bin;C:\Program Files\Git\cmd;C:\Program Files\nodejs\;C:\Users\Admin\AppData\Local\Microsoft\WindowsApps;C:\Modeltech_pe_edu_10.4a\win32pe_edu;C:\Program Files\Java\jdk1.8.0_201\bin;C:\Users\Admin\AppData\Roaming\npm
USERNAME=Admin
OS=Windows_NT
PROCESSOR_IDENTIFIER=Intel64 Family 6 Model 142 Stepping 9, GenuineIntel



---------------  S Y S T E M  ---------------

OS: Windows 10.0 , 64 bit Build 18362 (10.0.18362.959)

CPU:total 4 (initial active 4) (2 cores per cpu, 2 threads per core) family 6 model 142 stepping 9, cmov, cx8, fxsr, mmx, sse, sse2, sse3, ssse3, sse4.1, sse4.2, popcnt, avx, avx2, aes, clmul, erms, 3dnowpref, lzcnt, ht, tsc, tscinvbit, bmi1, bmi2, adx

Memory: 4k page, physical 4073152k(586660k free), swap 5404352k(5748k free)

vm_info: Java HotSpot(TM) 64-Bit Server VM (25.201-b09) for windows-amd64 JRE (1.8.0_201-b09), built on Dec 15 2018 18:36:39 by "java_re" with MS VC++ 10.0 (VS2010)

time: Sun Aug 23 20:17:23 2020
timezone: SE Asia Standard Time
elapsed time: 1 seconds (0d 0h 0m 1s)

