#
# There is insufficient memory for the Java Runtime Environment to continue.
# Native memory allocation (malloc) failed to allocate 1306656 bytes for Chunk::new
# Possible reasons:
#   The system is out of physical RAM or swap space
#   The process is running with CompressedOops enabled, and the Java Heap may be blocking the growth of the native heap
# Possible solutions:
#   Reduce memory load on the system
#   Increase physical memory or swap space
#   Check if swap backing store is full
#   Decrease Java heap size (-Xmx/-Xms)
#   Decrease number of Java threads
#   Decrease Java thread stack sizes (-Xss)
#   Set larger code cache with -XX:ReservedCodeCacheSize=
#   JVM is running with Unscaled Compressed Oops mode in which the Java heap is
#     placed in the first 4GB address space. The Java Heap base address is the
#     maximum limit for the native heap growth. Please use -XX:HeapBaseMinAddress
#     to set the Java Heap base and to place the Java Heap above 4GB virtual address.
# This output file may be truncated or incomplete.
#
#  Out of Memory Error (allocation.cpp:390), pid=3764, tid=0x0000000000000a30
#
# JRE version: Java(TM) SE Runtime Environment (8.0_201-b09) (build 1.8.0_201-b09)
# Java VM: Java HotSpot(TM) 64-Bit Server VM (25.201-b09 mixed mode windows-amd64 compressed oops)
# Failed to write core dump. Minidumps are not enabled by default on client versions of Windows
#

---------------  T H R E A D  ---------------

Current thread (0x0000000014e9a000):  JavaThread "C2 CompilerThread0" daemon [_thread_in_native, id=2608, stack(0x00000000164f0000,0x00000000165f0000)]

Stack: [0x00000000164f0000,0x00000000165f0000]
[error occurred during error reporting (printing stack bounds), id 0xc0000005]

Native frames: (J=compiled Java code, j=interpreted, Vv=VM code, C=native code)


Current CompileTask:
C2:   8312 1525       4       java.net.URLClassLoader$1::run (5 bytes)


---------------  P R O C E S S  ---------------

Java Threads: ( => current thread )
  0x000000001682a800 JavaThread "Service Thread" daemon [_thread_blocked, id=1700, stack(0x0000000016bf0000,0x0000000016cf0000)]
  0x0000000014eb0800 JavaThread "C1 CompilerThread2" daemon [_thread_in_native, id=2068, stack(0x00000000166f0000,0x00000000167f0000)]
  0x0000000014ea5800 JavaThread "C2 CompilerThread1" daemon [_thread_blocked, id=8540, stack(0x00000000165f0000,0x00000000166f0000)]
=>0x0000000014e9a000 JavaThread "C2 CompilerThread0" daemon [_thread_in_native, id=2608, stack(0x00000000164f0000,0x00000000165f0000)]
  0x0000000014e97800 JavaThread "Attach Listener" daemon [_thread_blocked, id=1964, stack(0x00000000163f0000,0x00000000164f0000)]
  0x0000000014e96000 JavaThread "Signal Dispatcher" daemon [_thread_blocked, id=10184, stack(0x00000000162f0000,0x00000000163f0000)]
  0x00000000028bc800 JavaThread "Finalizer" daemon [_thread_blocked, id=2144, stack(0x00000000160f0000,0x00000000161f0000)]
  0x0000000014e7a000 JavaThread "Reference Handler" daemon [_thread_blocked, id=10736, stack(0x0000000015ff0000,0x00000000160f0000)]
  0x00000000027c2800 JavaThread "main" [_thread_in_native, id=6000, stack(0x0000000002620000,0x0000000002720000)]

Other Threads:
  0x0000000014e58000 VMThread [stack: 0x0000000015ef0000,0x0000000015ff0000] [id=8688]
  0x0000000016845000 WatcherThread [stack: 0x0000000016cf0000,0x0000000016df0000] [id=8076]

VM state:not at safepoint (normal execution)

VM Mutex/Monitor currently owned by a thread: None

heap address: 0x00000000c1c00000, size: 996 MB, Compressed Oops mode: 32-bit
Narrow klass base: 0x0000000000000000, Narrow klass shift: 3
Compressed class space size: 1073741824 Address: 0x0000000100000000

Heap:
 PSYoungGen      total 35328K, used 26251K [0x00000000eb400000, 0x00000000ed900000, 0x0000000100000000)
  eden space 32768K, 72% used [0x00000000eb400000,0x00000000ecb2ae28,0x00000000ed400000)
  from space 2560K, 98% used [0x00000000ed680000,0x00000000ed8f8040,0x00000000ed900000)
  to   space 2560K, 0% used [0x00000000ed400000,0x00000000ed400000,0x00000000ed680000)
 ParOldGen       total 44032K, used 5284K [0x00000000c1c00000, 0x00000000c4700000, 0x00000000eb400000)
  object space 44032K, 12% used [0x00000000c1c00000,0x00000000c2129010,0x00000000c4700000)
 Metaspace       used 14596K, capacity 14822K, committed 14976K, reserved 1062912K
  class space    used 1795K, capacity 1878K, committed 1920K, reserved 1048576K

Card table byte_map: [0x0000000011c80000,0x0000000011e80000] byte_map_base: 0x0000000011672000

Marking Bits: (ParMarkBitMap*) 0x00000000746c4ce0
 Begin Bits: [0x00000000123d0000, 0x0000000013360000)
 End Bits:   [0x0000000013360000, 0x00000000142f0000)

Polling page: 0x00000000005f0000

CodeCache: size=245760Kb used=5365Kb max_used=5365Kb free=240394Kb
 bounds [0x00000000028c0000, 0x0000000002e10000, 0x00000000118c0000]
 total_blobs=1943 nmethods=1603 adapters=252
 compilation: enabled

Compilation events (10 events):
Event: 8.246 Thread 0x0000000014eb0800 nmethod 1570 0x0000000002ddc1d0 code [0x0000000002ddc320, 0x0000000002ddc430]
Event: 8.248 Thread 0x0000000014eb0800 1573       3       java.util.regex.Pattern$Single::isSatisfiedBy (14 bytes)
Event: 8.248 Thread 0x0000000014eb0800 nmethod 1573 0x0000000002dde910 code [0x0000000002ddea60, 0x0000000002ddec10]
Event: 8.249 Thread 0x0000000014ea5800 nmethod 1567 0x0000000002de5190 code [0x0000000002de5320, 0x0000000002de5bc8]
Event: 8.249 Thread 0x0000000014ea5800 1572       4       java.util.regex.Pattern$CharProperty::match (56 bytes)
Event: 8.253 Thread 0x0000000014eb0800 1575   !   3       com.google.inject.internal.InjectorImpl::getProvider (46 bytes)
Event: 8.253 Thread 0x0000000014eb0800 nmethod 1575 0x0000000002de3450 code [0x0000000002de36c0, 0x0000000002de4578]
Event: 8.253 Thread 0x0000000014eb0800 1576       3       com.google.inject.spi.InjectionPoint::hashCode (16 bytes)
Event: 8.254 Thread 0x0000000014eb0800 nmethod 1576 0x0000000002de2f10 code [0x0000000002de3080, 0x0000000002de3348]
Event: 8.254 Thread 0x0000000014eb0800 1579   !   3       com.google.common.cache.LocalCache$Segment::storeLoadedValue (371 bytes)

GC Heap History (8 events):
Event: 3.763 GC heap before
{Heap before GC invocations=1 (full 0):
 PSYoungGen      total 18944K, used 16384K [0x00000000eb400000, 0x00000000ec900000, 0x0000000100000000)
  eden space 16384K, 100% used [0x00000000eb400000,0x00000000ec400000,0x00000000ec400000)
  from space 2560K, 0% used [0x00000000ec680000,0x00000000ec680000,0x00000000ec900000)
  to   space 2560K, 0% used [0x00000000ec400000,0x00000000ec400000,0x00000000ec680000)
 ParOldGen       total 44032K, used 0K [0x00000000c1c00000, 0x00000000c4700000, 0x00000000eb400000)
  object space 44032K, 0% used [0x00000000c1c00000,0x00000000c1c00000,0x00000000c4700000)
 Metaspace       used 6864K, capacity 6972K, committed 7040K, reserved 1056768K
  class space    used 787K, capacity 856K, committed 896K, reserved 1048576K
Event: 3.778 GC heap after
Heap after GC invocations=1 (full 0):
 PSYoungGen      total 18944K, used 2552K [0x00000000eb400000, 0x00000000ec900000, 0x0000000100000000)
  eden space 16384K, 0% used [0x00000000eb400000,0x00000000eb400000,0x00000000ec400000)
  from space 2560K, 99% used [0x00000000ec400000,0x00000000ec67e368,0x00000000ec680000)
  to   space 2560K, 0% used [0x00000000ec680000,0x00000000ec680000,0x00000000ec900000)
 ParOldGen       total 44032K, used 1016K [0x00000000c1c00000, 0x00000000c4700000, 0x00000000eb400000)
  object space 44032K, 2% used [0x00000000c1c00000,0x00000000c1cfe1f8,0x00000000c4700000)
 Metaspace       used 6864K, capacity 6972K, committed 7040K, reserved 1056768K
  class space    used 787K, capacity 856K, committed 896K, reserved 1048576K
}
Event: 5.082 GC heap before
{Heap before GC invocations=2 (full 0):
 PSYoungGen      total 18944K, used 18936K [0x00000000eb400000, 0x00000000ec900000, 0x0000000100000000)
  eden space 16384K, 100% used [0x00000000eb400000,0x00000000ec400000,0x00000000ec400000)
  from space 2560K, 99% used [0x00000000ec400000,0x00000000ec67e368,0x00000000ec680000)
  to   space 2560K, 0% used [0x00000000ec680000,0x00000000ec680000,0x00000000ec900000)
 ParOldGen       total 44032K, used 1016K [0x00000000c1c00000, 0x00000000c4700000, 0x00000000eb400000)
  object space 44032K, 2% used [0x00000000c1c00000,0x00000000c1cfe1f8,0x00000000c4700000)
 Metaspace       used 8257K, capacity 8380K, committed 8576K, reserved 1056768K
  class space    used 998K, capacity 1048K, committed 1152K, reserved 1048576K
Event: 5.103 GC heap after
Heap after GC invocations=2 (full 0):
 PSYoungGen      total 18944K, used 2540K [0x00000000eb400000, 0x00000000ec900000, 0x0000000100000000)
  eden space 16384K, 0% used [0x00000000eb400000,0x00000000eb400000,0x00000000ec400000)
  from space 2560K, 99% used [0x00000000ec680000,0x00000000ec8fb320,0x00000000ec900000)
  to   space 2560K, 0% used [0x00000000ec400000,0x00000000ec400000,0x00000000ec680000)
 ParOldGen       total 44032K, used 1488K [0x00000000c1c00000, 0x00000000c4700000, 0x00000000eb400000)
  object space 44032K, 3% used [0x00000000c1c00000,0x00000000c1d74068,0x00000000c4700000)
 Metaspace       used 8257K, capacity 8380K, committed 8576K, reserved 1056768K
  class space    used 998K, capacity 1048K, committed 1152K, reserved 1048576K
}
Event: 6.044 GC heap before
{Heap before GC invocations=3 (full 0):
 PSYoungGen      total 18944K, used 18924K [0x00000000eb400000, 0x00000000ec900000, 0x0000000100000000)
  eden space 16384K, 100% used [0x00000000eb400000,0x00000000ec400000,0x00000000ec400000)
  from space 2560K, 99% used [0x00000000ec680000,0x00000000ec8fb320,0x00000000ec900000)
  to   space 2560K, 0% used [0x00000000ec400000,0x00000000ec400000,0x00000000ec680000)
 ParOldGen       total 44032K, used 1488K [0x00000000c1c00000, 0x00000000c4700000, 0x00000000eb400000)
  object space 44032K, 3% used [0x00000000c1c00000,0x00000000c1d74068,0x00000000c4700000)
 Metaspace       used 9719K, capacity 9850K, committed 9984K, reserved 1058816K
  class space    used 1168K, capacity 1214K, committed 1280K, reserved 1048576K
Event: 6.063 GC heap after
Heap after GC invocations=3 (full 0):
 PSYoungGen      total 18944K, used 2539K [0x00000000eb400000, 0x00000000ed900000, 0x0000000100000000)
  eden space 16384K, 0% used [0x00000000eb400000,0x00000000eb400000,0x00000000ec400000)
  from space 2560K, 99% used [0x00000000ec400000,0x00000000ec67add0,0x00000000ec680000)
  to   space 2560K, 0% used [0x00000000ed680000,0x00000000ed680000,0x00000000ed900000)
 ParOldGen       total 44032K, used 3260K [0x00000000c1c00000, 0x00000000c4700000, 0x00000000eb400000)
  object space 44032K, 7% used [0x00000000c1c00000,0x00000000c1f2f090,0x00000000c4700000)
 Metaspace       used 9719K, capacity 9850K, committed 9984K, reserved 1058816K
  class space    used 1168K, capacity 1214K, committed 1280K, reserved 1048576K
}
Event: 6.843 GC heap before
{Heap before GC invocations=4 (full 0):
 PSYoungGen      total 18944K, used 18923K [0x00000000eb400000, 0x00000000ed900000, 0x0000000100000000)
  eden space 16384K, 100% used [0x00000000eb400000,0x00000000ec400000,0x00000000ec400000)
  from space 2560K, 99% used [0x00000000ec400000,0x00000000ec67add0,0x00000000ec680000)
  to   space 2560K, 0% used [0x00000000ed680000,0x00000000ed680000,0x00000000ed900000)
 ParOldGen       total 44032K, used 3260K [0x00000000c1c00000, 0x00000000c4700000, 0x00000000eb400000)
  object space 44032K, 7% used [0x00000000c1c00000,0x00000000c1f2f090,0x00000000c4700000)
 Metaspace       used 11510K, capacity 11644K, committed 11776K, reserved 1058816K
  class space    used 1424K, capacity 1511K, committed 1536K, reserved 1048576K
Event: 6.849 GC heap after
Heap after GC invocations=4 (full 0):
 PSYoungGen      total 35328K, used 2528K [0x00000000eb400000, 0x00000000ed900000, 0x0000000100000000)
  eden space 32768K, 0% used [0x00000000eb400000,0x00000000eb400000,0x00000000ed400000)
  from space 2560K, 98% used [0x00000000ed680000,0x00000000ed8f8040,0x00000000ed900000)
  to   space 2560K, 0% used [0x00000000ed400000,0x00000000ed400000,0x00000000ed680000)
 ParOldGen       total 44032K, used 5284K [0x00000000c1c00000, 0x00000000c4700000, 0x00000000eb400000)
  object space 44032K, 12% used [0x00000000c1c00000,0x00000000c2129010,0x00000000c4700000)
 Metaspace       used 11510K, capacity 11644K, committed 11776K, reserved 1058816K
  class space    used 1424K, capacity 1511K, committed 1536K, reserved 1048576K
}

Deoptimization events (10 events):
Event: 5.131 Thread 0x00000000027c2800 Uncommon trap: reason=unstable_if action=reinterpret pc=0x0000000002b2ac7c method=java.util.HashMap.getNode(ILjava/lang/Object;)Ljava/util/HashMap$Node; @ 129
Event: 5.131 Thread 0x00000000027c2800 Uncommon trap: reason=unstable_if action=reinterpret pc=0x0000000002b21b38 method=java.util.HashMap.getNode(ILjava/lang/Object;)Ljava/util/HashMap$Node; @ 129
Event: 5.171 Thread 0x00000000027c2800 Uncommon trap: reason=range_check action=make_not_entrant pc=0x0000000002bcd920 method=sun.reflect.generics.parser.SignatureParser.current()C @ 34
Event: 5.722 Thread 0x00000000027c2800 Uncommon trap: reason=bimorphic action=maybe_recompile pc=0x0000000002c14f50 method=java.util.HashMap.putVal(ILjava/lang/Object;Ljava/lang/Object;ZZ)Ljava/lang/Object; @ 203
Event: 7.747 Thread 0x00000000027c2800 Uncommon trap: reason=unstable_if action=reinterpret pc=0x0000000002da1a10 method=org.eclipse.sisu.inject.InjectorBindings.isAssignableFrom(Lcom/google/inject/TypeLiteral;Lcom/google/inject/Binding;)Z @ 14
Event: 7.823 Thread 0x00000000027c2800 Uncommon trap: reason=unstable_if action=reinterpret pc=0x0000000002b6cb44 method=sun.nio.cs.StreamDecoder.implRead([CII)I @ 36
Event: 7.824 Thread 0x00000000027c2800 Uncommon trap: reason=unstable_if action=reinterpret pc=0x0000000002b66b24 method=sun.nio.cs.StreamDecoder.implRead([CII)I @ 36
Event: 8.224 Thread 0x00000000027c2800 Uncommon trap: reason=unstable_if action=reinterpret pc=0x0000000002a5dd94 method=java.lang.String.replace(CC)Ljava/lang/String; @ 2
Event: 8.232 Thread 0x00000000027c2800 Uncommon trap: reason=unstable_if action=reinterpret pc=0x0000000002cdf690 method=java.lang.String.substring(I)Ljava/lang/String; @ 35
Event: 8.244 Thread 0x00000000027c2800 Uncommon trap: reason=bimorphic action=maybe_recompile pc=0x0000000002c14f50 method=java.util.HashMap.putVal(ILjava/lang/Object;Ljava/lang/Object;ZZ)Ljava/lang/Object; @ 203

Classes redefined (0 events):
No events

Internal exceptions (10 events):
Event: 5.171 Thread 0x00000000027c2800 Exception <a 'java/lang/ArrayIndexOutOfBoundsException': 66> (0x00000000eb54cb28) thrown at [C:\re\workspace\8-2-build-windows-amd64-cygwin\jdk8u201\12322\hotspot\src\share\vm\interpreter\interpreterRuntime.cpp, line 368]
Event: 7.466 Thread 0x00000000027c2800 Exception <a 'java/lang/NoClassDefFoundError': com/google/inject/servlet/ServletModuleTargetVisitor> (0x00000000ebe68a80) thrown at [C:\re\workspace\8-2-build-windows-amd64-cygwin\jdk8u201\12322\hotspot\src\share\vm\classfile\systemDictionary.cpp, line 19
Event: 7.466 Thread 0x00000000027c2800 Exception <a 'java/lang/NoClassDefFoundError'> (0x00000000ebe68a80) thrown at [C:\re\workspace\8-2-build-windows-amd64-cygwin\jdk8u201\12322\hotspot\src\share\vm\prims\jvm.cpp, line 1506]
Event: 7.467 Thread 0x00000000027c2800 Exception <a 'java/lang/NoClassDefFoundError': javax/annotation/Priority> (0x00000000ebe6daf0) thrown at [C:\re\workspace\8-2-build-windows-amd64-cygwin\jdk8u201\12322\hotspot\src\share\vm\classfile\systemDictionary.cpp, line 199]
Event: 8.086 Thread 0x00000000027c2800 Exception <a 'java/lang/NullPointerException'> (0x00000000ec5d1910) thrown at [C:\re\workspace\8-2-build-windows-amd64-cygwin\jdk8u201\12322\hotspot\src\share\vm\interpreter\linkResolver.cpp, line 1185]
Event: 8.086 Thread 0x00000000027c2800 Exception <a 'java/lang/NullPointerException'> (0x00000000ec5d1b28) thrown at [C:\re\workspace\8-2-build-windows-amd64-cygwin\jdk8u201\12322\hotspot\src\share\vm\interpreter\linkResolver.cpp, line 1185]
Event: 8.086 Thread 0x00000000027c2800 Exception <a 'java/lang/NullPointerException'> (0x00000000ec5d1d40) thrown at [C:\re\workspace\8-2-build-windows-amd64-cygwin\jdk8u201\12322\hotspot\src\share\vm\interpreter\linkResolver.cpp, line 1185]
Event: 8.089 Thread 0x00000000027c2800 Exception <a 'java/lang/NullPointerException'> (0x00000000ec5da340) thrown at [C:\re\workspace\8-2-build-windows-amd64-cygwin\jdk8u201\12322\hotspot\src\share\vm\interpreter\linkResolver.cpp, line 1185]
Event: 8.089 Thread 0x00000000027c2800 Exception <a 'java/lang/NullPointerException'> (0x00000000ec5da558) thrown at [C:\re\workspace\8-2-build-windows-amd64-cygwin\jdk8u201\12322\hotspot\src\share\vm\interpreter\linkResolver.cpp, line 1185]
Event: 8.089 Thread 0x00000000027c2800 Exception <a 'java/lang/NullPointerException'> (0x00000000ec5da770) thrown at [C:\re\workspace\8-2-build-windows-amd64-cygwin\jdk8u201\12322\hotspot\src\share\vm\interpreter\linkResolver.cpp, line 1185]

Events (10 events):
Event: 8.249 loading class org/apache/maven/lifecycle/mapping/DefaultLifecycleMapping
Event: 8.249 loading class org/apache/maven/lifecycle/mapping/DefaultLifecycleMapping done
Event: 8.249 loading class org/apache/maven/lifecycle/mapping/DefaultLifecycleMapping
Event: 8.249 loading class org/apache/maven/lifecycle/mapping/DefaultLifecycleMapping done
Event: 8.250 loading class org/apache/maven/lifecycle/mapping/Lifecycle
Event: 8.250 loading class org/apache/maven/lifecycle/mapping/Lifecycle done
Event: 8.252 loading class org/apache/maven/lifecycle/mapping/LifecycleMojo
Event: 8.252 loading class org/apache/maven/lifecycle/mapping/LifecycleMojo done
Event: 8.255 loading class org/apache/maven/lifecycle/internal/DefaultLifecyclePluginAnalyzer$1
Event: 8.255 loading class org/apache/maven/lifecycle/internal/DefaultLifecyclePluginAnalyzer$1 done


Dynamic libraries:
0x00007ff708800000 - 0x00007ff708837000 	C:\Program Files\Java\jdk1.8.0_201\bin\java.exe
0x00007ffc1f500000 - 0x00007ffc1f6f0000 	C:\WINDOWS\SYSTEM32\ntdll.dll
0x00007ffc1f030000 - 0x00007ffc1f0e2000 	C:\WINDOWS\System32\KERNEL32.DLL
0x00007ffc1c4b0000 - 0x00007ffc1c754000 	C:\WINDOWS\System32\KERNELBASE.dll
0x00007ffc1e220000 - 0x00007ffc1e2c3000 	C:\WINDOWS\System32\ADVAPI32.dll
0x00007ffc1ef60000 - 0x00007ffc1effe000 	C:\WINDOWS\System32\msvcrt.dll
0x00007ffc1e2d0000 - 0x00007ffc1e367000 	C:\WINDOWS\System32\sechost.dll
0x00007ffc1d630000 - 0x00007ffc1d750000 	C:\WINDOWS\System32\RPCRT4.dll
0x00007ffc1ed00000 - 0x00007ffc1ee95000 	C:\WINDOWS\System32\USER32.dll
0x00007ffc1c760000 - 0x00007ffc1c781000 	C:\WINDOWS\System32\win32u.dll
0x00007ffc1f000000 - 0x00007ffc1f026000 	C:\WINDOWS\System32\GDI32.dll
0x00007ffc1c8b0000 - 0x00007ffc1ca46000 	C:\WINDOWS\System32\gdi32full.dll
0x00007ffc1c790000 - 0x00007ffc1c82e000 	C:\WINDOWS\System32\msvcp_win.dll
0x00007ffc1ccd0000 - 0x00007ffc1cdca000 	C:\WINDOWS\System32\ucrtbase.dll
0x00007ffc10140000 - 0x00007ffc103c4000 	C:\WINDOWS\WinSxS\amd64_microsoft.windows.common-controls_6595b64144ccf1df_6.0.18362.1016_none_9e7a36bbe461dae4\COMCTL32.dll
0x00007ffc1d9f0000 - 0x00007ffc1dd25000 	C:\WINDOWS\System32\combase.dll
0x00007ffc1c830000 - 0x00007ffc1c8b0000 	C:\WINDOWS\System32\bcryptPrimitives.dll
0x00007ffc1d880000 - 0x00007ffc1d8ae000 	C:\WINDOWS\System32\IMM32.DLL
0x0000000073dc0000 - 0x0000000073e91000 	C:\Program Files\Java\jdk1.8.0_201\jre\bin\msvcr100.dll
0x0000000073ea0000 - 0x0000000074744000 	C:\Program Files\Java\jdk1.8.0_201\jre\bin\server\jvm.dll
0x00007ffc1e210000 - 0x00007ffc1e218000 	C:\WINDOWS\System32\PSAPI.DLL
0x00007ffc17440000 - 0x00007ffc17449000 	C:\WINDOWS\SYSTEM32\WSOCK32.dll
0x00007ffc199e0000 - 0x00007ffc19a04000 	C:\WINDOWS\SYSTEM32\WINMM.dll
0x00007ffc09db0000 - 0x00007ffc09dba000 	C:\WINDOWS\SYSTEM32\VERSION.dll
0x00007ffc1f370000 - 0x00007ffc1f3df000 	C:\WINDOWS\System32\WS2_32.dll
0x00007ffc199b0000 - 0x00007ffc199dd000 	C:\WINDOWS\SYSTEM32\winmmbase.dll
0x00007ffc1d560000 - 0x00007ffc1d5aa000 	C:\WINDOWS\System32\cfgmgr32.dll
0x00007ffc173b0000 - 0x00007ffc173bf000 	C:\Program Files\Java\jdk1.8.0_201\jre\bin\verify.dll
0x00007ffc13910000 - 0x00007ffc13939000 	C:\Program Files\Java\jdk1.8.0_201\jre\bin\java.dll
0x00007ffc15ad0000 - 0x00007ffc15ae6000 	C:\Program Files\Java\jdk1.8.0_201\jre\bin\zip.dll
0x00007ffc1e370000 - 0x00007ffc1ea57000 	C:\WINDOWS\System32\SHELL32.dll
0x00007ffc1f0f0000 - 0x00007ffc1f199000 	C:\WINDOWS\System32\shcore.dll
0x00007ffc1cdd0000 - 0x00007ffc1d552000 	C:\WINDOWS\System32\windows.storage.dll
0x00007ffc1c450000 - 0x00007ffc1c473000 	C:\WINDOWS\System32\profapi.dll
0x00007ffc1c400000 - 0x00007ffc1c44a000 	C:\WINDOWS\System32\powrprof.dll
0x00007ffc1c3b0000 - 0x00007ffc1c3c0000 	C:\WINDOWS\System32\UMPDC.dll
0x00007ffc1e1a0000 - 0x00007ffc1e1f2000 	C:\WINDOWS\System32\shlwapi.dll
0x00007ffc1c3c0000 - 0x00007ffc1c3d1000 	C:\WINDOWS\System32\kernel.appcore.dll
0x00007ffc1ccb0000 - 0x00007ffc1ccc7000 	C:\WINDOWS\System32\cryptsp.dll
0x00007ffc14f70000 - 0x00007ffc14f7a000 	C:\Program Files\NetBeans-12.0\netbeans\java\maven\lib\jansi-native\windows64\jansi.dll

VM Arguments:
jvm_args: -Dclassworlds.conf=C:\Program Files\NetBeans-12.0\netbeans\java\maven\bin\..\bin\m2.conf -Dmaven.home=C:\Program Files\NetBeans-12.0\netbeans\java\maven\bin\.. -Dlibrary.jansi.path=C:\Program Files\NetBeans-12.0\netbeans\java\maven\bin\..\lib\jansi-native -Dmaven.multiModuleProjectDirectory=C:\Users\Admin\OneDrive\Documents\finalExamSpringFrameworkM7\finalExamSpringFrameworkM7 
java_command: org.codehaus.plexus.classworlds.launcher.Launcher -Dtest=**/*IT.java -Dmaven.ext.class.path=C:\Program Files\NetBeans-12.0\netbeans\java\maven-nblib\netbeans-eventspy.jar -Dfile.encoding=UTF-8 test-compile surefire:test
java_class_path (initial): C:\Program Files\NetBeans-12.0\netbeans\java\maven\bin\..\boot\plexus-classworlds-2.6.0.jar
Launcher Type: SUN_STANDARD

Environment Variables:
JAVA_HOME=C:\Program Files\Java\jdk1.8.0_201
PATH=C:\Program Files (x86)\Common Files\Oracle\Java\javapath;C:\Program Files (x86)\Intel\iCLS Client\;C:\Program Files\Intel\iCLS Client\;C:\WINDOWS\system32;C:\WINDOWS;C:\WINDOWS\System32\Wbem;C:\WINDOWS\System32\WindowsPowerShell\v1.0\;C:\Program Files (x86)\Intel\Intel(R) Management Engine Components\DAL;C:\Program Files\Intel\Intel(R) Management Engine Components\DAL;C:\Program Files (x86)\Intel\Intel(R) Management Engine Components\IPT;C:\Program Files\Intel\Intel(R) Management Engine Components\IPT;C:\WINDOWS\System32\OpenSSH\;C:\ProgramData\chocolatey\bin;C:\Program Files\Git\cmd;C:\Program Files\nodejs\;C:\Users\Admin\AppData\Local\Microsoft\WindowsApps;C:\Modeltech_pe_edu_10.4a\win32pe_edu;C:\Program Files\Java\jdk1.8.0_201\bin;C:\Users\Admin\AppData\Roaming\npm
USERNAME=Admin
OS=Windows_NT
PROCESSOR_IDENTIFIER=Intel64 Family 6 Model 142 Stepping 9, GenuineIntel



---------------  S Y S T E M  ---------------

OS: Windows 10.0 , 64 bit Build 18362 (10.0.18362.959)

CPU:total 4 (initial active 4) (2 cores per cpu, 2 threads per core) family 6 model 142 stepping 9, cmov, cx8, fxsr, mmx, sse, sse2, sse3, ssse3, sse4.1, sse4.2, popcnt, avx, avx2, aes, clmul, erms, 3dnowpref, lzcnt, ht, tsc, tscinvbit, bmi1, bmi2, adx

Memory: 4k page, physical 4073152k(746072k free), swap 5404352k(5784k free)

vm_info: Java HotSpot(TM) 64-Bit Server VM (25.201-b09) for windows-amd64 JRE (1.8.0_201-b09), built on Dec 15 2018 18:36:39 by "java_re" with MS VC++ 10.0 (VS2010)

time: Sun Aug 23 20:14:30 2020
timezone: SE Asia Standard Time
elapsed time: 8 seconds (0d 0h 0m 8s)

