#
# There is insufficient memory for the Java Runtime Environment to continue.
# Native memory allocation (malloc) failed to allocate 251296 bytes for Chunk::new
# Possible reasons:
#   The system is out of physical RAM or swap space
#   The process is running with CompressedOops enabled, and the Java Heap may be blocking the growth of the native heap
# Possible solutions:
#   Reduce memory load on the system
#   Increase physical memory or swap space
#   Check if swap backing store is full
#   Decrease Java heap size (-Xmx/-Xms)
#   Decrease number of Java threads
#   Decrease Java thread stack sizes (-Xss)
#   Set larger code cache with -XX:ReservedCodeCacheSize=
#   JVM is running with Unscaled Compressed Oops mode in which the Java heap is
#     placed in the first 4GB address space. The Java Heap base address is the
#     maximum limit for the native heap growth. Please use -XX:HeapBaseMinAddress
#     to set the Java Heap base and to place the Java Heap above 4GB virtual address.
# This output file may be truncated or incomplete.
#
#  Out of Memory Error (allocation.cpp:390), pid=9724, tid=0x000000000000109c
#
# JRE version: Java(TM) SE Runtime Environment (8.0_201-b09) (build 1.8.0_201-b09)
# Java VM: Java HotSpot(TM) 64-Bit Server VM (25.201-b09 mixed mode windows-amd64 compressed oops)
# Failed to write core dump. Minidumps are not enabled by default on client versions of Windows
#

---------------  T H R E A D  ---------------

Current thread (0x0000000015abb000):  JavaThread "C2 CompilerThread0" daemon [_thread_in_native, id=4252, stack(0x0000000017100000,0x0000000017200000)]

Stack: [0x0000000017100000,0x0000000017200000]
[error occurred during error reporting (printing stack bounds), id 0xc0000005]

Native frames: (J=compiled Java code, j=interpreted, Vv=VM code, C=native code)


Current CompileTask:
C2:   2067  502   !   4       sun.misc.URLClassPath$JarLoader::getResource (85 bytes)


---------------  P R O C E S S  ---------------

Java Threads: ( => current thread )
  0x000000001742a800 JavaThread "Service Thread" daemon [_thread_blocked, id=2648, stack(0x0000000017800000,0x0000000017900000)]
  0x0000000015ac5000 JavaThread "C1 CompilerThread2" daemon [_thread_blocked, id=7640, stack(0x0000000017300000,0x0000000017400000)]
  0x0000000015abd000 JavaThread "C2 CompilerThread1" daemon [_thread_blocked, id=7184, stack(0x0000000017200000,0x0000000017300000)]
=>0x0000000015abb000 JavaThread "C2 CompilerThread0" daemon [_thread_in_native, id=4252, stack(0x0000000017100000,0x0000000017200000)]
  0x0000000015ab7800 JavaThread "Attach Listener" daemon [_thread_blocked, id=9636, stack(0x0000000017000000,0x0000000017100000)]
  0x0000000015ab6800 JavaThread "Signal Dispatcher" daemon [_thread_blocked, id=10648, stack(0x0000000016f00000,0x0000000017000000)]
  0x00000000034db000 JavaThread "Finalizer" daemon [_thread_blocked, id=5844, stack(0x0000000016d00000,0x0000000016e00000)]
  0x00000000034d2000 JavaThread "Reference Handler" daemon [_thread_blocked, id=5288, stack(0x0000000016c00000,0x0000000016d00000)]
  0x00000000033e2800 JavaThread "main" [_thread_in_native, id=5152, stack(0x00000000032e0000,0x00000000033e0000)]

Other Threads:
  0x0000000015a77800 VMThread [stack: 0x0000000016b00000,0x0000000016c00000] [id=6296]
  0x000000001744c800 WatcherThread [stack: 0x0000000017900000,0x0000000017a00000] [id=10792]

VM state:not at safepoint (normal execution)

VM Mutex/Monitor currently owned by a thread: None

heap address: 0x00000000c1c00000, size: 996 MB, Compressed Oops mode: 32-bit
Narrow klass base: 0x0000000000000000, Narrow klass shift: 3
Compressed class space size: 1073741824 Address: 0x0000000100000000

Heap:
 PSYoungGen      total 18944K, used 10577K [0x00000000eb400000, 0x00000000ec900000, 0x0000000100000000)
  eden space 16384K, 64% used [0x00000000eb400000,0x00000000ebe54480,0x00000000ec400000)
  from space 2560K, 0% used [0x00000000ec680000,0x00000000ec680000,0x00000000ec900000)
  to   space 2560K, 0% used [0x00000000ec400000,0x00000000ec400000,0x00000000ec680000)
 ParOldGen       total 44032K, used 0K [0x00000000c1c00000, 0x00000000c4700000, 0x00000000eb400000)
  object space 44032K, 0% used [0x00000000c1c00000,0x00000000c1c00000,0x00000000c4700000)
 Metaspace       used 5557K, capacity 5742K, committed 5888K, reserved 1056768K
  class space    used 669K, capacity 741K, committed 768K, reserved 1048576K

Card table byte_map: [0x00000000128a0000,0x0000000012aa0000] byte_map_base: 0x0000000012292000

Marking Bits: (ParMarkBitMap*) 0x00000000746c4ce0
 Begin Bits: [0x0000000012ff0000, 0x0000000013f80000)
 End Bits:   [0x0000000013f80000, 0x0000000014f10000)

Polling page: 0x0000000001390000

CodeCache: size=245760Kb used=2278Kb max_used=2289Kb free=243481Kb
 bounds [0x00000000034e0000, 0x0000000003750000, 0x00000000124e0000]
 total_blobs=783 nmethods=512 adapters=184
 compilation: enabled

Compilation events (10 events):
Event: 2.061 Thread 0x0000000015ac5000 nmethod 506 0x0000000003712790 code [0x00000000037128e0, 0x00000000037129f0]
Event: 2.061 Thread 0x0000000015ac5000  508       3       java.lang.reflect.Executable::<init> (5 bytes)
Event: 2.061 Thread 0x0000000015ac5000 nmethod 508 0x0000000003712350 code [0x00000000037124c0, 0x00000000037126d0]
Event: 2.061 Thread 0x0000000015ac5000  509       3       java.lang.StringBuilder::<init> (18 bytes)
Event: 2.062 Thread 0x0000000015ac5000 nmethod 509 0x0000000003711b10 code [0x0000000003711ca0, 0x0000000003712168]
Event: 2.062 Thread 0x0000000015ac5000  510       3       java.util.ArrayList::<init> (12 bytes)
Event: 2.063 Thread 0x0000000015ac5000 nmethod 510 0x0000000003711610 code [0x0000000003711780, 0x0000000003711a10]
Event: 2.063 Thread 0x0000000015ac5000  511       3       sun.misc.ProxyGenerator::codeLocalLoadStore (90 bytes)
Event: 2.064 Thread 0x0000000015ac5000 nmethod 511 0x0000000003718790 code [0x00000000037189e0, 0x0000000003719b08]
Event: 2.064 Thread 0x0000000015ac5000  512       3       java.lang.Class::reflectionData (49 bytes)

GC Heap History (0 events):
No events

Deoptimization events (2 events):
Event: 1.477 Thread 0x00000000033e2800 Uncommon trap: reason=unstable_if action=reinterpret pc=0x000000000368504c method=java.lang.String.indexOf([CII[CIII)I @ 123
Event: 1.478 Thread 0x00000000033e2800 Uncommon trap: reason=unstable_if action=reinterpret pc=0x000000000367ef7c method=java.lang.String.indexOf([CII[CIII)I @ 123

Classes redefined (0 events):
No events

Internal exceptions (9 events):
Event: 0.087 Thread 0x00000000033e2800 Exception <a 'java/lang/NoSuchMethodError': Method sun.misc.Unsafe.defineClass(Ljava/lang/String;[BII)Ljava/lang/Class; name or signature does not match> (0x00000000eb407cb0) thrown at [C:\re\workspace\8-2-build-windows-amd64-cygwin\jdk8u201\12322\hotspot
Event: 0.087 Thread 0x00000000033e2800 Exception <a 'java/lang/NoSuchMethodError': Method sun.misc.Unsafe.prefetchRead(Ljava/lang/Object;J)V name or signature does not match> (0x00000000eb407f98) thrown at [C:\re\workspace\8-2-build-windows-amd64-cygwin\jdk8u201\12322\hotspot\src\share\vm\prim
Event: 1.491 Thread 0x00000000033e2800 Exception <a 'java/security/PrivilegedActionException'> (0x00000000eba7a578) thrown at [C:\re\workspace\8-2-build-windows-amd64-cygwin\jdk8u201\12322\hotspot\src\share\vm\prims\jvm.cpp, line 1502]
Event: 1.491 Thread 0x00000000033e2800 Exception <a 'java/security/PrivilegedActionException'> (0x00000000eba7a970) thrown at [C:\re\workspace\8-2-build-windows-amd64-cygwin\jdk8u201\12322\hotspot\src\share\vm\prims\jvm.cpp, line 1502]
Event: 1.493 Thread 0x00000000033e2800 Exception <a 'java/security/PrivilegedActionException'> (0x00000000eba7ec50) thrown at [C:\re\workspace\8-2-build-windows-amd64-cygwin\jdk8u201\12322\hotspot\src\share\vm\prims\jvm.cpp, line 1502]
Event: 1.494 Thread 0x00000000033e2800 Exception <a 'java/security/PrivilegedActionException'> (0x00000000eba7f048) thrown at [C:\re\workspace\8-2-build-windows-amd64-cygwin\jdk8u201\12322\hotspot\src\share\vm\prims\jvm.cpp, line 1502]
Event: 1.496 Thread 0x00000000033e2800 Exception <a 'java/lang/NoClassDefFoundError': org/slf4j/impl/StaticLoggerBinder> (0x00000000eba8a300) thrown at [C:\re\workspace\8-2-build-windows-amd64-cygwin\jdk8u201\12322\hotspot\src\share\vm\classfile\systemDictionary.cpp, line 199]
Event: 1.770 Thread 0x00000000033e2800 Exception <a 'java/lang/NoSuchFieldError': method resolution failed> (0x00000000ebbdee90) thrown at [C:\re\workspace\8-2-build-windows-amd64-cygwin\jdk8u201\12322\hotspot\src\share\vm\prims\methodHandles.cpp, line 1167]
Event: 1.774 Thread 0x00000000033e2800 Exception <a 'java/lang/NoSuchFieldError': method resolution failed> (0x00000000ebbec580) thrown at [C:\re\workspace\8-2-build-windows-amd64-cygwin\jdk8u201\12322\hotspot\src\share\vm\prims\methodHandles.cpp, line 1167]

Events (10 events):
Event: 2.056 loading class java/util/Collections$1
Event: 2.056 loading class java/util/Collections$1 done
Event: 2.056 loading class org/junit/validator/ValidateWith
Event: 2.056 loading class org/junit/validator/ValidateWith done
Event: 2.058 loading class java/lang/annotation/ElementType
Event: 2.058 loading class java/lang/annotation/ElementType done
Event: 2.063 loading class java/util/LinkedHashMap$LinkedKeySet
Event: 2.064 loading class java/util/LinkedHashMap$LinkedKeySet done
Event: 2.064 loading class java/util/LinkedHashMap$LinkedKeyIterator
Event: 2.064 loading class java/util/LinkedHashMap$LinkedKeyIterator done


Dynamic libraries:
0x00007ff717670000 - 0x00007ff7176a7000 	C:\Program Files\Java\jdk1.8.0_201\jre\bin\java.exe
0x00007ffc1f500000 - 0x00007ffc1f6f0000 	C:\WINDOWS\SYSTEM32\ntdll.dll
0x00007ffc1f030000 - 0x00007ffc1f0e2000 	C:\WINDOWS\System32\KERNEL32.DLL
0x00007ffc1c4b0000 - 0x00007ffc1c754000 	C:\WINDOWS\System32\KERNELBASE.dll
0x00007ffc1e220000 - 0x00007ffc1e2c3000 	C:\WINDOWS\System32\ADVAPI32.dll
0x00007ffc1ef60000 - 0x00007ffc1effe000 	C:\WINDOWS\System32\msvcrt.dll
0x00007ffc1e2d0000 - 0x00007ffc1e367000 	C:\WINDOWS\System32\sechost.dll
0x00007ffc1d630000 - 0x00007ffc1d750000 	C:\WINDOWS\System32\RPCRT4.dll
0x00007ffc1ed00000 - 0x00007ffc1ee95000 	C:\WINDOWS\System32\USER32.dll
0x00007ffc1c760000 - 0x00007ffc1c781000 	C:\WINDOWS\System32\win32u.dll
0x00007ffc1f000000 - 0x00007ffc1f026000 	C:\WINDOWS\System32\GDI32.dll
0x00007ffc1c8b0000 - 0x00007ffc1ca46000 	C:\WINDOWS\System32\gdi32full.dll
0x00007ffc1c790000 - 0x00007ffc1c82e000 	C:\WINDOWS\System32\msvcp_win.dll
0x00007ffc1ccd0000 - 0x00007ffc1cdca000 	C:\WINDOWS\System32\ucrtbase.dll
0x00007ffc10140000 - 0x00007ffc103c4000 	C:\WINDOWS\WinSxS\amd64_microsoft.windows.common-controls_6595b64144ccf1df_6.0.18362.1016_none_9e7a36bbe461dae4\COMCTL32.dll
0x00007ffc1d9f0000 - 0x00007ffc1dd25000 	C:\WINDOWS\System32\combase.dll
0x00007ffc1c830000 - 0x00007ffc1c8b0000 	C:\WINDOWS\System32\bcryptPrimitives.dll
0x00007ffc1d880000 - 0x00007ffc1d8ae000 	C:\WINDOWS\System32\IMM32.DLL
0x0000000073dc0000 - 0x0000000073e91000 	C:\Program Files\Java\jdk1.8.0_201\jre\bin\msvcr100.dll
0x0000000073ea0000 - 0x0000000074744000 	C:\Program Files\Java\jdk1.8.0_201\jre\bin\server\jvm.dll
0x00007ffc1e210000 - 0x00007ffc1e218000 	C:\WINDOWS\System32\PSAPI.DLL
0x00007ffc09db0000 - 0x00007ffc09dba000 	C:\WINDOWS\SYSTEM32\VERSION.dll
0x00007ffc199e0000 - 0x00007ffc19a04000 	C:\WINDOWS\SYSTEM32\WINMM.dll
0x00007ffc17440000 - 0x00007ffc17449000 	C:\WINDOWS\SYSTEM32\WSOCK32.dll
0x00007ffc1f370000 - 0x00007ffc1f3df000 	C:\WINDOWS\System32\WS2_32.dll
0x00007ffc199b0000 - 0x00007ffc199dd000 	C:\WINDOWS\SYSTEM32\winmmbase.dll
0x00007ffc1d560000 - 0x00007ffc1d5aa000 	C:\WINDOWS\System32\cfgmgr32.dll
0x00007ffc173b0000 - 0x00007ffc173bf000 	C:\Program Files\Java\jdk1.8.0_201\jre\bin\verify.dll
0x00007ffc13910000 - 0x00007ffc13939000 	C:\Program Files\Java\jdk1.8.0_201\jre\bin\java.dll
0x00007ffc15ad0000 - 0x00007ffc15ae6000 	C:\Program Files\Java\jdk1.8.0_201\jre\bin\zip.dll
0x00007ffc1e370000 - 0x00007ffc1ea57000 	C:\WINDOWS\System32\SHELL32.dll
0x00007ffc1f0f0000 - 0x00007ffc1f199000 	C:\WINDOWS\System32\shcore.dll
0x00007ffc1cdd0000 - 0x00007ffc1d552000 	C:\WINDOWS\System32\windows.storage.dll
0x00007ffc1c450000 - 0x00007ffc1c473000 	C:\WINDOWS\System32\profapi.dll
0x00007ffc1c400000 - 0x00007ffc1c44a000 	C:\WINDOWS\System32\powrprof.dll
0x00007ffc1c3b0000 - 0x00007ffc1c3c0000 	C:\WINDOWS\System32\UMPDC.dll
0x00007ffc1e1a0000 - 0x00007ffc1e1f2000 	C:\WINDOWS\System32\shlwapi.dll
0x00007ffc1c3c0000 - 0x00007ffc1c3d1000 	C:\WINDOWS\System32\kernel.appcore.dll
0x00007ffc1ccb0000 - 0x00007ffc1ccc7000 	C:\WINDOWS\System32\cryptsp.dll

VM Arguments:
java_command: C:\Users\Admin\OneDrive\Documents\finalExamSpringFrameworkM7\finalExamSpringFrameworkM7\target\surefire\surefirebooter1609680442121192122.jar C:\Users\Admin\OneDrive\Documents\finalExamSpringFrameworkM7\finalExamSpringFrameworkM7\target\surefire\surefire8492136906600719646tmp C:\Users\Admin\OneDrive\Documents\finalExamSpringFrameworkM7\finalExamSpringFrameworkM7\target\surefire\surefire_07176889443518539324tmp
java_class_path (initial): C:\Users\Admin\OneDrive\Documents\finalExamSpringFrameworkM7\finalExamSpringFrameworkM7\target\surefire\surefirebooter1609680442121192122.jar
Launcher Type: SUN_STANDARD

Environment Variables:
JAVA_HOME=C:\Program Files\Java\jdk1.8.0_201
PATH=C:\Program Files (x86)\Common Files\Oracle\Java\javapath;C:\Program Files (x86)\Intel\iCLS Client\;C:\Program Files\Intel\iCLS Client\;C:\WINDOWS\system32;C:\WINDOWS;C:\WINDOWS\System32\Wbem;C:\WINDOWS\System32\WindowsPowerShell\v1.0\;C:\Program Files (x86)\Intel\Intel(R) Management Engine Components\DAL;C:\Program Files\Intel\Intel(R) Management Engine Components\DAL;C:\Program Files (x86)\Intel\Intel(R) Management Engine Components\IPT;C:\Program Files\Intel\Intel(R) Management Engine Components\IPT;C:\WINDOWS\System32\OpenSSH\;C:\ProgramData\chocolatey\bin;C:\Program Files\Git\cmd;C:\Program Files\nodejs\;C:\Users\Admin\AppData\Local\Microsoft\WindowsApps;C:\Modeltech_pe_edu_10.4a\win32pe_edu;C:\Program Files\Java\jdk1.8.0_201\bin;C:\Users\Admin\AppData\Roaming\npm
USERNAME=Admin
OS=Windows_NT
PROCESSOR_IDENTIFIER=Intel64 Family 6 Model 142 Stepping 9, GenuineIntel



---------------  S Y S T E M  ---------------

OS: Windows 10.0 , 64 bit Build 18362 (10.0.18362.959)

CPU:total 4 (initial active 4) (2 cores per cpu, 2 threads per core) family 6 model 142 stepping 9, cmov, cx8, fxsr, mmx, sse, sse2, sse3, ssse3, sse4.1, sse4.2, popcnt, avx, avx2, aes, clmul, erms, 3dnowpref, lzcnt, ht, tsc, tscinvbit, bmi1, bmi2, adx

Memory: 4k page, physical 4073152k(586712k free), swap 5404352k(5084k free)

vm_info: Java HotSpot(TM) 64-Bit Server VM (25.201-b09) for windows-amd64 JRE (1.8.0_201-b09), built on Dec 15 2018 18:36:39 by "java_re" with MS VC++ 10.0 (VS2010)

time: Sun Aug 23 20:28:15 2020
timezone: SE Asia Standard Time
elapsed time: 2 seconds (0d 0h 0m 2s)

